{"/Users/isaidou/Documents/MYGES/Projet Annuel/izzzi-backend/src/core/application/handlers/core.handler.ts": {"path":"/Users/isaidou/Documents/MYGES/Projet Annuel/izzzi-backend/src/core/application/handlers/core.handler.ts","statementMap":{"0":{"start":{"line":10,"column":33},"end":{"line":10,"column":55}},"1":{"start":{"line":16,"column":4},"end":{"line":18,"column":6}},"2":{"start":{"line":22,"column":4},"end":{"line":24,"column":6}},"3":{"start":{"line":9,"column":0},"end":{"line":9,"column":22}}},"fnMap":{"0":{"name":"(anonymous_0)","decl":{"start":{"line":10,"column":2},"end":{"line":10,"column":33}},"loc":{"start":{"line":10,"column":55},"end":{"line":10,"column":59}}},"1":{"name":"(anonymous_1)","decl":{"start":{"line":15,"column":12},"end":{"line":15,"column":28}},"loc":{"start":{"line":15,"column":51},"end":{"line":19,"column":3}}},"2":{"name":"(anonymous_2)","decl":{"start":{"line":21,"column":12},"end":{"line":21,"column":33}},"loc":{"start":{"line":21,"column":70},"end":{"line":25,"column":3}}}},"branchMap":{},"s":{"0":0,"1":0,"2":0,"3":27},"f":{"0":0,"1":0,"2":0},"b":{}}
,"/Users/isaidou/Documents/MYGES/Projet Annuel/izzzi-backend/src/core/application/handlers/handler.registry.ts": {"path":"/Users/isaidou/Documents/MYGES/Projet Annuel/izzzi-backend/src/core/application/handlers/handler.registry.ts","statementMap":{"0":{"start":{"line":3,"column":0},"end":{"line":3,"column":66}},"1":{"start":{"line":4,"column":0},"end":{"line":4,"column":62}},"2":{"start":{"line":8,"column":51},"end":{"line":8,"column":60}},"3":{"start":{"line":11,"column":21},"end":{"line":11,"column":44}},"4":{"start":{"line":12,"column":21},"end":{"line":12,"column":43}},"5":{"start":{"line":16,"column":4},"end":{"line":18,"column":5}},"6":{"start":{"line":17,"column":6},"end":{"line":17,"column":39}},"7":{"start":{"line":19,"column":4},"end":{"line":21,"column":7}},"8":{"start":{"line":20,"column":6},"end":{"line":20,"column":36}},"9":{"start":{"line":22,"column":4},"end":{"line":22,"column":48}},"10":{"start":{"line":23,"column":4},"end":{"line":23,"column":67}},"11":{"start":{"line":27,"column":26},"end":{"line":27,"column":61}},"12":{"start":{"line":29,"column":4},"end":{"line":32,"column":5}},"13":{"start":{"line":30,"column":6},"end":{"line":30,"column":69}},"14":{"start":{"line":31,"column":6},"end":{"line":31,"column":13}},"15":{"start":{"line":34,"column":4},"end":{"line":36,"column":6}},"16":{"start":{"line":38,"column":28},"end":{"line":53,"column":6}},"17":{"start":{"line":39,"column":6},"end":{"line":52,"column":7}},"18":{"start":{"line":40,"column":8},"end":{"line":42,"column":9}},"19":{"start":{"line":41,"column":10},"end":{"line":41,"column":38}},"20":{"start":{"line":44,"column":8},"end":{"line":44,"column":79}},"21":{"start":{"line":45,"column":8},"end":{"line":51,"column":10}},"22":{"start":{"line":55,"column":4},"end":{"line":55,"column":46}},"23":{"start":{"line":59,"column":4},"end":{"line":61,"column":7}},"24":{"start":{"line":60,"column":6},"end":{"line":60,"column":36}},"25":{"start":{"line":7,"column":0},"end":{"line":7,"column":13}}},"fnMap":{"0":{"name":"(anonymous_0)","decl":{"start":{"line":10,"column":2},"end":{"line":10,"column":null}},"loc":{"start":{"line":12,"column":43},"end":{"line":13,"column":6}}},"1":{"name":"(anonymous_1)","decl":{"start":{"line":15,"column":2},"end":{"line":15,"column":17}},"loc":{"start":{"line":15,"column":59},"end":{"line":24,"column":3}}},"2":{"name":"(anonymous_2)","decl":{"start":{"line":19,"column":41},"end":{"line":19,"column":46}},"loc":{"start":{"line":19,"column":71},"end":{"line":21,"column":5}}},"3":{"name":"(anonymous_3)","decl":{"start":{"line":26,"column":2},"end":{"line":26,"column":7}},"loc":{"start":{"line":26,"column":39},"end":{"line":56,"column":3}}},"4":{"name":"(anonymous_4)","decl":{"start":{"line":38,"column":46},"end":{"line":38,"column":51}},"loc":{"start":{"line":38,"column":64},"end":{"line":53,"column":5}}},"5":{"name":"(anonymous_5)","decl":{"start":{"line":58,"column":2},"end":{"line":58,"column":8}},"loc":{"start":{"line":58,"column":8},"end":{"line":62,"column":3}}},"6":{"name":"(anonymous_6)","decl":{"start":{"line":59,"column":35},"end":{"line":59,"column":40}},"loc":{"start":{"line":59,"column":65},"end":{"line":61,"column":5}}}},"branchMap":{"0":{"loc":{"start":{"line":16,"column":4},"end":{"line":18,"column":5}},"type":"if","locations":[{"start":{"line":16,"column":4},"end":{"line":18,"column":5}},{"start":{},"end":{}}]},"1":{"loc":{"start":{"line":27,"column":26},"end":{"line":27,"column":61}},"type":"binary-expr","locations":[{"start":{"line":27,"column":26},"end":{"line":27,"column":55}},{"start":{"line":27,"column":59},"end":{"line":27,"column":61}}]},"2":{"loc":{"start":{"line":29,"column":4},"end":{"line":32,"column":5}},"type":"if","locations":[{"start":{"line":29,"column":4},"end":{"line":32,"column":5}},{"start":{},"end":{}}]},"3":{"loc":{"start":{"line":40,"column":8},"end":{"line":42,"column":9}},"type":"if","locations":[{"start":{"line":40,"column":8},"end":{"line":42,"column":9}},{"start":{},"end":{}}]}},"s":{"0":27,"1":27,"2":0,"3":0,"4":0,"5":0,"6":0,"7":0,"8":0,"9":0,"10":0,"11":0,"12":0,"13":0,"14":0,"15":0,"16":0,"17":0,"18":0,"19":0,"20":0,"21":0,"22":0,"23":0,"24":0,"25":27},"f":{"0":0,"1":0,"2":0,"3":0,"4":0,"5":0,"6":0},"b":{"0":[0,0],"1":[0,0],"2":[0,0],"3":[0,0]}}
,"/Users/isaidou/Documents/MYGES/Projet Annuel/izzzi-backend/src/core/application/uses-cases/base.use-case.ts": {"path":"/Users/isaidou/Documents/MYGES/Projet Annuel/izzzi-backend/src/core/application/uses-cases/base.use-case.ts","statementMap":{"0":{"start":{"line":1,"column":0},"end":{"line":1,"column":66}},"1":{"start":{"line":2,"column":0},"end":{"line":2,"column":62}},"2":{"start":{"line":3,"column":0},"end":{"line":3,"column":76}},"3":{"start":{"line":16,"column":4},"end":{"line":16,"column":25}},"4":{"start":{"line":20,"column":4},"end":{"line":28,"column":5}},"5":{"start":{"line":21,"column":6},"end":{"line":26,"column":7}},"6":{"start":{"line":22,"column":8},"end":{"line":25,"column":10}},"7":{"start":{"line":23,"column":34},"end":{"line":23,"column":43}},"8":{"start":{"line":27,"column":6},"end":{"line":27,"column":18}},"9":{"start":{"line":30,"column":22},"end":{"line":34,"column":6}},"10":{"start":{"line":36,"column":21},"end":{"line":41,"column":null}},"11":{"start":{"line":43,"column":4},"end":{"line":46,"column":6}},"12":{"start":{"line":44,"column":33},"end":{"line":44,"column":42}},"13":{"start":{"line":47,"column":4},"end":{"line":47,"column":19}},"14":{"start":{"line":51,"column":4},"end":{"line":51,"column":35}},"15":{"start":{"line":58,"column":4},"end":{"line":58,"column":62}},"16":{"start":{"line":12,"column":0},"end":{"line":12,"column":13}}},"fnMap":{"0":{"name":"(anonymous_0)","decl":{"start":{"line":15,"column":2},"end":{"line":15,"column":14}},"loc":{"start":{"line":15,"column":36},"end":{"line":17,"column":3}}},"1":{"name":"(anonymous_1)","decl":{"start":{"line":19,"column":12},"end":{"line":19,"column":23}},"loc":{"start":{"line":19,"column":38},"end":{"line":48,"column":3}}},"2":{"name":"(anonymous_2)","decl":{"start":{"line":23,"column":27},"end":{"line":23,"column":28}},"loc":{"start":{"line":23,"column":34},"end":{"line":23,"column":43}}},"3":{"name":"(anonymous_3)","decl":{"start":{"line":44,"column":26},"end":{"line":44,"column":27}},"loc":{"start":{"line":44,"column":33},"end":{"line":44,"column":42}}},"4":{"name":"(anonymous_4)","decl":{"start":{"line":50,"column":12},"end":{"line":50,"column":19}},"loc":{"start":{"line":50,"column":30},"end":{"line":52,"column":3}}},"5":{"name":"(anonymous_5)","decl":{"start":{"line":54,"column":12},"end":{"line":54,"column":19}},"loc":{"start":{"line":56,"column":33},"end":{"line":59,"column":3}}}},"branchMap":{"0":{"loc":{"start":{"line":20,"column":4},"end":{"line":28,"column":5}},"type":"if","locations":[{"start":{"line":20,"column":4},"end":{"line":28,"column":5}},{"start":{},"end":{}}]},"1":{"loc":{"start":{"line":21,"column":6},"end":{"line":26,"column":7}},"type":"if","locations":[{"start":{"line":21,"column":6},"end":{"line":26,"column":7}},{"start":{},"end":{}}]},"2":{"loc":{"start":{"line":31,"column":12},"end":{"line":31,"column":59}},"type":"cond-expr","locations":[{"start":{"line":31,"column":37},"end":{"line":31,"column":47}},{"start":{"line":31,"column":50},"end":{"line":31,"column":59}}]},"3":{"loc":{"start":{"line":32,"column":15},"end":{"line":32,"column":69}},"type":"cond-expr","locations":[{"start":{"line":32,"column":40},"end":{"line":32,"column":53}},{"start":{"line":32,"column":56},"end":{"line":32,"column":69}}]},"4":{"loc":{"start":{"line":33,"column":13},"end":{"line":33,"column":61}},"type":"cond-expr","locations":[{"start":{"line":33,"column":38},"end":{"line":33,"column":49}},{"start":{"line":33,"column":52},"end":{"line":33,"column":61}}]}},"s":{"0":27,"1":27,"2":27,"3":81,"4":54,"5":50,"6":2,"7":2,"8":50,"9":4,"10":4,"11":4,"12":4,"13":4,"14":0,"15":0,"16":27},"f":{"0":81,"1":54,"2":2,"3":4,"4":0,"5":0},"b":{"0":[50,4],"1":[2,48],"2":[4,0],"3":[4,0],"4":[4,0]}}
,"/Users/isaidou/Documents/MYGES/Projet Annuel/izzzi-backend/src/core/domain/types.ts": {"path":"/Users/isaidou/Documents/MYGES/Projet Annuel/izzzi-backend/src/core/domain/types.ts","statementMap":{"0":{"start":{"line":1,"column":0},"end":{"line":1,"column":null}},"1":{"start":{"line":2,"column":2},"end":{"line":2,"column":null}},"2":{"start":{"line":3,"column":2},"end":{"line":3,"column":null}},"3":{"start":{"line":4,"column":2},"end":{"line":4,"column":null}}},"fnMap":{"0":{"name":"(anonymous_0)","decl":{"start":{"line":1,"column":0},"end":{"line":1,"column":12}},"loc":{"start":{"line":1,"column":20},"end":{"line":5,"column":1}}}},"branchMap":{"0":{"loc":{"start":{"line":1,"column":12},"end":{"line":1,"column":null}},"type":"binary-expr","locations":[{"start":{"line":1,"column":12},"end":{"line":1,"column":20}},{"start":{"line":1,"column":20},"end":{"line":1,"column":null}}]}},"s":{"0":27,"1":27,"2":27,"3":27},"f":{"0":27},"b":{"0":[27,27]}}
,"/Users/isaidou/Documents/MYGES/Projet Annuel/izzzi-backend/src/core/domain/constants/http-status.constants.ts": {"path":"/Users/isaidou/Documents/MYGES/Projet Annuel/izzzi-backend/src/core/domain/constants/http-status.constants.ts","statementMap":{"0":{"start":{"line":1,"column":13},"end":{"line":16,"column":11}}},"fnMap":{},"branchMap":{},"s":{"0":27},"f":{},"b":{}}
,"/Users/isaidou/Documents/MYGES/Projet Annuel/izzzi-backend/src/core/domain/entities/base.entity.ts": {"path":"/Users/isaidou/Documents/MYGES/Projet Annuel/izzzi-backend/src/core/domain/entities/base.entity.ts","statementMap":{"0":{"start":{"line":1,"column":0},"end":{"line":1,"column":53}},"1":{"start":{"line":9,"column":4},"end":{"line":14,"column":5}},"2":{"start":{"line":10,"column":6},"end":{"line":13,"column":8}},"3":{"start":{"line":23,"column":4},"end":{"line":28,"column":5}},"4":{"start":{"line":24,"column":6},"end":{"line":27,"column":8}},"5":{"start":{"line":37,"column":4},"end":{"line":42,"column":5}},"6":{"start":{"line":38,"column":6},"end":{"line":41,"column":8}},"7":{"start":{"line":46,"column":4},"end":{"line":46,"column":56}},"8":{"start":{"line":3,"column":0},"end":{"line":3,"column":22}}},"fnMap":{"0":{"name":"(anonymous_0)","decl":{"start":{"line":4,"column":12},"end":{"line":4,"column":18}},"loc":{"start":{"line":7,"column":22},"end":{"line":15,"column":3}}},"1":{"name":"(anonymous_1)","decl":{"start":{"line":17,"column":12},"end":{"line":17,"column":18}},"loc":{"start":{"line":21,"column":22},"end":{"line":29,"column":3}}},"2":{"name":"(anonymous_2)","decl":{"start":{"line":31,"column":12},"end":{"line":31,"column":18}},"loc":{"start":{"line":35,"column":22},"end":{"line":43,"column":3}}},"3":{"name":"(anonymous_3)","decl":{"start":{"line":45,"column":10},"end":{"line":45,"column":16}},"loc":{"start":{"line":45,"column":46},"end":{"line":47,"column":3}}}},"branchMap":{"0":{"loc":{"start":{"line":9,"column":4},"end":{"line":14,"column":5}},"type":"if","locations":[{"start":{"line":9,"column":4},"end":{"line":14,"column":5}},{"start":{},"end":{}}]},"1":{"loc":{"start":{"line":9,"column":8},"end":{"line":9,"column":43}},"type":"binary-expr","locations":[{"start":{"line":9,"column":8},"end":{"line":9,"column":14}},{"start":{"line":9,"column":18},"end":{"line":9,"column":43}}]},"2":{"loc":{"start":{"line":11,"column":8},"end":{"line":11,"column":48}},"type":"binary-expr","locations":[{"start":{"line":11,"column":8},"end":{"line":11,"column":17}},{"start":{"line":11,"column":21},"end":{"line":11,"column":48}}]},"3":{"loc":{"start":{"line":23,"column":4},"end":{"line":28,"column":5}},"type":"if","locations":[{"start":{"line":23,"column":4},"end":{"line":28,"column":5}},{"start":{},"end":{}}]},"4":{"loc":{"start":{"line":25,"column":8},"end":{"line":25,"column":48}},"type":"binary-expr","locations":[{"start":{"line":25,"column":8},"end":{"line":25,"column":17}},{"start":{"line":25,"column":21},"end":{"line":25,"column":48}}]},"5":{"loc":{"start":{"line":37,"column":4},"end":{"line":42,"column":5}},"type":"if","locations":[{"start":{"line":37,"column":4},"end":{"line":42,"column":5}},{"start":{},"end":{}}]},"6":{"loc":{"start":{"line":39,"column":8},"end":{"line":39,"column":48}},"type":"binary-expr","locations":[{"start":{"line":39,"column":8},"end":{"line":39,"column":17}},{"start":{"line":39,"column":21},"end":{"line":39,"column":48}}]}},"s":{"0":27,"1":39,"2":1,"3":20,"4":0,"5":0,"6":0,"7":0,"8":27},"f":{"0":39,"1":20,"2":0,"3":0},"b":{"0":[1,38],"1":[39,38],"2":[1,0],"3":[0,20],"4":[0,0],"5":[0,0],"6":[0,0]}}
,"/Users/isaidou/Documents/MYGES/Projet Annuel/izzzi-backend/src/core/domain/errors/application.error.ts": {"path":"/Users/isaidou/Documents/MYGES/Projet Annuel/izzzi-backend/src/core/domain/errors/application.error.ts","statementMap":{"0":{"start":{"line":1,"column":0},"end":{"line":1,"column":65}},"1":{"start":{"line":4,"column":24},"end":{"line":4,"column":27}},"2":{"start":{"line":5,"column":21},"end":{"line":5,"column":25}},"3":{"start":{"line":9,"column":4},"end":{"line":9,"column":19}},"4":{"start":{"line":10,"column":4},"end":{"line":10,"column":47}},"5":{"start":{"line":3,"column":0},"end":{"line":3,"column":13}}},"fnMap":{"0":{"name":"(anonymous_0)","decl":{"start":{"line":8,"column":2},"end":{"line":8,"column":14}},"loc":{"start":{"line":8,"column":77},"end":{"line":11,"column":3}}}},"branchMap":{},"s":{"0":27,"1":6,"2":6,"3":6,"4":6,"5":27},"f":{"0":6},"b":{}}
,"/Users/isaidou/Documents/MYGES/Projet Annuel/izzzi-backend/src/core/domain/errors/code.error.ts": {"path":"/Users/isaidou/Documents/MYGES/Projet Annuel/izzzi-backend/src/core/domain/errors/code.error.ts","statementMap":{"0":{"start":{"line":1,"column":0},"end":{"line":1,"column":null}},"1":{"start":{"line":3,"column":2},"end":{"line":3,"column":null}},"2":{"start":{"line":4,"column":2},"end":{"line":4,"column":null}},"3":{"start":{"line":5,"column":2},"end":{"line":5,"column":null}},"4":{"start":{"line":6,"column":2},"end":{"line":6,"column":null}},"5":{"start":{"line":7,"column":2},"end":{"line":7,"column":null}},"6":{"start":{"line":10,"column":2},"end":{"line":10,"column":null}},"7":{"start":{"line":13,"column":2},"end":{"line":13,"column":null}},"8":{"start":{"line":14,"column":2},"end":{"line":14,"column":null}},"9":{"start":{"line":17,"column":2},"end":{"line":17,"column":null}},"10":{"start":{"line":18,"column":2},"end":{"line":18,"column":null}},"11":{"start":{"line":19,"column":2},"end":{"line":19,"column":null}},"12":{"start":{"line":20,"column":2},"end":{"line":20,"column":null}},"13":{"start":{"line":21,"column":2},"end":{"line":21,"column":null}},"14":{"start":{"line":22,"column":2},"end":{"line":22,"column":null}},"15":{"start":{"line":23,"column":2},"end":{"line":23,"column":null}},"16":{"start":{"line":24,"column":2},"end":{"line":24,"column":null}},"17":{"start":{"line":25,"column":2},"end":{"line":25,"column":null}},"18":{"start":{"line":26,"column":2},"end":{"line":26,"column":null}},"19":{"start":{"line":27,"column":2},"end":{"line":27,"column":null}},"20":{"start":{"line":28,"column":2},"end":{"line":28,"column":null}},"21":{"start":{"line":29,"column":2},"end":{"line":29,"column":null}},"22":{"start":{"line":30,"column":2},"end":{"line":30,"column":null}},"23":{"start":{"line":32,"column":2},"end":{"line":32,"column":null}},"24":{"start":{"line":33,"column":2},"end":{"line":33,"column":null}},"25":{"start":{"line":34,"column":2},"end":{"line":34,"column":null}},"26":{"start":{"line":35,"column":2},"end":{"line":35,"column":null}},"27":{"start":{"line":36,"column":2},"end":{"line":36,"column":null}},"28":{"start":{"line":37,"column":2},"end":{"line":37,"column":null}},"29":{"start":{"line":38,"column":2},"end":{"line":38,"column":null}},"30":{"start":{"line":39,"column":2},"end":{"line":39,"column":null}},"31":{"start":{"line":41,"column":2},"end":{"line":41,"column":null}},"32":{"start":{"line":42,"column":2},"end":{"line":42,"column":null}},"33":{"start":{"line":43,"column":2},"end":{"line":43,"column":null}},"34":{"start":{"line":46,"column":2},"end":{"line":46,"column":null}},"35":{"start":{"line":47,"column":2},"end":{"line":47,"column":null}},"36":{"start":{"line":48,"column":2},"end":{"line":48,"column":null}},"37":{"start":{"line":49,"column":2},"end":{"line":49,"column":null}},"38":{"start":{"line":50,"column":2},"end":{"line":50,"column":null}},"39":{"start":{"line":51,"column":2},"end":{"line":51,"column":null}},"40":{"start":{"line":52,"column":2},"end":{"line":52,"column":null}},"41":{"start":{"line":55,"column":2},"end":{"line":55,"column":null}},"42":{"start":{"line":56,"column":2},"end":{"line":56,"column":null}},"43":{"start":{"line":57,"column":2},"end":{"line":57,"column":null}},"44":{"start":{"line":58,"column":2},"end":{"line":58,"column":null}},"45":{"start":{"line":59,"column":2},"end":{"line":59,"column":null}},"46":{"start":{"line":60,"column":2},"end":{"line":60,"column":null}},"47":{"start":{"line":61,"column":2},"end":{"line":61,"column":null}},"48":{"start":{"line":62,"column":2},"end":{"line":62,"column":null}},"49":{"start":{"line":63,"column":2},"end":{"line":63,"column":null}},"50":{"start":{"line":64,"column":2},"end":{"line":64,"column":null}},"51":{"start":{"line":65,"column":2},"end":{"line":65,"column":null}},"52":{"start":{"line":66,"column":2},"end":{"line":66,"column":null}},"53":{"start":{"line":69,"column":2},"end":{"line":69,"column":null}},"54":{"start":{"line":70,"column":2},"end":{"line":70,"column":null}},"55":{"start":{"line":71,"column":2},"end":{"line":71,"column":null}},"56":{"start":{"line":72,"column":2},"end":{"line":72,"column":null}},"57":{"start":{"line":73,"column":2},"end":{"line":73,"column":null}},"58":{"start":{"line":74,"column":2},"end":{"line":74,"column":null}},"59":{"start":{"line":75,"column":2},"end":{"line":75,"column":null}},"60":{"start":{"line":76,"column":2},"end":{"line":76,"column":null}},"61":{"start":{"line":77,"column":2},"end":{"line":77,"column":null}},"62":{"start":{"line":80,"column":2},"end":{"line":80,"column":null}},"63":{"start":{"line":81,"column":2},"end":{"line":81,"column":null}},"64":{"start":{"line":82,"column":2},"end":{"line":82,"column":null}},"65":{"start":{"line":83,"column":2},"end":{"line":83,"column":null}},"66":{"start":{"line":84,"column":2},"end":{"line":84,"column":null}},"67":{"start":{"line":85,"column":2},"end":{"line":85,"column":null}},"68":{"start":{"line":88,"column":2},"end":{"line":88,"column":null}},"69":{"start":{"line":89,"column":2},"end":{"line":89,"column":null}},"70":{"start":{"line":90,"column":2},"end":{"line":90,"column":null}},"71":{"start":{"line":91,"column":2},"end":{"line":91,"column":null}},"72":{"start":{"line":94,"column":2},"end":{"line":94,"column":null}},"73":{"start":{"line":95,"column":2},"end":{"line":95,"column":null}},"74":{"start":{"line":96,"column":2},"end":{"line":96,"column":null}},"75":{"start":{"line":97,"column":2},"end":{"line":97,"column":null}},"76":{"start":{"line":98,"column":2},"end":{"line":98,"column":null}},"77":{"start":{"line":99,"column":2},"end":{"line":99,"column":null}},"78":{"start":{"line":100,"column":2},"end":{"line":100,"column":null}},"79":{"start":{"line":103,"column":2},"end":{"line":103,"column":null}},"80":{"start":{"line":104,"column":2},"end":{"line":104,"column":null}},"81":{"start":{"line":105,"column":2},"end":{"line":105,"column":null}},"82":{"start":{"line":106,"column":2},"end":{"line":106,"column":null}},"83":{"start":{"line":107,"column":2},"end":{"line":107,"column":null}},"84":{"start":{"line":108,"column":2},"end":{"line":108,"column":null}},"85":{"start":{"line":109,"column":2},"end":{"line":109,"column":null}},"86":{"start":{"line":110,"column":2},"end":{"line":110,"column":null}},"87":{"start":{"line":111,"column":2},"end":{"line":111,"column":null}},"88":{"start":{"line":112,"column":2},"end":{"line":112,"column":null}},"89":{"start":{"line":114,"column":2},"end":{"line":114,"column":null}},"90":{"start":{"line":117,"column":2},"end":{"line":117,"column":null}},"91":{"start":{"line":118,"column":2},"end":{"line":118,"column":null}},"92":{"start":{"line":119,"column":2},"end":{"line":119,"column":null}},"93":{"start":{"line":120,"column":2},"end":{"line":120,"column":null}},"94":{"start":{"line":121,"column":2},"end":{"line":121,"column":null}},"95":{"start":{"line":122,"column":2},"end":{"line":122,"column":null}},"96":{"start":{"line":123,"column":2},"end":{"line":123,"column":null}},"97":{"start":{"line":124,"column":2},"end":{"line":124,"column":null}},"98":{"start":{"line":125,"column":2},"end":{"line":125,"column":null}}},"fnMap":{"0":{"name":"(anonymous_0)","decl":{"start":{"line":1,"column":0},"end":{"line":1,"column":12}},"loc":{"start":{"line":1,"column":21},"end":{"line":126,"column":1}}}},"branchMap":{"0":{"loc":{"start":{"line":1,"column":12},"end":{"line":1,"column":null}},"type":"binary-expr","locations":[{"start":{"line":1,"column":12},"end":{"line":1,"column":21}},{"start":{"line":1,"column":21},"end":{"line":1,"column":null}}]}},"s":{"0":27,"1":27,"2":27,"3":27,"4":27,"5":27,"6":27,"7":27,"8":27,"9":27,"10":27,"11":27,"12":27,"13":27,"14":27,"15":27,"16":27,"17":27,"18":27,"19":27,"20":27,"21":27,"22":27,"23":27,"24":27,"25":27,"26":27,"27":27,"28":27,"29":27,"30":27,"31":27,"32":27,"33":27,"34":27,"35":27,"36":27,"37":27,"38":27,"39":27,"40":27,"41":27,"42":27,"43":27,"44":27,"45":27,"46":27,"47":27,"48":27,"49":27,"50":27,"51":27,"52":27,"53":27,"54":27,"55":27,"56":27,"57":27,"58":27,"59":27,"60":27,"61":27,"62":27,"63":27,"64":27,"65":27,"66":27,"67":27,"68":27,"69":27,"70":27,"71":27,"72":27,"73":27,"74":27,"75":27,"76":27,"77":27,"78":27,"79":27,"80":27,"81":27,"82":27,"83":27,"84":27,"85":27,"86":27,"87":27,"88":27,"89":27,"90":27,"91":27,"92":27,"93":27,"94":27,"95":27,"96":27,"97":27,"98":27},"f":{"0":27},"b":{"0":[27,27]}}
,"/Users/isaidou/Documents/MYGES/Projet Annuel/izzzi-backend/src/core/domain/errors/custom.error.ts": {"path":"/Users/isaidou/Documents/MYGES/Projet Annuel/izzzi-backend/src/core/domain/errors/custom.error.ts","statementMap":{"0":{"start":{"line":13,"column":4},"end":{"line":13,"column":19}},"1":{"start":{"line":14,"column":4},"end":{"line":14,"column":54}},"2":{"start":{"line":7,"column":0},"end":{"line":7,"column":22}}},"fnMap":{"0":{"name":"(anonymous_0)","decl":{"start":{"line":12,"column":2},"end":{"line":12,"column":14}},"loc":{"start":{"line":12,"column":29},"end":{"line":15,"column":3}}}},"branchMap":{},"s":{"0":102,"1":102,"2":27},"f":{"0":102},"b":{}}
,"/Users/isaidou/Documents/MYGES/Projet Annuel/izzzi-backend/src/core/domain/errors/domain.error.ts": {"path":"/Users/isaidou/Documents/MYGES/Projet Annuel/izzzi-backend/src/core/domain/errors/domain.error.ts","statementMap":{"0":{"start":{"line":1,"column":0},"end":{"line":1,"column":65}},"1":{"start":{"line":2,"column":0},"end":{"line":2,"column":65}},"2":{"start":{"line":6,"column":21},"end":{"line":6,"column":26}},"3":{"start":{"line":15,"column":4},"end":{"line":15,"column":19}},"4":{"start":{"line":16,"column":4},"end":{"line":16,"column":33}},"5":{"start":{"line":17,"column":4},"end":{"line":17,"column":47}},"6":{"start":{"line":4,"column":0},"end":{"line":4,"column":13}}},"fnMap":{"0":{"name":"(anonymous_0)","decl":{"start":{"line":9,"column":2},"end":{"line":9,"column":null}},"loc":{"start":{"line":13,"column":48},"end":{"line":18,"column":3}}}},"branchMap":{"0":{"loc":{"start":{"line":13,"column":4},"end":{"line":13,"column":48}},"type":"default-arg","locations":[{"start":{"line":13,"column":25},"end":{"line":13,"column":48}}]}},"s":{"0":27,"1":27,"2":96,"3":96,"4":96,"5":96,"6":27},"f":{"0":96},"b":{"0":[93]}}
,"/Users/isaidou/Documents/MYGES/Projet Annuel/izzzi-backend/src/core/domain/value-objects/email.vo.ts": {"path":"/Users/isaidou/Documents/MYGES/Projet Annuel/izzzi-backend/src/core/domain/value-objects/email.vo.ts","statementMap":{"0":{"start":{"line":1,"column":0},"end":{"line":1,"column":50}},"1":{"start":{"line":7,"column":4},"end":{"line":7,"column":24}},"2":{"start":{"line":11,"column":4},"end":{"line":13,"column":5}},"3":{"start":{"line":12,"column":6},"end":{"line":12,"column":78}},"4":{"start":{"line":15,"column":23},"end":{"line":15,"column":44}},"5":{"start":{"line":16,"column":4},"end":{"line":16,"column":30}},"6":{"start":{"line":18,"column":4},"end":{"line":18,"column":33}},"7":{"start":{"line":22,"column":4},"end":{"line":22,"column":38}},"8":{"start":{"line":27,"column":6},"end":{"line":27,"column":143}},"9":{"start":{"line":29,"column":4},"end":{"line":31,"column":5}},"10":{"start":{"line":30,"column":6},"end":{"line":30,"column":80}},"11":{"start":{"line":33,"column":4},"end":{"line":38,"column":5}},"12":{"start":{"line":34,"column":6},"end":{"line":37,"column":8}},"13":{"start":{"line":40,"column":32},"end":{"line":40,"column":48}},"14":{"start":{"line":42,"column":4},"end":{"line":47,"column":5}},"15":{"start":{"line":43,"column":6},"end":{"line":46,"column":8}},"16":{"start":{"line":49,"column":4},"end":{"line":54,"column":5}},"17":{"start":{"line":50,"column":6},"end":{"line":53,"column":8}},"18":{"start":{"line":56,"column":4},"end":{"line":61,"column":5}},"19":{"start":{"line":57,"column":6},"end":{"line":60,"column":8}},"20":{"start":{"line":63,"column":4},"end":{"line":68,"column":5}},"21":{"start":{"line":64,"column":6},"end":{"line":67,"column":8}},"22":{"start":{"line":72,"column":4},"end":{"line":72,"column":23}},"23":{"start":{"line":76,"column":4},"end":{"line":76,"column":37}},"24":{"start":{"line":80,"column":4},"end":{"line":80,"column":37}},"25":{"start":{"line":84,"column":4},"end":{"line":84,"column":48}},"26":{"start":{"line":88,"column":28},"end":{"line":88,"column":50}},"27":{"start":{"line":89,"column":30},"end":{"line":89,"column":47}},"28":{"start":{"line":92,"column":6},"end":{"line":94,"column":26}},"29":{"start":{"line":97,"column":6},"end":{"line":99,"column":31}},"30":{"start":{"line":101,"column":4},"end":{"line":101,"column":51}},"31":{"start":{"line":105,"column":4},"end":{"line":105,"column":29}},"32":{"start":{"line":105,"column":16},"end":{"line":105,"column":29}},"33":{"start":{"line":106,"column":4},"end":{"line":106,"column":40}},"34":{"start":{"line":110,"column":4},"end":{"line":110,"column":23}},"35":{"start":{"line":114,"column":4},"end":{"line":114,"column":23}},"36":{"start":{"line":3,"column":0},"end":{"line":3,"column":13}}},"fnMap":{"0":{"name":"(anonymous_0)","decl":{"start":{"line":6,"column":2},"end":{"line":6,"column":22}},"loc":{"start":{"line":6,"column":35},"end":{"line":8,"column":3}}},"1":{"name":"(anonymous_1)","decl":{"start":{"line":10,"column":9},"end":{"line":10,"column":15}},"loc":{"start":{"line":10,"column":36},"end":{"line":19,"column":3}}},"2":{"name":"(anonymous_2)","decl":{"start":{"line":21,"column":10},"end":{"line":21,"column":16}},"loc":{"start":{"line":21,"column":40},"end":{"line":23,"column":3}}},"3":{"name":"(anonymous_3)","decl":{"start":{"line":25,"column":10},"end":{"line":25,"column":16}},"loc":{"start":{"line":25,"column":39},"end":{"line":69,"column":3}}},"4":{"name":"(anonymous_4)","decl":{"start":{"line":71,"column":2},"end":{"line":71,"column":6}},"loc":{"start":{"line":71,"column":11},"end":{"line":73,"column":3}}},"5":{"name":"(anonymous_5)","decl":{"start":{"line":75,"column":2},"end":{"line":75,"column":6}},"loc":{"start":{"line":75,"column":15},"end":{"line":77,"column":3}}},"6":{"name":"(anonymous_6)","decl":{"start":{"line":79,"column":2},"end":{"line":79,"column":6}},"loc":{"start":{"line":79,"column":12},"end":{"line":81,"column":3}}},"7":{"name":"(anonymous_7)","decl":{"start":{"line":83,"column":2},"end":{"line":83,"column":14}},"loc":{"start":{"line":83,"column":29},"end":{"line":85,"column":3}}},"8":{"name":"(anonymous_8)","decl":{"start":{"line":87,"column":2},"end":{"line":87,"column":11}},"loc":{"start":{"line":87,"column":11},"end":{"line":102,"column":3}}},"9":{"name":"(anonymous_9)","decl":{"start":{"line":104,"column":2},"end":{"line":104,"column":8}},"loc":{"start":{"line":104,"column":21},"end":{"line":107,"column":3}}},"10":{"name":"(anonymous_10)","decl":{"start":{"line":109,"column":2},"end":{"line":109,"column":10}},"loc":{"start":{"line":109,"column":10},"end":{"line":111,"column":3}}},"11":{"name":"(anonymous_11)","decl":{"start":{"line":113,"column":2},"end":{"line":113,"column":8}},"loc":{"start":{"line":113,"column":8},"end":{"line":115,"column":3}}}},"branchMap":{"0":{"loc":{"start":{"line":11,"column":4},"end":{"line":13,"column":5}},"type":"if","locations":[{"start":{"line":11,"column":4},"end":{"line":13,"column":5}},{"start":{},"end":{}}]},"1":{"loc":{"start":{"line":29,"column":4},"end":{"line":31,"column":5}},"type":"if","locations":[{"start":{"line":29,"column":4},"end":{"line":31,"column":5}},{"start":{},"end":{}}]},"2":{"loc":{"start":{"line":33,"column":4},"end":{"line":38,"column":5}},"type":"if","locations":[{"start":{"line":33,"column":4},"end":{"line":38,"column":5}},{"start":{},"end":{}}]},"3":{"loc":{"start":{"line":42,"column":4},"end":{"line":47,"column":5}},"type":"if","locations":[{"start":{"line":42,"column":4},"end":{"line":47,"column":5}},{"start":{},"end":{}}]},"4":{"loc":{"start":{"line":49,"column":4},"end":{"line":54,"column":5}},"type":"if","locations":[{"start":{"line":49,"column":4},"end":{"line":54,"column":5}},{"start":{},"end":{}}]},"5":{"loc":{"start":{"line":56,"column":4},"end":{"line":61,"column":5}},"type":"if","locations":[{"start":{"line":56,"column":4},"end":{"line":61,"column":5}},{"start":{},"end":{}}]},"6":{"loc":{"start":{"line":63,"column":4},"end":{"line":68,"column":5}},"type":"if","locations":[{"start":{"line":63,"column":4},"end":{"line":68,"column":5}},{"start":{},"end":{}}]},"7":{"loc":{"start":{"line":63,"column":8},"end":{"line":63,"column":60}},"type":"binary-expr","locations":[{"start":{"line":63,"column":8},"end":{"line":63,"column":33}},{"start":{"line":63,"column":37},"end":{"line":63,"column":60}}]},"8":{"loc":{"start":{"line":92,"column":6},"end":{"line":94,"column":26}},"type":"cond-expr","locations":[{"start":{"line":93,"column":10},"end":{"line":93,"column":80}},{"start":{"line":94,"column":10},"end":{"line":94,"column":26}}]},"9":{"loc":{"start":{"line":97,"column":6},"end":{"line":99,"column":31}},"type":"cond-expr","locations":[{"start":{"line":98,"column":10},"end":{"line":98,"column":90}},{"start":{"line":99,"column":10},"end":{"line":99,"column":31}}]},"10":{"loc":{"start":{"line":105,"column":4},"end":{"line":105,"column":29}},"type":"if","locations":[{"start":{"line":105,"column":4},"end":{"line":105,"column":29}},{"start":{},"end":{}}]}},"s":{"0":27,"1":45,"2":63,"3":2,"4":61,"5":61,"6":45,"7":61,"8":61,"9":61,"10":10,"11":51,"12":2,"13":49,"14":49,"15":2,"16":47,"17":2,"18":45,"19":0,"20":45,"21":0,"22":22,"23":2,"24":6,"25":4,"26":8,"27":8,"28":8,"29":8,"30":8,"31":5,"32":2,"33":3,"34":1,"35":1,"36":27},"f":{"0":45,"1":63,"2":61,"3":61,"4":22,"5":2,"6":6,"7":4,"8":8,"9":5,"10":1,"11":1},"b":{"0":[2,61],"1":[10,51],"2":[2,49],"3":[2,47],"4":[2,45],"5":[0,45],"6":[0,45],"7":[45,45],"8":[6,2],"9":[7,1],"10":[2,3]}}
,"/Users/isaidou/Documents/MYGES/Projet Annuel/izzzi-backend/src/core/infrastructure/exceptions/exception.filter.ts": {"path":"/Users/isaidou/Documents/MYGES/Projet Annuel/izzzi-backend/src/core/infrastructure/exceptions/exception.filter.ts","statementMap":{"0":{"start":{"line":1,"column":0},"end":{"line":1,"column":null}},"1":{"start":{"line":10,"column":0},"end":{"line":10,"column":66}},"2":{"start":{"line":11,"column":0},"end":{"line":11,"column":59}},"3":{"start":{"line":14,"column":7},"end":{"line":82,"column":null}},"4":{"start":{"line":15,"column":31},"end":{"line":15,"column":39}},"5":{"start":{"line":18,"column":16},"end":{"line":18,"column":35}},"6":{"start":{"line":19,"column":21},"end":{"line":19,"column":48}},"7":{"start":{"line":20,"column":20},"end":{"line":20,"column":45}},"8":{"start":{"line":22,"column":4},"end":{"line":42,"column":5}},"9":{"start":{"line":23,"column":21},"end":{"line":23,"column":77}},"10":{"start":{"line":24,"column":6},"end":{"line":41,"column":9}},"11":{"start":{"line":31,"column":12},"end":{"line":33,"column":41}},"12":{"start":{"line":36,"column":50},"end":{"line":40,"column":10}},"13":{"start":{"line":44,"column":4},"end":{"line":67,"column":5}},"14":{"start":{"line":45,"column":21},"end":{"line":45,"column":42}},"15":{"start":{"line":46,"column":18},"end":{"line":46,"column":null}},"16":{"start":{"line":50,"column":6},"end":{"line":58,"column":7}},"17":{"start":{"line":51,"column":8},"end":{"line":57,"column":11}},"18":{"start":{"line":60,"column":6},"end":{"line":66,"column":9}},"19":{"start":{"line":69,"column":19},"end":{"line":69,"column":51}},"20":{"start":{"line":70,"column":4},"end":{"line":73,"column":6}},"21":{"start":{"line":74,"column":4},"end":{"line":80,"column":7}},"22":{"start":{"line":14,"column":13},"end":{"line":14,"column":32}},"23":{"start":{"line":14,"column":13},"end":{"line":82,"column":null}}},"fnMap":{"0":{"name":"(anonymous_2)","decl":{"start":{"line":15,"column":2},"end":{"line":15,"column":31}},"loc":{"start":{"line":15,"column":52},"end":{"line":15,"column":56}}},"1":{"name":"(anonymous_3)","decl":{"start":{"line":17,"column":2},"end":{"line":17,"column":7}},"loc":{"start":{"line":17,"column":47},"end":{"line":81,"column":3}}},"2":{"name":"(anonymous_4)","decl":{"start":{"line":30,"column":16},"end":{"line":30,"column":17}},"loc":{"start":{"line":31,"column":12},"end":{"line":33,"column":41}}},"3":{"name":"(anonymous_5)","decl":{"start":{"line":36,"column":38},"end":{"line":36,"column":39}},"loc":{"start":{"line":36,"column":50},"end":{"line":40,"column":10}}}},"branchMap":{"0":{"loc":{"start":{"line":22,"column":4},"end":{"line":42,"column":5}},"type":"if","locations":[{"start":{"line":22,"column":4},"end":{"line":42,"column":5}},{"start":{},"end":{}}]},"1":{"loc":{"start":{"line":23,"column":21},"end":{"line":23,"column":77}},"type":"binary-expr","locations":[{"start":{"line":23,"column":21},"end":{"line":23,"column":41}},{"start":{"line":23,"column":45},"end":{"line":23,"column":77}}]},"2":{"loc":{"start":{"line":31,"column":12},"end":{"line":33,"column":41}},"type":"cond-expr","locations":[{"start":{"line":32,"column":16},"end":{"line":32,"column":25}},{"start":{"line":33,"column":16},"end":{"line":33,"column":41}}]},"3":{"loc":{"start":{"line":44,"column":4},"end":{"line":67,"column":5}},"type":"if","locations":[{"start":{"line":44,"column":4},"end":{"line":67,"column":5}},{"start":{},"end":{}}]},"4":{"loc":{"start":{"line":50,"column":6},"end":{"line":58,"column":7}},"type":"if","locations":[{"start":{"line":50,"column":6},"end":{"line":58,"column":7}},{"start":{},"end":{}}]},"5":{"loc":{"start":{"line":15,"column":39},"end":{"line":15,"column":55}},"type":"cond-expr","locations":[{"start":{"line":15,"column":52},"end":{"line":15,"column":55}},{"start":{"line":15,"column":52},"end":{"line":15,"column":55}}]},"6":{"loc":{"start":{"line":15,"column":39},"end":{"line":15,"column":52}},"type":"binary-expr","locations":[{"start":{"line":15,"column":39},"end":{"line":15,"column":55}},{"start":{"line":15,"column":39},"end":{"line":15,"column":52}}]}},"s":{"0":27,"1":27,"2":27,"3":27,"4":0,"5":0,"6":0,"7":0,"8":0,"9":0,"10":0,"11":0,"12":0,"13":0,"14":0,"15":0,"16":0,"17":0,"18":0,"19":0,"20":0,"21":0,"22":27,"23":27},"f":{"0":0,"1":0,"2":0,"3":0},"b":{"0":[0,0],"1":[0,0],"2":[0,0],"3":[0,0],"4":[0,0],"5":[27,0],"6":[27,27]}}
,"/Users/isaidou/Documents/MYGES/Projet Annuel/izzzi-backend/src/core/infrastructure/interceptors/request.interceptor.ts": {"path":"/Users/isaidou/Documents/MYGES/Projet Annuel/izzzi-backend/src/core/infrastructure/interceptors/request.interceptor.ts","statementMap":{"0":{"start":{"line":1,"column":0},"end":{"line":1,"column":null}},"1":{"start":{"line":7,"column":0},"end":{"line":7,"column":39}},"2":{"start":{"line":8,"column":0},"end":{"line":8,"column":41}},"3":{"start":{"line":11,"column":7},"end":{"line":31,"column":null}},"4":{"start":{"line":12,"column":31},"end":{"line":12,"column":39}},"5":{"start":{"line":14,"column":16},"end":{"line":14,"column":47}},"6":{"start":{"line":15,"column":16},"end":{"line":15,"column":48}},"7":{"start":{"line":16,"column":28},"end":{"line":16,"column":31}},"8":{"start":{"line":17,"column":18},"end":{"line":17,"column":28}},"9":{"start":{"line":18,"column":4},"end":{"line":29,"column":6}},"10":{"start":{"line":21,"column":21},"end":{"line":21,"column":39}},"11":{"start":{"line":22,"column":10},"end":{"line":22,"column":75}},"12":{"start":{"line":25,"column":21},"end":{"line":25,"column":39}},"13":{"start":{"line":26,"column":10},"end":{"line":26,"column":65}},"14":{"start":{"line":11,"column":13},"end":{"line":11,"column":38}},"15":{"start":{"line":11,"column":13},"end":{"line":31,"column":null}}},"fnMap":{"0":{"name":"(anonymous_2)","decl":{"start":{"line":12,"column":2},"end":{"line":12,"column":31}},"loc":{"start":{"line":12,"column":52},"end":{"line":12,"column":56}}},"1":{"name":"(anonymous_3)","decl":{"start":{"line":13,"column":2},"end":{"line":13,"column":11}},"loc":{"start":{"line":13,"column":52},"end":{"line":30,"column":3}}},"2":{"name":"(anonymous_4)","decl":{"start":{"line":20,"column":14},"end":{"line":20,"column":17}},"loc":{"start":{"line":20,"column":19},"end":{"line":23,"column":9}}},"3":{"name":"(anonymous_5)","decl":{"start":{"line":24,"column":15},"end":{"line":24,"column":18}},"loc":{"start":{"line":24,"column":20},"end":{"line":27,"column":9}}}},"branchMap":{"0":{"loc":{"start":{"line":12,"column":39},"end":{"line":12,"column":55}},"type":"cond-expr","locations":[{"start":{"line":12,"column":52},"end":{"line":12,"column":55}},{"start":{"line":12,"column":52},"end":{"line":12,"column":55}}]},"1":{"loc":{"start":{"line":12,"column":39},"end":{"line":12,"column":52}},"type":"binary-expr","locations":[{"start":{"line":12,"column":39},"end":{"line":12,"column":55}},{"start":{"line":12,"column":39},"end":{"line":12,"column":52}}]}},"s":{"0":27,"1":27,"2":27,"3":27,"4":0,"5":0,"6":0,"7":0,"8":0,"9":0,"10":0,"11":0,"12":0,"13":0,"14":27,"15":27},"f":{"0":0,"1":0,"2":0,"3":0},"b":{"0":[27,0],"1":[27,27]}}
,"/Users/isaidou/Documents/MYGES/Projet Annuel/izzzi-backend/src/core/infrastructure/services/cache-store.adapter.ts": {"path":"/Users/isaidou/Documents/MYGES/Projet Annuel/izzzi-backend/src/core/infrastructure/services/cache-store.adapter.ts","statementMap":{"0":{"start":{"line":2,"column":0},"end":{"line":2,"column":52}},"1":{"start":{"line":3,"column":0},"end":{"line":3,"column":54}},"2":{"start":{"line":7,"column":7},"end":{"line":38,"column":null}},"3":{"start":{"line":8,"column":45},"end":{"line":8,"column":64}},"4":{"start":{"line":11,"column":4},"end":{"line":11,"column":49}},"5":{"start":{"line":15,"column":4},"end":{"line":15,"column":47}},"6":{"start":{"line":19,"column":4},"end":{"line":19,"column":37}},"7":{"start":{"line":23,"column":4},"end":{"line":23,"column":36}},"8":{"start":{"line":27,"column":18},"end":{"line":27,"column":50}},"9":{"start":{"line":28,"column":4},"end":{"line":28,"column":31}},"10":{"start":{"line":32,"column":4},"end":{"line":32,"column":80}},"11":{"start":{"line":32,"column":52},"end":{"line":32,"column":77}},"12":{"start":{"line":36,"column":4},"end":{"line":36,"column":66}},"13":{"start":{"line":36,"column":47},"end":{"line":36,"column":63}},"14":{"start":{"line":7,"column":13},"end":{"line":7,"column":30}},"15":{"start":{"line":7,"column":13},"end":{"line":38,"column":null}}},"fnMap":{"0":{"name":"(anonymous_4)","decl":{"start":{"line":8,"column":2},"end":{"line":8,"column":15}},"loc":{"start":{"line":8,"column":64},"end":{"line":8,"column":68}}},"1":{"name":"(anonymous_5)","decl":{"start":{"line":10,"column":2},"end":{"line":10,"column":7}},"loc":{"start":{"line":10,"column":56},"end":{"line":12,"column":3}}},"2":{"name":"(anonymous_6)","decl":{"start":{"line":14,"column":2},"end":{"line":14,"column":7}},"loc":{"start":{"line":14,"column":32},"end":{"line":16,"column":3}}},"3":{"name":"(anonymous_7)","decl":{"start":{"line":18,"column":2},"end":{"line":18,"column":7}},"loc":{"start":{"line":18,"column":23},"end":{"line":20,"column":3}}},"4":{"name":"(anonymous_8)","decl":{"start":{"line":22,"column":2},"end":{"line":22,"column":7}},"loc":{"start":{"line":22,"column":13},"end":{"line":24,"column":3}}},"5":{"name":"(anonymous_9)","decl":{"start":{"line":26,"column":2},"end":{"line":26,"column":7}},"loc":{"start":{"line":26,"column":23},"end":{"line":29,"column":3}}},"6":{"name":"(anonymous_10)","decl":{"start":{"line":31,"column":2},"end":{"line":31,"column":7}},"loc":{"start":{"line":31,"column":56},"end":{"line":33,"column":3}}},"7":{"name":"(anonymous_11)","decl":{"start":{"line":32,"column":34},"end":{"line":32,"column":35}},"loc":{"start":{"line":32,"column":52},"end":{"line":32,"column":77}}},"8":{"name":"(anonymous_12)","decl":{"start":{"line":35,"column":2},"end":{"line":35,"column":7}},"loc":{"start":{"line":35,"column":39},"end":{"line":37,"column":3}}},"9":{"name":"(anonymous_13)","decl":{"start":{"line":36,"column":38},"end":{"line":36,"column":39}},"loc":{"start":{"line":36,"column":47},"end":{"line":36,"column":63}}}},"branchMap":{},"s":{"0":0,"1":0,"2":0,"3":0,"4":0,"5":0,"6":0,"7":0,"8":0,"9":0,"10":0,"11":0,"12":0,"13":0,"14":0,"15":0},"f":{"0":0,"1":0,"2":0,"3":0,"4":0,"5":0,"6":0,"7":0,"8":0,"9":0},"b":{}}
,"/Users/isaidou/Documents/MYGES/Projet Annuel/izzzi-backend/src/core/infrastructure/services/event.store.ts": {"path":"/Users/isaidou/Documents/MYGES/Projet Annuel/izzzi-backend/src/core/infrastructure/services/event.store.ts","statementMap":{"0":{"start":{"line":1,"column":0},"end":{"line":1,"column":44}},"1":{"start":{"line":2,"column":0},"end":{"line":2,"column":39}},"2":{"start":{"line":3,"column":0},"end":{"line":3,"column":45}},"3":{"start":{"line":8,"column":7},"end":{"line":39,"column":null}},"4":{"start":{"line":9,"column":43},"end":{"line":9,"column":45}},"5":{"start":{"line":10,"column":34},"end":{"line":10,"column":38}},"6":{"start":{"line":12,"column":53},"end":{"line":12,"column":65}},"7":{"start":{"line":15,"column":4},"end":{"line":15,"column":28}},"8":{"start":{"line":16,"column":4},"end":{"line":21,"column":7}},"9":{"start":{"line":28,"column":4},"end":{"line":37,"column":5}},"10":{"start":{"line":29,"column":25},"end":{"line":29,"column":56}},"11":{"start":{"line":30,"column":6},"end":{"line":36,"column":8}},"12":{"start":{"line":33,"column":10},"end":{"line":33,"column":50}},"13":{"start":{"line":8,"column":13},"end":{"line":8,"column":23}},"14":{"start":{"line":8,"column":13},"end":{"line":39,"column":null}}},"fnMap":{"0":{"name":"(anonymous_4)","decl":{"start":{"line":12,"column":2},"end":{"line":12,"column":15}},"loc":{"start":{"line":12,"column":70},"end":{"line":12,"column":74}}},"1":{"name":"(anonymous_5)","decl":{"start":{"line":14,"column":2},"end":{"line":14,"column":7}},"loc":{"start":{"line":14,"column":35},"end":{"line":22,"column":3}}},"2":{"name":"(anonymous_6)","decl":{"start":{"line":24,"column":2},"end":{"line":24,"column":7}},"loc":{"start":{"line":26,"column":42},"end":{"line":38,"column":3}}},"3":{"name":"(anonymous_7)","decl":{"start":{"line":32,"column":8},"end":{"line":32,"column":13}},"loc":{"start":{"line":32,"column":22},"end":{"line":34,"column":9}}}},"branchMap":{"0":{"loc":{"start":{"line":28,"column":4},"end":{"line":37,"column":5}},"type":"if","locations":[{"start":{"line":28,"column":4},"end":{"line":37,"column":5}},{"start":{},"end":{}}]},"1":{"loc":{"start":{"line":12,"column":65},"end":{"line":12,"column":73}},"type":"cond-expr","locations":[{"start":{"line":12,"column":70},"end":{"line":12,"column":73}},{"start":{"line":12,"column":70},"end":{"line":12,"column":73}}]},"2":{"loc":{"start":{"line":12,"column":65},"end":{"line":12,"column":70}},"type":"binary-expr","locations":[{"start":{"line":12,"column":65},"end":{"line":12,"column":73}},{"start":{"line":12,"column":65},"end":{"line":12,"column":70}}]}},"s":{"0":27,"1":27,"2":27,"3":27,"4":0,"5":0,"6":0,"7":0,"8":0,"9":0,"10":0,"11":0,"12":0,"13":27,"14":27},"f":{"0":0,"1":0,"2":0,"3":0},"b":{"0":[0,0],"1":[27,0],"2":[27,27]}}
,"/Users/isaidou/Documents/MYGES/Projet Annuel/izzzi-backend/src/core/infrastructure/services/in-memory.event.store.ts": {"path":"/Users/isaidou/Documents/MYGES/Projet Annuel/izzzi-backend/src/core/infrastructure/services/in-memory.event.store.ts","statementMap":{"0":{"start":{"line":1,"column":0},"end":{"line":1,"column":44}},"1":{"start":{"line":5,"column":7},"end":{"line":27,"column":null}},"2":{"start":{"line":6,"column":43},"end":{"line":6,"column":45}},"3":{"start":{"line":10,"column":7},"end":{"line":10,"column":9}},"4":{"start":{"line":13,"column":4},"end":{"line":13,"column":28}},"5":{"start":{"line":14,"column":4},"end":{"line":18,"column":6}},"6":{"start":{"line":16,"column":23},"end":{"line":16,"column":72}},"7":{"start":{"line":17,"column":20},"end":{"line":17,"column":36}},"8":{"start":{"line":25,"column":4},"end":{"line":25,"column":50}},"9":{"start":{"line":5,"column":13},"end":{"line":5,"column":31}},"10":{"start":{"line":5,"column":13},"end":{"line":27,"column":null}}},"fnMap":{"0":{"name":"(anonymous_1)","decl":{"start":{"line":12,"column":2},"end":{"line":12,"column":9}},"loc":{"start":{"line":12,"column":29},"end":{"line":19,"column":3}}},"1":{"name":"(anonymous_2)","decl":{"start":{"line":16,"column":16},"end":{"line":16,"column":17}},"loc":{"start":{"line":16,"column":23},"end":{"line":16,"column":72}}},"2":{"name":"(anonymous_3)","decl":{"start":{"line":17,"column":13},"end":{"line":17,"column":14}},"loc":{"start":{"line":17,"column":20},"end":{"line":17,"column":36}}},"3":{"name":"(anonymous_4)","decl":{"start":{"line":21,"column":2},"end":{"line":21,"column":11}},"loc":{"start":{"line":23,"column":58},"end":{"line":26,"column":3}}}},"branchMap":{"0":{"loc":{"start":{"line":16,"column":23},"end":{"line":16,"column":72}},"type":"binary-expr","locations":[{"start":{"line":16,"column":23},"end":{"line":16,"column":49}},{"start":{"line":16,"column":53},"end":{"line":16,"column":72}}]}},"s":{"0":0,"1":0,"2":0,"3":0,"4":0,"5":0,"6":0,"7":0,"8":0,"9":0,"10":0},"f":{"0":0,"1":0,"2":0,"3":0},"b":{"0":[0,0]}}
,"/Users/isaidou/Documents/MYGES/Projet Annuel/izzzi-backend/src/core/infrastructure/services/logger.service.ts": {"path":"/Users/isaidou/Documents/MYGES/Projet Annuel/izzzi-backend/src/core/infrastructure/services/logger.service.ts","statementMap":{"0":{"start":{"line":1,"column":0},"end":{"line":1,"column":52}},"1":{"start":{"line":6,"column":7},"end":{"line":20,"column":null}},"2":{"start":{"line":7,"column":28},"end":{"line":7,"column":51}},"3":{"start":{"line":10,"column":4},"end":{"line":10,"column":29}},"4":{"start":{"line":14,"column":4},"end":{"line":14,"column":38}},"5":{"start":{"line":18,"column":4},"end":{"line":18,"column":30}},"6":{"start":{"line":6,"column":13},"end":{"line":6,"column":26}},"7":{"start":{"line":6,"column":13},"end":{"line":20,"column":null}}},"fnMap":{"0":{"name":"(anonymous_1)","decl":{"start":{"line":9,"column":2},"end":{"line":9,"column":6}},"loc":{"start":{"line":9,"column":22},"end":{"line":11,"column":3}}},"1":{"name":"(anonymous_2)","decl":{"start":{"line":13,"column":2},"end":{"line":13,"column":7}},"loc":{"start":{"line":13,"column":39},"end":{"line":15,"column":3}}},"2":{"name":"(anonymous_3)","decl":{"start":{"line":17,"column":2},"end":{"line":17,"column":6}},"loc":{"start":{"line":17,"column":22},"end":{"line":19,"column":3}}}},"branchMap":{},"s":{"0":27,"1":27,"2":0,"3":0,"4":0,"5":0,"6":27,"7":27},"f":{"0":0,"1":0,"2":0},"b":{}}
,"/Users/isaidou/Documents/MYGES/Projet Annuel/izzzi-backend/src/core/infrastructure/unit-of-work/typeOrm.unit-of-work.ts": {"path":"/Users/isaidou/Documents/MYGES/Projet Annuel/izzzi-backend/src/core/infrastructure/unit-of-work/typeOrm.unit-of-work.ts","statementMap":{"0":{"start":{"line":8,"column":31},"end":{"line":8,"column":53}},"1":{"start":{"line":13,"column":4},"end":{"line":13,"column":59}},"2":{"start":{"line":14,"column":4},"end":{"line":14,"column":37}},"3":{"start":{"line":15,"column":4},"end":{"line":15,"column":46}},"4":{"start":{"line":16,"column":4},"end":{"line":16,"column":50}},"5":{"start":{"line":18,"column":4},"end":{"line":33,"column":5}},"6":{"start":{"line":19,"column":21},"end":{"line":19,"column":42}},"7":{"start":{"line":20,"column":6},"end":{"line":20,"column":49}},"8":{"start":{"line":21,"column":6},"end":{"line":21,"column":20}},"9":{"start":{"line":23,"column":6},"end":{"line":25,"column":7}},"10":{"start":{"line":24,"column":8},"end":{"line":24,"column":53}},"11":{"start":{"line":26,"column":6},"end":{"line":26,"column":18}},"12":{"start":{"line":28,"column":6},"end":{"line":30,"column":7}},"13":{"start":{"line":29,"column":8},"end":{"line":29,"column":41}},"14":{"start":{"line":31,"column":6},"end":{"line":31,"column":35}},"15":{"start":{"line":32,"column":6},"end":{"line":32,"column":37}},"16":{"start":{"line":37,"column":4},"end":{"line":41,"column":5}},"17":{"start":{"line":38,"column":6},"end":{"line":40,"column":8}},"18":{"start":{"line":42,"column":4},"end":{"line":42,"column":37}},"19":{"start":{"line":47,"column":4},"end":{"line":51,"column":5}},"20":{"start":{"line":48,"column":6},"end":{"line":50,"column":8}},"21":{"start":{"line":52,"column":4},"end":{"line":52,"column":30}},"22":{"start":{"line":4,"column":0},"end":{"line":4,"column":13}}},"fnMap":{"0":{"name":"(anonymous_0)","decl":{"start":{"line":8,"column":2},"end":{"line":8,"column":31}},"loc":{"start":{"line":8,"column":53},"end":{"line":8,"column":57}}},"1":{"name":"(anonymous_1)","decl":{"start":{"line":10,"column":2},"end":{"line":10,"column":7}},"loc":{"start":{"line":11,"column":47},"end":{"line":34,"column":3}}},"2":{"name":"(anonymous_2)","decl":{"start":{"line":36,"column":2},"end":{"line":36,"column":15}},"loc":{"start":{"line":36,"column":63},"end":{"line":43,"column":3}}},"3":{"name":"(anonymous_3)","decl":{"start":{"line":46,"column":2},"end":{"line":46,"column":18}},"loc":{"start":{"line":46,"column":18},"end":{"line":53,"column":3}}}},"branchMap":{"0":{"loc":{"start":{"line":23,"column":6},"end":{"line":25,"column":7}},"type":"if","locations":[{"start":{"line":23,"column":6},"end":{"line":25,"column":7}},{"start":{},"end":{}}]},"1":{"loc":{"start":{"line":23,"column":10},"end":{"line":23,"column":66}},"type":"binary-expr","locations":[{"start":{"line":23,"column":10},"end":{"line":23,"column":26}},{"start":{"line":23,"column":30},"end":{"line":23,"column":66}}]},"2":{"loc":{"start":{"line":28,"column":6},"end":{"line":30,"column":7}},"type":"if","locations":[{"start":{"line":28,"column":6},"end":{"line":30,"column":7}},{"start":{},"end":{}}]},"3":{"loc":{"start":{"line":37,"column":4},"end":{"line":41,"column":5}},"type":"if","locations":[{"start":{"line":37,"column":4},"end":{"line":41,"column":5}},{"start":{},"end":{}}]},"4":{"loc":{"start":{"line":47,"column":4},"end":{"line":51,"column":5}},"type":"if","locations":[{"start":{"line":47,"column":4},"end":{"line":51,"column":5}},{"start":{},"end":{}}]}},"s":{"0":0,"1":0,"2":0,"3":0,"4":0,"5":0,"6":0,"7":0,"8":0,"9":0,"10":0,"11":0,"12":0,"13":0,"14":0,"15":0,"16":0,"17":0,"18":0,"19":0,"20":0,"21":0,"22":27},"f":{"0":0,"1":0,"2":0,"3":0},"b":{"0":[0,0],"1":[0,0],"2":[0,0],"3":[0,0],"4":[0,0]}}
,"/Users/isaidou/Documents/MYGES/Projet Annuel/izzzi-backend/src/core/interfaces/config.global.ts": {"path":"/Users/isaidou/Documents/MYGES/Projet Annuel/izzzi-backend/src/core/interfaces/config.global.ts","statementMap":{"0":{"start":{"line":1,"column":0},"end":{"line":44,"column":3}},"1":{"start":{"line":1,"column":22},"end":{"line":44,"column":2}}},"fnMap":{"0":{"name":"(anonymous_0)","decl":{"start":{"line":1,"column":15},"end":{"line":1,"column":18}},"loc":{"start":{"line":1,"column":22},"end":{"line":44,"column":2}}}},"branchMap":{"0":{"loc":{"start":{"line":3,"column":17},"end":{"line":3,"column":43}},"type":"binary-expr","locations":[{"start":{"line":3,"column":17},"end":{"line":3,"column":33}},{"start":{"line":3,"column":37},"end":{"line":3,"column":43}}]},"1":{"loc":{"start":{"line":5,"column":10},"end":{"line":5,"column":50}},"type":"binary-expr","locations":[{"start":{"line":5,"column":10},"end":{"line":5,"column":35}},{"start":{"line":5,"column":39},"end":{"line":5,"column":50}}]},"2":{"loc":{"start":{"line":6,"column":19},"end":{"line":6,"column":54}},"type":"binary-expr","locations":[{"start":{"line":6,"column":19},"end":{"line":6,"column":44}},{"start":{"line":6,"column":48},"end":{"line":6,"column":54}}]},"3":{"loc":{"start":{"line":7,"column":12},"end":{"line":7,"column":51}},"type":"binary-expr","locations":[{"start":{"line":7,"column":12},"end":{"line":7,"column":37}},{"start":{"line":7,"column":41},"end":{"line":7,"column":51}}]},"4":{"loc":{"start":{"line":8,"column":14},"end":{"line":8,"column":53}},"type":"binary-expr","locations":[{"start":{"line":8,"column":14},"end":{"line":8,"column":39}},{"start":{"line":8,"column":43},"end":{"line":8,"column":53}}]},"5":{"loc":{"start":{"line":9,"column":14},"end":{"line":9,"column":57}},"type":"binary-expr","locations":[{"start":{"line":9,"column":14},"end":{"line":9,"column":43}},{"start":{"line":9,"column":47},"end":{"line":9,"column":57}}]},"6":{"loc":{"start":{"line":14,"column":14},"end":{"line":14,"column":60}},"type":"binary-expr","locations":[{"start":{"line":14,"column":14},"end":{"line":14,"column":41}},{"start":{"line":14,"column":45},"end":{"line":14,"column":60}}]},"7":{"loc":{"start":{"line":15,"column":17},"end":{"line":15,"column":57}},"type":"binary-expr","locations":[{"start":{"line":15,"column":17},"end":{"line":15,"column":48}},{"start":{"line":15,"column":52},"end":{"line":15,"column":57}}]},"8":{"loc":{"start":{"line":16,"column":21},"end":{"line":16,"column":79}},"type":"binary-expr","locations":[{"start":{"line":16,"column":21},"end":{"line":16,"column":56}},{"start":{"line":16,"column":60},"end":{"line":16,"column":79}}]},"9":{"loc":{"start":{"line":17,"column":24},"end":{"line":17,"column":71}},"type":"binary-expr","locations":[{"start":{"line":17,"column":24},"end":{"line":17,"column":63}},{"start":{"line":17,"column":67},"end":{"line":17,"column":71}}]}},"s":{"0":0,"1":0},"f":{"0":0},"b":{"0":[0,0],"1":[0,0],"2":[0,0],"3":[0,0],"4":[0,0],"5":[0,0],"6":[0,0],"7":[0,0],"8":[0,0],"9":[0,0]}}
,"/Users/isaidou/Documents/MYGES/Projet Annuel/izzzi-backend/src/core/interfaces/decorators/current-user.decorator.ts": {"path":"/Users/isaidou/Documents/MYGES/Projet Annuel/izzzi-backend/src/core/interfaces/decorators/current-user.decorator.ts","statementMap":{"0":{"start":{"line":1,"column":0},"end":{"line":1,"column":72}},"1":{"start":{"line":3,"column":13},"end":{"line":8,"column":2}},"2":{"start":{"line":5,"column":20},"end":{"line":5,"column":51}},"3":{"start":{"line":6,"column":4},"end":{"line":6,"column":24}}},"fnMap":{"0":{"name":"(anonymous_0)","decl":{"start":{"line":4,"column":2},"end":{"line":4,"column":3}},"loc":{"start":{"line":4,"column":43},"end":{"line":7,"column":3}}}},"branchMap":{},"s":{"0":27,"1":27,"2":0,"3":0},"f":{"0":0},"b":{}}
,"/Users/isaidou/Documents/MYGES/Projet Annuel/izzzi-backend/src/core/interfaces/decorators/refreshToken.decorator.ts": {"path":"/Users/isaidou/Documents/MYGES/Projet Annuel/izzzi-backend/src/core/interfaces/decorators/refreshToken.decorator.ts","statementMap":{"0":{"start":{"line":1,"column":0},"end":{"line":1,"column":72}},"1":{"start":{"line":3,"column":13},"end":{"line":16,"column":2}},"2":{"start":{"line":5,"column":20},"end":{"line":5,"column":51}},"3":{"start":{"line":6,"column":25},"end":{"line":6,"column":45}},"4":{"start":{"line":8,"column":4},"end":{"line":12,"column":5}},"5":{"start":{"line":9,"column":6},"end":{"line":11,"column":8}},"6":{"start":{"line":14,"column":4},"end":{"line":14,"column":24}}},"fnMap":{"0":{"name":"(anonymous_0)","decl":{"start":{"line":4,"column":2},"end":{"line":4,"column":3}},"loc":{"start":{"line":4,"column":51},"end":{"line":15,"column":3}}}},"branchMap":{"0":{"loc":{"start":{"line":8,"column":4},"end":{"line":12,"column":5}},"type":"if","locations":[{"start":{"line":8,"column":4},"end":{"line":12,"column":5}},{"start":{},"end":{}}]}},"s":{"0":0,"1":0,"2":0,"3":0,"4":0,"5":0,"6":0},"f":{"0":0},"b":{"0":[0,0]}}
,"/Users/isaidou/Documents/MYGES/Projet Annuel/izzzi-backend/src/core/interfaces/decorators/role.decorator.ts": {"path":"/Users/isaidou/Documents/MYGES/Projet Annuel/izzzi-backend/src/core/interfaces/decorators/role.decorator.ts","statementMap":{"0":{"start":{"line":1,"column":0},"end":{"line":1,"column":45}},"1":{"start":{"line":5,"column":13},"end":{"line":5,"column":33}},"2":{"start":{"line":6,"column":21},"end":{"line":6,"column":76}},"3":{"start":{"line":6,"column":47},"end":{"line":6,"column":76}},"4":{"start":{"line":6,"column":13},"end":{"line":6,"column":21}}},"fnMap":{"0":{"name":"(anonymous_0)","decl":{"start":{"line":6,"column":21},"end":{"line":6,"column":22}},"loc":{"start":{"line":6,"column":47},"end":{"line":6,"column":76}}}},"branchMap":{},"s":{"0":27,"1":27,"2":27,"3":0,"4":27},"f":{"0":0},"b":{}}
,"/Users/isaidou/Documents/MYGES/Projet Annuel/izzzi-backend/src/core/interfaces/guards/auth.guard.ts": {"path":"/Users/isaidou/Documents/MYGES/Projet Annuel/izzzi-backend/src/core/interfaces/guards/auth.guard.ts","statementMap":{"0":{"start":{"line":2,"column":0},"end":{"line":2,"column":41}},"1":{"start":{"line":3,"column":0},"end":{"line":3,"column":null}},"2":{"start":{"line":9,"column":0},"end":{"line":9,"column":47}},"3":{"start":{"line":12,"column":7},"end":{"line":62,"column":null}},"4":{"start":{"line":14,"column":12},"end":{"line":14,"column":24}},"5":{"start":{"line":15,"column":12},"end":{"line":15,"column":27}},"6":{"start":{"line":19,"column":20},"end":{"line":19,"column":55}},"7":{"start":{"line":21,"column":18},"end":{"line":21,"column":44}},"8":{"start":{"line":23,"column":4},"end":{"line":25,"column":5}},"9":{"start":{"line":24,"column":6},"end":{"line":24,"column":59}},"10":{"start":{"line":27,"column":4},"end":{"line":37,"column":5}},"11":{"start":{"line":28,"column":22},"end":{"line":30,"column":8}},"12":{"start":{"line":32,"column":6},"end":{"line":32,"column":32}},"13":{"start":{"line":34,"column":6},"end":{"line":34,"column":18}},"14":{"start":{"line":36,"column":6},"end":{"line":36,"column":66}},"15":{"start":{"line":41,"column":28},"end":{"line":41,"column":64}},"16":{"start":{"line":42,"column":4},"end":{"line":44,"column":5}},"17":{"start":{"line":43,"column":6},"end":{"line":43,"column":29}},"18":{"start":{"line":46,"column":28},"end":{"line":46,"column":64}},"19":{"start":{"line":47,"column":4},"end":{"line":49,"column":5}},"20":{"start":{"line":48,"column":6},"end":{"line":48,"column":29}},"21":{"start":{"line":51,"column":4},"end":{"line":51,"column":21}},"22":{"start":{"line":55,"column":26},"end":{"line":55,"column":73}},"23":{"start":{"line":56,"column":4},"end":{"line":56,"column":49}},"24":{"start":{"line":60,"column":4},"end":{"line":60,"column":45}},"25":{"start":{"line":12,"column":13},"end":{"line":12,"column":22}},"26":{"start":{"line":12,"column":13},"end":{"line":62,"column":null}}},"fnMap":{"0":{"name":"(anonymous_2)","decl":{"start":{"line":13,"column":2},"end":{"line":13,"column":null}},"loc":{"start":{"line":15,"column":40},"end":{"line":16,"column":6}}},"1":{"name":"(anonymous_3)","decl":{"start":{"line":18,"column":2},"end":{"line":18,"column":7}},"loc":{"start":{"line":18,"column":45},"end":{"line":38,"column":3}}},"2":{"name":"(anonymous_4)","decl":{"start":{"line":40,"column":10},"end":{"line":40,"column":22}},"loc":{"start":{"line":40,"column":39},"end":{"line":52,"column":3}}},"3":{"name":"(anonymous_5)","decl":{"start":{"line":54,"column":10},"end":{"line":54,"column":32}},"loc":{"start":{"line":54,"column":49},"end":{"line":57,"column":3}}},"4":{"name":"(anonymous_6)","decl":{"start":{"line":59,"column":10},"end":{"line":59,"column":32}},"loc":{"start":{"line":59,"column":49},"end":{"line":61,"column":3}}}},"branchMap":{"0":{"loc":{"start":{"line":23,"column":4},"end":{"line":25,"column":5}},"type":"if","locations":[{"start":{"line":23,"column":4},"end":{"line":25,"column":5}},{"start":{},"end":{}}]},"1":{"loc":{"start":{"line":42,"column":4},"end":{"line":44,"column":5}},"type":"if","locations":[{"start":{"line":42,"column":4},"end":{"line":44,"column":5}},{"start":{},"end":{}}]},"2":{"loc":{"start":{"line":47,"column":4},"end":{"line":49,"column":5}},"type":"if","locations":[{"start":{"line":47,"column":4},"end":{"line":49,"column":5}},{"start":{},"end":{}}]},"3":{"loc":{"start":{"line":55,"column":26},"end":{"line":55,"column":73}},"type":"binary-expr","locations":[{"start":{"line":55,"column":26},"end":{"line":55,"column":67}},{"start":{"line":55,"column":71},"end":{"line":55,"column":73}}]},"4":{"loc":{"start":{"line":56,"column":11},"end":{"line":56,"column":48}},"type":"cond-expr","locations":[{"start":{"line":56,"column":31},"end":{"line":56,"column":36}},{"start":{"line":56,"column":39},"end":{"line":56,"column":48}}]},"5":{"loc":{"start":{"line":14,"column":24},"end":{"line":14,"column":null}},"type":"cond-expr","locations":[{"start":{"line":14,"column":34},"end":{"line":14,"column":null}},{"start":{"line":14,"column":34},"end":{"line":14,"column":null}}]},"6":{"loc":{"start":{"line":14,"column":24},"end":{"line":14,"column":34}},"type":"binary-expr","locations":[{"start":{"line":14,"column":24},"end":{"line":14,"column":null}},{"start":{"line":14,"column":24},"end":{"line":14,"column":34}}]},"7":{"loc":{"start":{"line":14,"column":34},"end":{"line":15,"column":null}},"type":"cond-expr","locations":[{"start":{"line":15,"column":40},"end":{"line":15,"column":null}},{"start":{"line":15,"column":40},"end":{"line":15,"column":null}}]},"8":{"loc":{"start":{"line":14,"column":34},"end":{"line":15,"column":40}},"type":"binary-expr","locations":[{"start":{"line":14,"column":34},"end":{"line":15,"column":null}},{"start":{"line":15,"column":27},"end":{"line":15,"column":40}}]}},"s":{"0":27,"1":27,"2":27,"3":27,"4":0,"5":0,"6":0,"7":0,"8":0,"9":0,"10":0,"11":0,"12":0,"13":0,"14":0,"15":0,"16":0,"17":0,"18":0,"19":0,"20":0,"21":0,"22":0,"23":0,"24":0,"25":27,"26":27},"f":{"0":0,"1":0,"2":0,"3":0,"4":0},"b":{"0":[0,0],"1":[0,0],"2":[0,0],"3":[0,0],"4":[0,0],"5":[27,0],"6":[27,27],"7":[27,0],"8":[27,27]}}
,"/Users/isaidou/Documents/MYGES/Projet Annuel/izzzi-backend/src/core/interfaces/guards/refreshToken.guard.ts": {"path":"/Users/isaidou/Documents/MYGES/Projet Annuel/izzzi-backend/src/core/interfaces/guards/refreshToken.guard.ts","statementMap":{"0":{"start":{"line":2,"column":0},"end":{"line":2,"column":null}},"1":{"start":{"line":10,"column":7},"end":{"line":61,"column":null}},"2":{"start":{"line":12,"column":20},"end":{"line":12,"column":64}},"3":{"start":{"line":14,"column":25},"end":{"line":14,"column":58}},"4":{"start":{"line":16,"column":4},"end":{"line":18,"column":5}},"5":{"start":{"line":17,"column":6},"end":{"line":17,"column":65}},"6":{"start":{"line":20,"column":4},"end":{"line":20,"column":43}},"7":{"start":{"line":22,"column":4},"end":{"line":22,"column":16}},"8":{"start":{"line":27,"column":26},"end":{"line":27,"column":60}},"9":{"start":{"line":28,"column":4},"end":{"line":30,"column":5}},"10":{"start":{"line":29,"column":6},"end":{"line":29,"column":27}},"11":{"start":{"line":32,"column":28},"end":{"line":32,"column":64}},"12":{"start":{"line":33,"column":4},"end":{"line":35,"column":5}},"13":{"start":{"line":34,"column":6},"end":{"line":34,"column":29}},"14":{"start":{"line":37,"column":28},"end":{"line":37,"column":64}},"15":{"start":{"line":38,"column":4},"end":{"line":40,"column":5}},"16":{"start":{"line":39,"column":6},"end":{"line":39,"column":29}},"17":{"start":{"line":42,"column":4},"end":{"line":42,"column":21}},"18":{"start":{"line":46,"column":17},"end":{"line":46,"column":29}},"19":{"start":{"line":47,"column":4},"end":{"line":49,"column":5}},"20":{"start":{"line":48,"column":6},"end":{"line":48,"column":53}},"21":{"start":{"line":50,"column":4},"end":{"line":50,"column":21}},"22":{"start":{"line":54,"column":4},"end":{"line":54,"column":46}},"23":{"start":{"line":58,"column":18},"end":{"line":58,"column":62}},"24":{"start":{"line":59,"column":4},"end":{"line":59,"column":30}},"25":{"start":{"line":10,"column":13},"end":{"line":10,"column":30}},"26":{"start":{"line":10,"column":13},"end":{"line":61,"column":null}}},"fnMap":{"0":{"name":"(anonymous_1)","decl":{"start":{"line":11,"column":2},"end":{"line":11,"column":7}},"loc":{"start":{"line":11,"column":45},"end":{"line":23,"column":3}}},"1":{"name":"(anonymous_2)","decl":{"start":{"line":25,"column":10},"end":{"line":25,"column":29}},"loc":{"start":{"line":25,"column":46},"end":{"line":43,"column":3}}},"2":{"name":"(anonymous_3)","decl":{"start":{"line":45,"column":10},"end":{"line":45,"column":30}},"loc":{"start":{"line":45,"column":47},"end":{"line":51,"column":3}}},"3":{"name":"(anonymous_4)","decl":{"start":{"line":53,"column":10},"end":{"line":53,"column":32}},"loc":{"start":{"line":53,"column":49},"end":{"line":55,"column":3}}},"4":{"name":"(anonymous_5)","decl":{"start":{"line":57,"column":10},"end":{"line":57,"column":32}},"loc":{"start":{"line":57,"column":49},"end":{"line":60,"column":3}}}},"branchMap":{"0":{"loc":{"start":{"line":16,"column":4},"end":{"line":18,"column":5}},"type":"if","locations":[{"start":{"line":16,"column":4},"end":{"line":18,"column":5}},{"start":{},"end":{}}]},"1":{"loc":{"start":{"line":28,"column":4},"end":{"line":30,"column":5}},"type":"if","locations":[{"start":{"line":28,"column":4},"end":{"line":30,"column":5}},{"start":{},"end":{}}]},"2":{"loc":{"start":{"line":33,"column":4},"end":{"line":35,"column":5}},"type":"if","locations":[{"start":{"line":33,"column":4},"end":{"line":35,"column":5}},{"start":{},"end":{}}]},"3":{"loc":{"start":{"line":38,"column":4},"end":{"line":40,"column":5}},"type":"if","locations":[{"start":{"line":38,"column":4},"end":{"line":40,"column":5}},{"start":{},"end":{}}]},"4":{"loc":{"start":{"line":47,"column":4},"end":{"line":49,"column":5}},"type":"if","locations":[{"start":{"line":47,"column":4},"end":{"line":49,"column":5}},{"start":{},"end":{}}]},"5":{"loc":{"start":{"line":47,"column":8},"end":{"line":47,"column":40}},"type":"binary-expr","locations":[{"start":{"line":47,"column":8},"end":{"line":47,"column":12}},{"start":{"line":47,"column":16},"end":{"line":47,"column":40}}]},"6":{"loc":{"start":{"line":48,"column":13},"end":{"line":48,"column":52}},"type":"binary-expr","locations":[{"start":{"line":48,"column":13},"end":{"line":48,"column":30}},{"start":{"line":48,"column":34},"end":{"line":48,"column":52}}]},"7":{"loc":{"start":{"line":59,"column":11},"end":{"line":59,"column":29}},"type":"binary-expr","locations":[{"start":{"line":59,"column":11},"end":{"line":59,"column":16}},{"start":{"line":59,"column":20},"end":{"line":59,"column":29}}]}},"s":{"0":0,"1":0,"2":0,"3":0,"4":0,"5":0,"6":0,"7":0,"8":0,"9":0,"10":0,"11":0,"12":0,"13":0,"14":0,"15":0,"16":0,"17":0,"18":0,"19":0,"20":0,"21":0,"22":0,"23":0,"24":0,"25":0,"26":0},"f":{"0":0,"1":0,"2":0,"3":0,"4":0},"b":{"0":[0,0],"1":[0,0],"2":[0,0],"3":[0,0],"4":[0,0],"5":[0,0],"6":[0,0],"7":[0,0]}}
,"/Users/isaidou/Documents/MYGES/Projet Annuel/izzzi-backend/src/core/interfaces/guards/role.guard.ts": {"path":"/Users/isaidou/Documents/MYGES/Projet Annuel/izzzi-backend/src/core/interfaces/guards/role.guard.ts","statementMap":{"0":{"start":{"line":1,"column":0},"end":{"line":1,"column":41}},"1":{"start":{"line":2,"column":0},"end":{"line":2,"column":52}},"2":{"start":{"line":3,"column":0},"end":{"line":3,"column":null}},"3":{"start":{"line":12,"column":0},"end":{"line":12,"column":57}},"4":{"start":{"line":14,"column":0},"end":{"line":14,"column":102}},"5":{"start":{"line":15,"column":0},"end":{"line":15,"column":67}},"6":{"start":{"line":20,"column":7},"end":{"line":150,"column":null}},"7":{"start":{"line":22,"column":31},"end":{"line":22,"column":34}},"8":{"start":{"line":23,"column":34},"end":{"line":23,"column":47}},"9":{"start":{"line":26,"column":12},"end":{"line":26,"column":23}},"10":{"start":{"line":27,"column":37},"end":{"line":27,"column":64}},"11":{"start":{"line":29,"column":12},"end":{"line":29,"column":32}},"12":{"start":{"line":33,"column":26},"end":{"line":35,"column":null}},"13":{"start":{"line":38,"column":4},"end":{"line":40,"column":5}},"14":{"start":{"line":39,"column":6},"end":{"line":39,"column":18}},"15":{"start":{"line":42,"column":20},"end":{"line":42,"column":55}},"16":{"start":{"line":43,"column":21},"end":{"line":43,"column":28}},"17":{"start":{"line":45,"column":4},"end":{"line":47,"column":5}},"18":{"start":{"line":46,"column":6},"end":{"line":46,"column":64}},"19":{"start":{"line":49,"column":24},"end":{"line":49,"column":62}},"20":{"start":{"line":51,"column":4},"end":{"line":58,"column":5}},"21":{"start":{"line":52,"column":29},"end":{"line":52,"column":64}},"22":{"start":{"line":53,"column":6},"end":{"line":55,"column":7}},"23":{"start":{"line":54,"column":8},"end":{"line":54,"column":48}},"24":{"start":{"line":56,"column":6},"end":{"line":56,"column":29}},"25":{"start":{"line":57,"column":6},"end":{"line":57,"column":18}},"26":{"start":{"line":60,"column":27},"end":{"line":60,"column":62}},"27":{"start":{"line":62,"column":4},"end":{"line":64,"column":5}},"28":{"start":{"line":63,"column":6},"end":{"line":63,"column":68}},"29":{"start":{"line":66,"column":22},"end":{"line":66,"column":58}},"30":{"start":{"line":68,"column":20},"end":{"line":73,"column":null}},"31":{"start":{"line":69,"column":6},"end":{"line":72,"column":null}},"32":{"start":{"line":71,"column":10},"end":{"line":72,"column":40}},"33":{"start":{"line":76,"column":4},"end":{"line":80,"column":5}},"34":{"start":{"line":77,"column":6},"end":{"line":79,"column":8}},"35":{"start":{"line":81,"column":4},"end":{"line":81,"column":44}},"36":{"start":{"line":82,"column":4},"end":{"line":84,"column":6}},"37":{"start":{"line":83,"column":13},"end":{"line":83,"column":48}},"38":{"start":{"line":86,"column":4},"end":{"line":86,"column":16}},"39":{"start":{"line":90,"column":21},"end":{"line":90,"column":60}},"40":{"start":{"line":93,"column":6},"end":{"line":95,"column":17}},"41":{"start":{"line":97,"column":4},"end":{"line":99,"column":5}},"42":{"start":{"line":98,"column":6},"end":{"line":98,"column":25}},"43":{"start":{"line":101,"column":4},"end":{"line":107,"column":5}},"44":{"start":{"line":102,"column":6},"end":{"line":102,"column":73}},"45":{"start":{"line":103,"column":6},"end":{"line":103,"column":73}},"46":{"start":{"line":104,"column":6},"end":{"line":104,"column":25}},"47":{"start":{"line":106,"column":6},"end":{"line":106,"column":73}},"48":{"start":{"line":111,"column":21},"end":{"line":111,"column":52}},"49":{"start":{"line":113,"column":20},"end":{"line":113,"column":73}},"50":{"start":{"line":115,"column":4},"end":{"line":117,"column":5}},"51":{"start":{"line":116,"column":6},"end":{"line":116,"column":23}},"52":{"start":{"line":119,"column":4},"end":{"line":128,"column":5}},"53":{"start":{"line":120,"column":26},"end":{"line":120,"column":78}},"54":{"start":{"line":121,"column":6},"end":{"line":121,"column":48}},"55":{"start":{"line":123,"column":6},"end":{"line":123,"column":71}},"56":{"start":{"line":125,"column":6},"end":{"line":125,"column":23}},"57":{"start":{"line":127,"column":6},"end":{"line":127,"column":71}},"58":{"start":{"line":132,"column":4},"end":{"line":134,"column":5}},"59":{"start":{"line":133,"column":6},"end":{"line":133,"column":43}},"60":{"start":{"line":136,"column":4},"end":{"line":138,"column":5}},"61":{"start":{"line":137,"column":6},"end":{"line":137,"column":42}},"62":{"start":{"line":140,"column":4},"end":{"line":142,"column":5}},"63":{"start":{"line":141,"column":6},"end":{"line":141,"column":41}},"64":{"start":{"line":144,"column":4},"end":{"line":146,"column":5}},"65":{"start":{"line":145,"column":6},"end":{"line":145,"column":50}},"66":{"start":{"line":148,"column":4},"end":{"line":148,"column":16}},"67":{"start":{"line":20,"column":13},"end":{"line":20,"column":23}},"68":{"start":{"line":20,"column":13},"end":{"line":150,"column":null}},"69":{"start":{"line":28,"column":29},"end":{"line":28,"column":47}}},"fnMap":{"0":{"name":"(anonymous_4)","decl":{"start":{"line":25,"column":2},"end":{"line":25,"column":null}},"loc":{"start":{"line":29,"column":50},"end":{"line":30,"column":6}}},"1":{"name":"(anonymous_5)","decl":{"start":{"line":32,"column":2},"end":{"line":32,"column":7}},"loc":{"start":{"line":32,"column":45},"end":{"line":87,"column":3}}},"2":{"name":"(anonymous_6)","decl":{"start":{"line":68,"column":39},"end":{"line":68,"column":40}},"loc":{"start":{"line":69,"column":6},"end":{"line":72,"column":null}}},"3":{"name":"(anonymous_7)","decl":{"start":{"line":70,"column":8},"end":{"line":70,"column":9}},"loc":{"start":{"line":71,"column":10},"end":{"line":72,"column":40}}},"4":{"name":"(anonymous_8)","decl":{"start":{"line":83,"column":6},"end":{"line":83,"column":7}},"loc":{"start":{"line":83,"column":13},"end":{"line":83,"column":48}}},"5":{"name":"(anonymous_9)","decl":{"start":{"line":89,"column":10},"end":{"line":89,"column":15}},"loc":{"start":{"line":89,"column":45},"end":{"line":108,"column":3}}},"6":{"name":"(anonymous_10)","decl":{"start":{"line":110,"column":10},"end":{"line":110,"column":15}},"loc":{"start":{"line":110,"column":43},"end":{"line":129,"column":3}}},"7":{"name":"(anonymous_11)","decl":{"start":{"line":131,"column":10},"end":{"line":131,"column":31}},"loc":{"start":{"line":131,"column":44},"end":{"line":149,"column":3}}},"8":{"name":"(anonymous_12)","decl":{"start":{"line":28,"column":23},"end":{"line":28,"column":26}},"loc":{"start":{"line":28,"column":29},"end":{"line":28,"column":47}}}},"branchMap":{"0":{"loc":{"start":{"line":38,"column":4},"end":{"line":40,"column":5}},"type":"if","locations":[{"start":{"line":38,"column":4},"end":{"line":40,"column":5}},{"start":{},"end":{}}]},"1":{"loc":{"start":{"line":38,"column":8},"end":{"line":38,"column":52}},"type":"binary-expr","locations":[{"start":{"line":38,"column":8},"end":{"line":38,"column":22}},{"start":{"line":38,"column":26},"end":{"line":38,"column":52}}]},"2":{"loc":{"start":{"line":45,"column":4},"end":{"line":47,"column":5}},"type":"if","locations":[{"start":{"line":45,"column":4},"end":{"line":47,"column":5}},{"start":{},"end":{}}]},"3":{"loc":{"start":{"line":51,"column":4},"end":{"line":58,"column":5}},"type":"if","locations":[{"start":{"line":51,"column":4},"end":{"line":58,"column":5}},{"start":{},"end":{}}]},"4":{"loc":{"start":{"line":53,"column":6},"end":{"line":55,"column":7}},"type":"if","locations":[{"start":{"line":53,"column":6},"end":{"line":55,"column":7}},{"start":{},"end":{}}]},"5":{"loc":{"start":{"line":62,"column":4},"end":{"line":64,"column":5}},"type":"if","locations":[{"start":{"line":62,"column":4},"end":{"line":64,"column":5}},{"start":{},"end":{}}]},"6":{"loc":{"start":{"line":71,"column":10},"end":{"line":72,"column":40}},"type":"binary-expr","locations":[{"start":{"line":71,"column":10},"end":{"line":71,"column":52}},{"start":{"line":72,"column":10},"end":{"line":72,"column":40}}]},"7":{"loc":{"start":{"line":76,"column":4},"end":{"line":80,"column":5}},"type":"if","locations":[{"start":{"line":76,"column":4},"end":{"line":80,"column":5}},{"start":{},"end":{}}]},"8":{"loc":{"start":{"line":97,"column":4},"end":{"line":99,"column":5}},"type":"if","locations":[{"start":{"line":97,"column":4},"end":{"line":99,"column":5}},{"start":{},"end":{}}]},"9":{"loc":{"start":{"line":115,"column":4},"end":{"line":117,"column":5}},"type":"if","locations":[{"start":{"line":115,"column":4},"end":{"line":117,"column":5}},{"start":{},"end":{}}]},"10":{"loc":{"start":{"line":121,"column":18},"end":{"line":121,"column":47}},"type":"binary-expr","locations":[{"start":{"line":121,"column":18},"end":{"line":121,"column":41}},{"start":{"line":121,"column":45},"end":{"line":121,"column":47}}]},"11":{"loc":{"start":{"line":132,"column":4},"end":{"line":134,"column":5}},"type":"if","locations":[{"start":{"line":132,"column":4},"end":{"line":134,"column":5}},{"start":{},"end":{}}]},"12":{"loc":{"start":{"line":136,"column":4},"end":{"line":138,"column":5}},"type":"if","locations":[{"start":{"line":136,"column":4},"end":{"line":138,"column":5}},{"start":{},"end":{}}]},"13":{"loc":{"start":{"line":140,"column":4},"end":{"line":142,"column":5}},"type":"if","locations":[{"start":{"line":140,"column":4},"end":{"line":142,"column":5}},{"start":{},"end":{}}]},"14":{"loc":{"start":{"line":144,"column":4},"end":{"line":146,"column":5}},"type":"if","locations":[{"start":{"line":144,"column":4},"end":{"line":146,"column":5}},{"start":{},"end":{}}]},"15":{"loc":{"start":{"line":26,"column":23},"end":{"line":26,"column":null}},"type":"cond-expr","locations":[{"start":{"line":26,"column":32},"end":{"line":26,"column":null}},{"start":{"line":26,"column":32},"end":{"line":26,"column":null}}]},"16":{"loc":{"start":{"line":26,"column":23},"end":{"line":26,"column":32}},"type":"binary-expr","locations":[{"start":{"line":26,"column":23},"end":{"line":26,"column":null}},{"start":{"line":26,"column":23},"end":{"line":26,"column":32}}]},"17":{"loc":{"start":{"line":26,"column":32},"end":{"line":29,"column":null}},"type":"cond-expr","locations":[{"start":{"line":29,"column":50},"end":{"line":29,"column":null}},{"start":{"line":29,"column":50},"end":{"line":29,"column":null}}]},"18":{"loc":{"start":{"line":26,"column":32},"end":{"line":29,"column":50}},"type":"binary-expr","locations":[{"start":{"line":26,"column":32},"end":{"line":29,"column":null}},{"start":{"line":29,"column":32},"end":{"line":29,"column":50}}]}},"s":{"0":27,"1":27,"2":27,"3":27,"4":27,"5":27,"6":27,"7":0,"8":0,"9":0,"10":0,"11":0,"12":0,"13":0,"14":0,"15":0,"16":0,"17":0,"18":0,"19":0,"20":0,"21":0,"22":0,"23":0,"24":0,"25":0,"26":0,"27":0,"28":0,"29":0,"30":0,"31":0,"32":0,"33":0,"34":0,"35":0,"36":0,"37":0,"38":0,"39":0,"40":0,"41":0,"42":0,"43":0,"44":0,"45":0,"46":0,"47":0,"48":0,"49":0,"50":0,"51":0,"52":0,"53":0,"54":0,"55":0,"56":0,"57":0,"58":0,"59":0,"60":0,"61":0,"62":0,"63":0,"64":0,"65":0,"66":0,"67":27,"68":27,"69":0},"f":{"0":0,"1":0,"2":0,"3":0,"4":0,"5":0,"6":0,"7":0,"8":0},"b":{"0":[0,0],"1":[0,0],"2":[0,0],"3":[0,0],"4":[0,0],"5":[0,0],"6":[0,0],"7":[0,0],"8":[0,0],"9":[0,0],"10":[0,0],"11":[0,0],"12":[0,0],"13":[0,0],"14":[0,0],"15":[27,0],"16":[27,27],"17":[27,0],"18":[27,27]}}
[...]
"end":{"line":84,"column":68}},"41":{"start":{"line":88,"column":34},"end":{"line":88,"column":83}},"42":{"start":{"line":88,"column":58},"end":{"line":88,"column":82}},"43":{"start":{"line":89,"column":10},"end":{"line":91,"column":11}},"44":{"start":{"line":90,"column":12},"end":{"line":90,"column":71}},"45":{"start":{"line":92,"column":10},"end":{"line":92,"column":68}},"46":{"start":{"line":95,"column":29},"end":{"line":95,"column":89}},"47":{"start":{"line":96,"column":8},"end":{"line":102,"column":9}},"48":{"start":{"line":97,"column":10},"end":{"line":101,"column":11}},"49":{"start":{"line":98,"column":12},"end":{"line":98,"column":63}},"50":{"start":{"line":100,"column":12},"end":{"line":100,"column":91}},"51":{"start":{"line":104,"column":8},"end":{"line":104,"column":54}},"52":{"start":{"line":107,"column":6},"end":{"line":107,"column":30}},"53":{"start":{"line":18,"column":0},"end":{"line":18,"column":13}}},"fnMap":{"0":{"name":"(anonymous_0)","decl":{"start":{"line":19,"column":2},"end":{"line":19,"column":null}},"loc":{"start":{"line":26,"column":48},"end":{"line":29,"column":3}}},"1":{"name":"(anonymous_1)","decl":{"start":{"line":31,"column":2},"end":{"line":31,"column":7}},"loc":{"start":{"line":31,"column":40},"end":{"line":109,"column":3}}},"2":{"name":"(anonymous_2)","decl":{"start":{"line":54,"column":44},"end":{"line":54,"column":49}},"loc":{"start":{"line":54,"column":55},"end":{"line":105,"column":7}}},"3":{"name":"(anonymous_3)","decl":{"start":{"line":69,"column":60},"end":{"line":69,"column":61}},"loc":{"start":{"line":69,"column":67},"end":{"line":69,"column":79}}},"4":{"name":"(anonymous_4)","decl":{"start":{"line":88,"column":51},"end":{"line":88,"column":52}},"loc":{"start":{"line":88,"column":58},"end":{"line":88,"column":82}}},"5":{"name":"(anonymous_5)","decl":{"start":{"line":111,"column":2},"end":{"line":111,"column":7}},"loc":{"start":{"line":111,"column":24},"end":{"line":111,"column":44}}}},"branchMap":{"0":{"loc":{"start":{"line":34,"column":6},"end":{"line":36,"column":7}},"type":"if","locations":[{"start":{"line":34,"column":6},"end":{"line":36,"column":7}},{"start":{},"end":{}}]},"1":{"loc":{"start":{"line":41,"column":8},"end":{"line":44,"column":9}},"type":"if","locations":[{"start":{"line":41,"column":8},"end":{"line":44,"column":9}},{"start":{},"end":{}}]},"2":{"loc":{"start":{"line":47,"column":6},"end":{"line":52,"column":7}},"type":"if","locations":[{"start":{"line":47,"column":6},"end":{"line":52,"column":7}},{"start":{},"end":{}}]},"3":{"loc":{"start":{"line":59,"column":12},"end":{"line":61,"column":13}},"type":"if","locations":[{"start":{"line":59,"column":12},"end":{"line":61,"column":13}},{"start":{},"end":{}}]},"4":{"loc":{"start":{"line":64,"column":12},"end":{"line":66,"column":13}},"type":"if","locations":[{"start":{"line":64,"column":12},"end":{"line":66,"column":13}},{"start":{},"end":{}}]},"5":{"loc":{"start":{"line":71,"column":12},"end":{"line":85,"column":13}},"type":"if","locations":[{"start":{"line":71,"column":12},"end":{"line":85,"column":13}},{"start":{"line":83,"column":19},"end":{"line":85,"column":13}}]},"6":{"loc":{"start":{"line":71,"column":16},"end":{"line":71,"column":105}},"type":"binary-expr","locations":[{"start":{"line":71,"column":16},"end":{"line":71,"column":46}},{"start":{"line":71,"column":50},"end":{"line":71,"column":105}}]},"7":{"loc":{"start":{"line":75,"column":14},"end":{"line":81,"column":15}},"type":"if","locations":[{"start":{"line":75,"column":14},"end":{"line":81,"column":15}},{"start":{},"end":{}}]},"8":{"loc":{"start":{"line":89,"column":10},"end":{"line":91,"column":11}},"type":"if","locations":[{"start":{"line":89,"column":10},"end":{"line":91,"column":11}},{"start":{},"end":{}}]},"9":{"loc":{"start":{"line":96,"column":8},"end":{"line":102,"column":9}},"type":"if","locations":[{"start":{"line":96,"column":8},"end":{"line":102,"column":9}},{"start":{},"end":{}}]}},"s":{"0":0,"1":0,"2":0,"3":0,"4":0,"5":0,"6":0,"7":0,"8":0,"9":0,"10":0,"11":0,"12":0,"13":0,"14":0,"15":0,"16":0,"17":0,"18":0,"19":0,"20":0,"21":0,"22":0,"23":0,"24":0,"25":0,"26":0,"27":0,"28":0,"29":0,"30":0,"31":0,"32":0,"33":0,"34":0,"35":0,"36":0,"37":0,"38":0,"39":0,"40":0,"41":0,"42":0,"43":0,"44":0,"45":0,"46":0,"47":0,"48":0,"49":0,"50":0,"51":0,"52":0,"53":0},"f":{"0":0,"1":0,"2":0,"3":0,"4":0,"5":0},"b":{"0":[0,0],"1":[0,0],"2":[0,0],"3":[0,0],"4":[0,0],"5":[0,0],"6":[0,0],"7":[0,0],"8":[0,0],"9":[0,0]}}
,"/Users/isaidou/Documents/MYGES/Projet Annuel/izzzi-backend/src/modules/user/application/use-cases/GetProfile.use-case.ts": {"path":"/Users/isaidou/Documents/MYGES/Projet Annuel/izzzi-backend/src/modules/user/application/use-cases/GetProfile.use-case.ts","statementMap":{"0":{"start":{"line":1,"column":0},"end":{"line":1,"column":null}},"1":{"start":{"line":17,"column":4},"end":{"line":17,"column":18}},"2":{"start":{"line":14,"column":13},"end":{"line":14,"column":35}},"3":{"start":{"line":15,"column":21},"end":{"line":15,"column":52}},"4":{"start":{"line":21,"column":4},"end":{"line":30,"column":5}},"5":{"start":{"line":22,"column":19},"end":{"line":22,"column":66}},"6":{"start":{"line":23,"column":6},"end":{"line":25,"column":7}},"7":{"start":{"line":24,"column":8},"end":{"line":24,"column":74}},"8":{"start":{"line":27,"column":6},"end":{"line":27,"column":34}},"9":{"start":{"line":29,"column":6},"end":{"line":29,"column":30}},"10":{"start":{"line":12,"column":0},"end":{"line":12,"column":13}}},"fnMap":{"0":{"name":"(anonymous_0)","decl":{"start":{"line":13,"column":2},"end":{"line":13,"column":null}},"loc":{"start":{"line":15,"column":52},"end":{"line":18,"column":3}}},"1":{"name":"(anonymous_1)","decl":{"start":{"line":20,"column":2},"end":{"line":20,"column":7}},"loc":{"start":{"line":20,"column":37},"end":{"line":31,"column":3}}},"2":{"name":"(anonymous_2)","decl":{"start":{"line":33,"column":2},"end":{"line":33,"column":7}},"loc":{"start":{"line":33,"column":24},"end":{"line":33,"column":44}}}},"branchMap":{"0":{"loc":{"start":{"line":23,"column":6},"end":{"line":25,"column":7}},"type":"if","locations":[{"start":{"line":23,"column":6},"end":{"line":25,"column":7}},{"start":{},"end":{}}]}},"s":{"0":0,"1":0,"2":0,"3":0,"4":0,"5":0,"6":0,"7":0,"8":0,"9":0,"10":0},"f":{"0":0,"1":0,"2":0},"b":{"0":[0,0]}}
,"/Users/isaidou/Documents/MYGES/Projet Annuel/izzzi-backend/src/modules/user/application/use-cases/UpdateAvatar.use-case.ts": {"path":"/Users/isaidou/Documents/MYGES/Projet Annuel/izzzi-backend/src/modules/user/application/use-cases/UpdateAvatar.use-case.ts","statementMap":{"0":{"start":{"line":1,"column":0},"end":{"line":1,"column":null}},"1":{"start":{"line":17,"column":4},"end":{"line":17,"column":18}},"2":{"start":{"line":14,"column":13},"end":{"line":14,"column":35}},"3":{"start":{"line":15,"column":21},"end":{"line":15,"column":52}},"4":{"start":{"line":21,"column":4},"end":{"line":33,"column":5}},"5":{"start":{"line":22,"column":19},"end":{"line":22,"column":66}},"6":{"start":{"line":23,"column":6},"end":{"line":25,"column":7}},"7":{"start":{"line":24,"column":8},"end":{"line":24,"column":74}},"8":{"start":{"line":27,"column":6},"end":{"line":27,"column":56}},"9":{"start":{"line":28,"column":6},"end":{"line":28,"column":43}},"10":{"start":{"line":30,"column":6},"end":{"line":30,"column":34}},"11":{"start":{"line":32,"column":6},"end":{"line":32,"column":30}},"12":{"start":{"line":12,"column":0},"end":{"line":12,"column":13}}},"fnMap":{"0":{"name":"(anonymous_0)","decl":{"start":{"line":13,"column":2},"end":{"line":13,"column":null}},"loc":{"start":{"line":15,"column":52},"end":{"line":18,"column":3}}},"1":{"name":"(anonymous_1)","decl":{"start":{"line":20,"column":2},"end":{"line":20,"column":7}},"loc":{"start":{"line":20,"column":39},"end":{"line":34,"column":3}}},"2":{"name":"(anonymous_2)","decl":{"start":{"line":36,"column":2},"end":{"line":36,"column":7}},"loc":{"start":{"line":36,"column":24},"end":{"line":36,"column":44}}}},"branchMap":{"0":{"loc":{"start":{"line":23,"column":6},"end":{"line":25,"column":7}},"type":"if","locations":[{"start":{"line":23,"column":6},"end":{"line":25,"column":7}},{"start":{},"end":{}}]}},"s":{"0":0,"1":0,"2":0,"3":0,"4":0,"5":0,"6":0,"7":0,"8":0,"9":0,"10":0,"11":0,"12":0},"f":{"0":0,"1":0,"2":0},"b":{"0":[0,0]}}
,"/Users/isaidou/Documents/MYGES/Projet Annuel/izzzi-backend/src/modules/user/application/use-cases/UpdateProfile.use-case.ts": {"path":"/Users/isaidou/Documents/MYGES/Projet Annuel/izzzi-backend/src/modules/user/application/use-cases/UpdateProfile.use-case.ts","statementMap":{"0":{"start":{"line":1,"column":0},"end":{"line":1,"column":null}},"1":{"start":{"line":29,"column":4},"end":{"line":29,"column":18}},"2":{"start":{"line":21,"column":13},"end":{"line":21,"column":35}},"3":{"start":{"line":22,"column":21},"end":{"line":22,"column":44}},"4":{"start":{"line":23,"column":21},"end":{"line":23,"column":52}},"5":{"start":{"line":24,"column":21},"end":{"line":24,"column":68}},"6":{"start":{"line":25,"column":21},"end":{"line":25,"column":81}},"7":{"start":{"line":26,"column":21},"end":{"line":26,"column":68}},"8":{"start":{"line":27,"column":21},"end":{"line":27,"column":59}},"9":{"start":{"line":33,"column":4},"end":{"line":136,"column":5}},"10":{"start":{"line":34,"column":6},"end":{"line":133,"column":9}},"11":{"start":{"line":35,"column":21},"end":{"line":35,"column":68}},"12":{"start":{"line":36,"column":8},"end":{"line":38,"column":9}},"13":{"start":{"line":37,"column":10},"end":{"line":37,"column":76}},"14":{"start":{"line":43,"column":12},"end":{"line":43,"column":14}},"15":{"start":{"line":45,"column":8},"end":{"line":47,"column":9}},"16":{"start":{"line":46,"column":10},"end":{"line":46,"column":55}},"17":{"start":{"line":49,"column":8},"end":{"line":51,"column":9}},"18":{"start":{"line":50,"column":10},"end":{"line":50,"column":53}},"19":{"start":{"line":53,"column":8},"end":{"line":56,"column":9}},"20":{"start":{"line":54,"column":10},"end":{"line":54,"column":41}},"21":{"start":{"line":55,"column":10},"end":{"line":55,"column":47}},"22":{"start":{"line":58,"column":8},"end":{"line":77,"column":9}},"23":{"start":{"line":59,"column":27},"end":{"line":59,"column":58}},"24":{"start":{"line":60,"column":27},"end":{"line":60,"column":37}},"25":{"start":{"line":62,"column":10},"end":{"line":64,"column":12}},"26":{"start":{"line":66,"column":31},"end":{"line":67,"column":null}},"27":{"start":{"line":70,"column":10},"end":{"line":73,"column":11}},"28":{"start":{"line":71,"column":12},"end":{"line":71,"column":56}},"29":{"start":{"line":72,"column":12},"end":{"line":72,"column":65}},"30":{"start":{"line":75,"column":10},"end":{"line":75,"column":43}},"31":{"start":{"line":76,"column":10},"end":{"line":76,"column":47}},"32":{"start":{"line":79,"column":8},"end":{"line":130,"column":9}},"33":{"start":{"line":84,"column":38},"end":{"line":85,"column":null}},"34":{"start":{"line":88,"column":10},"end":{"line":90,"column":11}},"35":{"start":{"line":89,"column":12},"end":{"line":89,"column":78}},"36":{"start":{"line":92,"column":10},"end":{"line":102,"column":11}},"37":{"start":{"line":98,"column":12},"end":{"line":101,"column":14}},"38":{"start":{"line":104,"column":31},"end":{"line":105,"column":null}},"39":{"start":{"line":108,"column":10},"end":{"line":113,"column":11}},"40":{"start":{"line":109,"column":12},"end":{"line":112,"column":14}},"41":{"start":{"line":115,"column":10},"end":{"line":129,"column":11}},"42":{"start":{"line":116,"column":32},"end":{"line":117,"column":null}},"43":{"start":{"line":120,"column":12},"end":{"line":125,"column":13}},"44":{"start":{"line":121,"column":14},"end":{"line":124,"column":16}},"45":{"start":{"line":127,"column":12},"end":{"line":127,"column":66}},"46":{"start":{"line":128,"column":12},"end":{"line":128,"column":65}},"47":{"start":{"line":132,"column":8},"end":{"line":132,"column":36}},"48":{"start":{"line":135,"column":6},"end":{"line":135,"column":30}},"49":{"start":{"line":19,"column":0},"end":{"line":19,"column":13}}},"fnMap":{"0":{"name":"(anonymous_0)","decl":{"start":{"line":20,"column":2},"end":{"line":20,"column":null}},"loc":{"start":{"line":27,"column":59},"end":{"line":30,"column":3}}},"1":{"name":"(anonymous_1)","decl":{"start":{"line":32,"column":2},"end":{"line":32,"column":7}},"loc":{"start":{"line":32,"column":40},"end":{"line":137,"column":3}}},"2":{"name":"(anonymous_2)","decl":{"start":{"line":34,"column":51},"end":{"line":34,"column":56}},"loc":{"start":{"line":34,"column":62},"end":{"line":133,"column":7}}},"3":{"name":"(anonymous_3)","decl":{"start":{"line":139,"column":2},"end":{"line":139,"column":7}},"loc":{"start":{"line":139,"column":24},"end":{"line":139,"column":44}}}},"branchMap":{"0":{"loc":{"start":{"line":36,"column":8},"end":{"line":38,"column":9}},"type":"if","locations":[{"start":{"line":36,"column":8},"end":{"line":38,"column":9}},{"start":{},"end":{}}]},"1":{"loc":{"start":{"line":45,"column":8},"end":{"line":47,"column":9}},"type":"if","locations":[{"start":{"line":45,"column":8},"end":{"line":47,"column":9}},{"start":{},"end":{}}]},"2":{"loc":{"start":{"line":49,"column":8},"end":{"line":51,"column":9}},"type":"if","locations":[{"start":{"line":49,"column":8},"end":{"line":51,"column":9}},{"start":{},"end":{}}]},"3":{"loc":{"start":{"line":53,"column":8},"end":{"line":56,"column":9}},"type":"if","locations":[{"start":{"line":53,"column":8},"end":{"line":56,"column":9}},{"start":{},"end":{}}]},"4":{"loc":{"start":{"line":58,"column":8},"end":{"line":77,"column":9}},"type":"if","locations":[{"start":{"line":58,"column":8},"end":{"line":77,"column":9}},{"start":{},"end":{}}]},"5":{"loc":{"start":{"line":58,"column":12},"end":{"line":58,"column":100}},"type":"binary-expr","locations":[{"start":{"line":58,"column":12},"end":{"line":58,"column":36}},{"start":{"line":58,"column":40},"end":{"line":58,"column":100}}]},"6":{"loc":{"start":{"line":70,"column":10},"end":{"line":73,"column":11}},"type":"if","locations":[{"start":{"line":70,"column":10},"end":{"line":73,"column":11}},{"start":{},"end":{}}]},"7":{"loc":{"start":{"line":79,"column":8},"end":{"line":130,"column":9}},"type":"if","locations":[{"start":{"line":79,"column":8},"end":{"line":130,"column":9}},{"start":{},"end":{}}]},"8":{"loc":{"start":{"line":80,"column":10},"end":{"line":82,"column":45}},"type":"binary-expr","locations":[{"start":{"line":80,"column":10},"end":{"line":80,"column":29}},{"start":{"line":81,"column":10},"end":{"line":81,"column":45}},{"start":{"line":82,"column":10},"end":{"line":82,"column":45}}]},"9":{"loc":{"start":{"line":88,"column":10},"end":{"line":90,"column":11}},"type":"if","locations":[{"start":{"line":88,"column":10},"end":{"line":90,"column":11}},{"start":{},"end":{}}]},"10":{"loc":{"start":{"line":92,"column":10},"end":{"line":102,"column":11}},"type":"if","locations":[{"start":{"line":92,"column":10},"end":{"line":102,"column":11}},{"start":{},"end":{}}]},"11":{"loc":{"start":{"line":108,"column":10},"end":{"line":113,"column":11}},"type":"if","locations":[{"start":{"line":108,"column":10},"end":{"line":113,"column":11}},{"start":{},"end":{}}]},"12":{"loc":{"start":{"line":115,"column":10},"end":{"line":129,"column":11}},"type":"if","locations":[{"start":{"line":115,"column":10},"end":{"line":129,"column":11}},{"start":{},"end":{}}]},"13":{"loc":{"start":{"line":120,"column":12},"end":{"line":125,"column":13}},"type":"if","locations":[{"start":{"line":120,"column":12},"end":{"line":125,"column":13}},{"start":{},"end":{}}]},"14":{"loc":{"start":{"line":120,"column":16},"end":{"line":120,"column":69}},"type":"binary-expr","locations":[{"start":{"line":120,"column":16},"end":{"line":120,"column":27}},{"start":{"line":120,"column":31},"end":{"line":120,"column":69}}]}},"s":{"0":0,"1":0,"2":0,"3":0,"4":0,"5":0,"6":0,"7":0,"8":0,"9":0,"10":0,"11":0,"12":0,"13":0,"14":0,"15":0,"16":0,"17":0,"18":0,"19":0,"20":0,"21":0,"22":0,"23":0,"24":0,"25":0,"26":0,"27":0,"28":0,"29":0,"30":0,"31":0,"32":0,"33":0,"34":0,"35":0,"36":0,"37":0,"38":0,"39":0,"40":0,"41":0,"42":0,"43":0,"44":0,"45":0,"46":0,"47":0,"48":0,"49":0},"f":{"0":0,"1":0,"2":0,"3":0},"b":{"0":[0,0],"1":[0,0],"2":[0,0],"3":[0,0],"4":[0,0],"5":[0,0],"6":[0,0],"7":[0,0],"8":[0,0,0],"9":[0,0],"10":[0,0],"11":[0,0],"12":[0,0],"13":[0,0],"14":[0,0]}}
,"/Users/isaidou/Documents/MYGES/Projet Annuel/izzzi-backend/src/utils/date.utils.ts": {"path":"/Users/isaidou/Documents/MYGES/Projet Annuel/izzzi-backend/src/utils/date.utils.ts","statementMap":{"0":{"start":{"line":3,"column":19},"end":{"line":3,"column":33}},"1":{"start":{"line":4,"column":4},"end":{"line":4,"column":47}},"2":{"start":{"line":5,"column":4},"end":{"line":5,"column":18}},"3":{"start":{"line":1,"column":0},"end":{"line":1,"column":13}}},"fnMap":{"0":{"name":"(anonymous_0)","decl":{"start":{"line":2,"column":2},"end":{"line":2,"column":8}},"loc":{"start":{"line":2,"column":43},"end":{"line":6,"column":3}}}},"branchMap":{},"s":{"0":32,"1":32,"2":32,"3":4},"f":{"0":32},"b":{}}
,"/Users/isaidou/Documents/MYGES/Projet Annuel/izzzi-backend/src/utils/general.utils.ts": {"path":"/Users/isaidou/Documents/MYGES/Projet Annuel/izzzi-backend/src/utils/general.utils.ts","statementMap":{"0":{"start":{"line":1,"column":0},"end":{"line":1,"column":25}},"1":{"start":{"line":2,"column":0},"end":{"line":2,"column":29}},"2":{"start":{"line":3,"column":0},"end":{"line":3,"column":41}},"3":{"start":{"line":4,"column":0},"end":{"line":4,"column":33}},"4":{"start":{"line":7,"column":30},"end":{"line":19,"column":3}},"5":{"start":{"line":11,"column":25},"end":{"line":14,"column":null}},"6":{"start":{"line":16,"column":28},"end":{"line":16,"column":66}},"7":{"start":{"line":17,"column":21},"end":{"line":17,"column":56}},"8":{"start":{"line":18,"column":4},"end":{"line":18,"column":31}},"9":{"start":{"line":22,"column":4},"end":{"line":22,"column":54}},"10":{"start":{"line":26,"column":4},"end":{"line":34,"column":27}},"11":{"start":{"line":38,"column":4},"end":{"line":41,"column":43}},"12":{"start":{"line":40,"column":22},"end":{"line":40,"column":34}},"13":{"start":{"line":41,"column":25},"end":{"line":41,"column":41}},"14":{"start":{"line":45,"column":4},"end":{"line":45,"column":67}},"15":{"start":{"line":49,"column":17},"end":{"line":49,"column":38}},"16":{"start":{"line":50,"column":4},"end":{"line":50,"column":79}},"17":{"start":{"line":6,"column":0},"end":{"line":6,"column":13}}},"fnMap":{"0":{"name":"(anonymous_9)","decl":{"start":{"line":7,"column":30},"end":{"line":7,"column":null}},"loc":{"start":{"line":10,"column":6},"end":{"line":19,"column":3}}},"1":{"name":"(anonymous_10)","decl":{"start":{"line":21,"column":2},"end":{"line":21,"column":8}},"loc":{"start":{"line":21,"column":37},"end":{"line":23,"column":3}}},"2":{"name":"(anonymous_11)","decl":{"start":{"line":25,"column":2},"end":{"line":25,"column":8}},"loc":{"start":{"line":25,"column":34},"end":{"line":35,"column":3}}},"3":{"name":"(anonymous_12)","decl":{"start":{"line":37,"column":2},"end":{"line":37,"column":8}},"loc":{"start":{"line":37,"column":41},"end":{"line":42,"column":3}}},"4":{"name":"(anonymous_13)","decl":{"start":{"line":40,"column":11},"end":{"line":40,"column":12}},"loc":{"start":{"line":40,"column":22},"end":{"line":40,"column":34}}},"5":{"name":"(anonymous_14)","decl":{"start":{"line":41,"column":14},"end":{"line":41,"column":15}},"loc":{"start":{"line":41,"column":25},"end":{"line":41,"column":41}}},"6":{"name":"(anonymous_15)","decl":{"start":{"line":44,"column":2},"end":{"line":44,"column":8}},"loc":{"start":{"line":44,"column":32},"end":{"line":46,"column":3}}},"7":{"name":"(anonymous_16)","decl":{"start":{"line":48,"column":2},"end":{"line":48,"column":8}},"loc":{"start":{"line":48,"column":55},"end":{"line":51,"column":3}}}},"branchMap":{},"s":{"0":10,"1":10,"2":10,"3":10,"4":10,"5":0,"6":0,"7":0,"8":0,"9":60,"10":21,"11":8,"12":18,"13":18,"14":9,"15":2,"16":2,"17":10},"f":{"0":0,"1":60,"2":21,"3":8,"4":18,"5":18,"6":9,"7":2},"b":{}}
}
