TN:
SF:src/core/application/handlers/core.handler.ts
FN:10,(anonymous_0)
FN:15,(anonymous_1)
FN:21,(anonymous_2)
FNF:3
FNH:0
FNDA:0,(anonymous_0)
FNDA:0,(anonymous_1)
FNDA:0,(anonymous_2)
DA:9,27
DA:10,0
DA:16,0
DA:22,0
LF:4
LH:1
BRF:0
BRH:0
end_of_record
TN:
SF:src/core/application/handlers/handler.registry.ts
FN:10,(anonymous_0)
FN:15,(anonymous_1)
FN:19,(anonymous_2)
FN:26,(anonymous_3)
FN:38,(anonymous_4)
FN:58,(anonymous_5)
FN:59,(anonymous_6)
FNF:7
FNH:0
FNDA:0,(anonymous_0)
FNDA:0,(anonymous_1)
FNDA:0,(anonymous_2)
FNDA:0,(anonymous_3)
FNDA:0,(anonymous_4)
FNDA:0,(anonymous_5)
FNDA:0,(anonymous_6)
DA:3,27
DA:4,27
DA:7,27
DA:8,0
DA:11,0
DA:12,0
DA:16,0
DA:17,0
DA:19,0
DA:20,0
DA:22,0
DA:23,0
DA:27,0
DA:29,0
DA:30,0
DA:31,0
DA:34,0
DA:38,0
DA:39,0
DA:40,0
DA:41,0
DA:44,0
DA:45,0
DA:55,0
DA:59,0
DA:60,0
LF:26
LH:3
BRDA:16,0,0,0
BRDA:16,0,1,0
BRDA:27,1,0,0
BRDA:27,1,1,0
BRDA:29,2,0,0
BRDA:29,2,1,0
BRDA:40,3,0,0
BRDA:40,3,1,0
BRF:8
BRH:0
end_of_record
TN:
SF:src/core/application/uses-cases/base.use-case.ts
FN:15,(anonymous_0)
FN:19,(anonymous_1)
FN:23,(anonymous_2)
FN:44,(anonymous_3)
FN:50,(anonymous_4)
FN:54,(anonymous_5)
FNF:6
FNH:4
FNDA:81,(anonymous_0)
FNDA:54,(anonymous_1)
FNDA:2,(anonymous_2)
FNDA:4,(anonymous_3)
FNDA:0,(anonymous_4)
FNDA:0,(anonymous_5)
DA:1,27
DA:2,27
DA:3,27
DA:12,27
DA:16,81
DA:20,54
DA:21,50
DA:22,2
DA:23,2
DA:27,50
DA:30,4
DA:36,4
DA:43,4
DA:44,4
DA:47,4
DA:51,0
DA:58,0
LF:17
LH:15
BRDA:20,0,0,50
BRDA:20,0,1,4
BRDA:21,1,0,2
BRDA:21,1,1,48
BRDA:31,2,0,4
BRDA:31,2,1,0
BRDA:32,3,0,4
BRDA:32,3,1,0
BRDA:33,4,0,4
BRDA:33,4,1,0
BRF:10
BRH:7
end_of_record
TN:
SF:src/core/domain/types.ts
FN:1,(anonymous_0)
FNF:1
FNH:1
FNDA:27,(anonymous_0)
DA:1,27
DA:2,27
DA:3,27
DA:4,27
LF:4
LH:4
BRDA:1,0,0,27
BRDA:1,0,1,27
BRF:2
BRH:2
end_of_record
TN:
SF:src/core/domain/constants/http-status.constants.ts
FNF:0
FNH:0
DA:1,27
LF:1
LH:1
BRF:0
BRH:0
end_of_record
TN:
SF:src/core/domain/entities/base.entity.ts
FN:4,(anonymous_0)
FN:17,(anonymous_1)
FN:31,(anonymous_2)
FN:45,(anonymous_3)
FNF:4
FNH:2
FNDA:39,(anonymous_0)
FNDA:20,(anonymous_1)
FNDA:0,(anonymous_2)
FNDA:0,(anonymous_3)
DA:1,27
DA:3,27
DA:9,39
DA:10,1
DA:23,20
DA:24,0
DA:37,0
DA:38,0
DA:46,0
LF:9
LH:5
BRDA:9,0,0,1
BRDA:9,0,1,38
BRDA:9,1,0,39
BRDA:9,1,1,38
BRDA:11,2,0,1
BRDA:11,2,1,0
BRDA:23,3,0,0
BRDA:23,3,1,20
BRDA:25,4,0,0
BRDA:25,4,1,0
BRDA:37,5,0,0
BRDA:37,5,1,0
BRDA:39,6,0,0
BRDA:39,6,1,0
BRF:14
BRH:6
end_of_record
TN:
SF:src/core/domain/errors/application.error.ts
FN:8,(anonymous_0)
FNF:1
FNH:1
FNDA:6,(anonymous_0)
DA:1,27
DA:3,27
DA:4,6
DA:5,6
DA:9,6
DA:10,6
LF:6
LH:6
BRF:0
BRH:0
end_of_record
TN:
SF:src/core/domain/errors/code.error.ts
FN:1,(anonymous_0)
FNF:1
FNH:1
FNDA:27,(anonymous_0)
DA:1,27
DA:3,27
DA:4,27
DA:5,27
DA:6,27
DA:7,27
DA:10,27
DA:13,27
DA:14,27
DA:17,27
DA:18,27
DA:19,27
DA:20,27
DA:21,27
DA:22,27
DA:23,27
DA:24,27
DA:25,27
DA:26,27
DA:27,27
DA:28,27
DA:29,27
DA:30,27
DA:32,27
DA:33,27
DA:34,27
DA:35,27
DA:36,27
DA:37,27
DA:38,27
DA:39,27
DA:41,27
DA:42,27
DA:43,27
DA:46,27
DA:47,27
DA:48,27
DA:49,27
DA:50,27
DA:51,27
DA:52,27
DA:55,27
DA:56,27
DA:57,27
DA:58,27
DA:59,27
DA:60,27
DA:61,27
DA:62,27
DA:63,27
DA:64,27
DA:65,27
DA:66,27
DA:69,27
DA:70,27
DA:71,27
DA:72,27
DA:73,27
DA:74,27
DA:75,27
DA:76,27
DA:77,27
DA:80,27
DA:81,27
DA:82,27
DA:83,27
DA:84,27
DA:85,27
DA:88,27
DA:89,27
DA:90,27
DA:91,27
DA:94,27
DA:95,27
DA:96,27
DA:97,27
DA:98,27
DA:99,27
DA:100,27
DA:103,27
DA:104,27
DA:105,27
DA:106,27
DA:107,27
DA:108,27
DA:109,27
DA:110,27
DA:111,27
DA:112,27
DA:114,27
DA:117,27
DA:118,27
DA:119,27
DA:120,27
DA:121,27
DA:122,27
DA:123,27
DA:124,27
DA:125,27
LF:99
LH:99
BRDA:1,0,0,27
BRDA:1,0,1,27
BRF:2
BRH:2
end_of_record
TN:
SF:src/core/domain/errors/custom.error.ts
FN:12,(anonymous_0)
FNF:1
FNH:1
FNDA:102,(anonymous_0)
DA:7,27
DA:13,102
DA:14,102
LF:3
LH:3
BRF:0
BRH:0
end_of_record
TN:
SF:src/core/domain/errors/domain.error.ts
FN:9,(anonymous_0)
FNF:1
FNH:1
FNDA:96,(anonymous_0)
DA:1,27
DA:2,27
DA:4,27
DA:6,96
DA:15,96
DA:16,96
DA:17,96
LF:7
LH:7
BRDA:13,0,0,93
BRF:1
BRH:1
end_of_record
TN:
SF:src/core/domain/value-objects/email.vo.ts
FN:6,(anonymous_0)
FN:10,(anonymous_1)
FN:21,(anonymous_2)
FN:25,(anonymous_3)
FN:71,(anonymous_4)
FN:75,(anonymous_5)
FN:79,(anonymous_6)
FN:83,(anonymous_7)
FN:87,(anonymous_8)
FN:104,(anonymous_9)
FN:109,(anonymous_10)
FN:113,(anonymous_11)
FNF:12
FNH:12
FNDA:45,(anonymous_0)
FNDA:63,(anonymous_1)
FNDA:61,(anonymous_2)
FNDA:61,(anonymous_3)
FNDA:22,(anonymous_4)
FNDA:2,(anonymous_5)
FNDA:6,(anonymous_6)
FNDA:4,(anonymous_7)
FNDA:8,(anonymous_8)
FNDA:5,(anonymous_9)
FNDA:1,(anonymous_10)
FNDA:1,(anonymous_11)
DA:1,27
DA:3,27
DA:7,45
DA:11,63
DA:12,2
DA:15,61
DA:16,61
DA:18,45
DA:22,61
DA:27,61
DA:29,61
DA:30,10
DA:33,51
DA:34,2
DA:40,49
DA:42,49
DA:43,2
DA:49,47
DA:50,2
DA:56,45
DA:57,0
DA:63,45
DA:64,0
DA:72,22
DA:76,2
DA:80,6
DA:84,4
DA:88,8
DA:89,8
DA:92,8
DA:97,8
DA:101,8
DA:105,5
DA:106,3
DA:110,1
DA:114,1
LF:36
LH:34
BRDA:11,0,0,2
BRDA:11,0,1,61
BRDA:29,1,0,10
BRDA:29,1,1,51
BRDA:33,2,0,2
BRDA:33,2,1,49
BRDA:42,3,0,2
BRDA:42,3,1,47
BRDA:49,4,0,2
BRDA:49,4,1,45
BRDA:56,5,0,0
BRDA:56,5,1,45
BRDA:63,6,0,0
BRDA:63,6,1,45
BRDA:63,7,0,45
BRDA:63,7,1,45
BRDA:92,8,0,6
BRDA:92,8,1,2
BRDA:97,9,0,7
BRDA:97,9,1,1
BRDA:105,10,0,2
BRDA:105,10,1,3
BRF:22
BRH:20
end_of_record
TN:
SF:src/core/infrastructure/exceptions/exception.filter.ts
FN:15,(anonymous_2)
FN:17,(anonymous_3)
FN:30,(anonymous_4)
FN:36,(anonymous_5)
FNF:4
FNH:0
FNDA:0,(anonymous_2)
FNDA:0,(anonymous_3)
FNDA:0,(anonymous_4)
FNDA:0,(anonymous_5)
DA:1,27
DA:10,27
DA:11,27
DA:14,27
DA:15,0
DA:18,0
DA:19,0
DA:20,0
DA:22,0
DA:23,0
DA:24,0
DA:31,0
DA:36,0
DA:44,0
DA:45,0
DA:46,0
DA:50,0
DA:51,0
DA:60,0
DA:69,0
DA:70,0
DA:74,0
LF:22
LH:4
BRDA:22,0,0,0
BRDA:22,0,1,0
BRDA:23,1,0,0
BRDA:23,1,1,0
BRDA:31,2,0,0
BRDA:31,2,1,0
BRDA:44,3,0,0
BRDA:44,3,1,0
BRDA:50,4,0,0
BRDA:50,4,1,0
BRDA:15,5,0,27
BRDA:15,5,1,0
BRDA:15,6,0,27
BRDA:15,6,1,27
BRF:14
BRH:3
end_of_record
TN:
SF:src/core/infrastructure/interceptors/request.interceptor.ts
FN:12,(anonymous_2)
FN:13,(anonymous_3)
FN:20,(anonymous_4)
FN:24,(anonymous_5)
FNF:4
FNH:0
FNDA:0,(anonymous_2)
FNDA:0,(anonymous_3)
FNDA:0,(anonymous_4)
FNDA:0,(anonymous_5)
DA:1,27
DA:7,27
DA:8,27
DA:11,27
DA:12,0
DA:14,0
DA:15,0
DA:16,0
DA:17,0
DA:18,0
DA:21,0
DA:22,0
DA:25,0
DA:26,0
LF:14
LH:4
BRDA:12,0,0,27
BRDA:12,0,1,0
BRDA:12,1,0,27
BRDA:12,1,1,27
BRF:4
BRH:3
end_of_record
TN:
SF:src/core/infrastructure/services/cache-store.adapter.ts
FN:8,(anonymous_4)
FN:10,(anonymous_5)
FN:14,(anonymous_6)
FN:18,(anonymous_7)
FN:22,(anonymous_8)
FN:26,(anonymous_9)
FN:31,(anonymous_10)
FN:32,(anonymous_11)
FN:35,(anonymous_12)
FN:36,(anonymous_13)
FNF:10
FNH:0
FNDA:0,(anonymous_4)
FNDA:0,(anonymous_5)
FNDA:0,(anonymous_6)
FNDA:0,(anonymous_7)
FNDA:0,(anonymous_8)
FNDA:0,(anonymous_9)
FNDA:0,(anonymous_10)
FNDA:0,(anonymous_11)
FNDA:0,(anonymous_12)
FNDA:0,(anonymous_13)
DA:2,0
DA:3,0
DA:7,0
DA:8,0
DA:11,0
DA:15,0
DA:19,0
DA:23,0
DA:27,0
DA:28,0
DA:32,0
DA:36,0
LF:12
LH:0
BRF:0
BRH:0
end_of_record
TN:
SF:src/core/infrastructure/services/event.store.ts
FN:12,(anonymous_4)
FN:14,(anonymous_5)
FN:24,(anonymous_6)
FN:32,(anonymous_7)
FNF:4
FNH:0
FNDA:0,(anonymous_4)
FNDA:0,(anonymous_5)
FNDA:0,(anonymous_6)
FNDA:0,(anonymous_7)
DA:1,27
DA:2,27
DA:3,27
DA:8,27
DA:9,0
DA:10,0
DA:12,0
DA:15,0
DA:16,0
DA:28,0
DA:29,0
DA:30,0
DA:33,0
LF:13
LH:4
BRDA:28,0,0,0
BRDA:28,0,1,0
BRDA:12,1,0,27
BRDA:12,1,1,0
BRDA:12,2,0,27
BRDA:12,2,1,27
BRF:6
BRH:3
end_of_record
TN:
SF:src/core/infrastructure/services/in-memory.event.store.ts
FN:12,(anonymous_1)
FN:16,(anonymous_2)
FN:17,(anonymous_3)
FN:21,(anonymous_4)
FNF:4
FNH:0
FNDA:0,(anonymous_1)
FNDA:0,(anonymous_2)
FNDA:0,(anonymous_3)
FNDA:0,(anonymous_4)
DA:1,0
DA:5,0
DA:6,0
DA:10,0
DA:13,0
DA:14,0
DA:16,0
DA:17,0
DA:25,0
LF:9
LH:0
BRDA:16,0,0,0
BRDA:16,0,1,0
BRF:2
BRH:0
end_of_record
TN:
SF:src/core/infrastructure/services/logger.service.ts
FN:9,(anonymous_1)
FN:13,(anonymous_2)
FN:17,(anonymous_3)
FNF:3
FNH:0
FNDA:0,(anonymous_1)
FNDA:0,(anonymous_2)
FNDA:0,(anonymous_3)
DA:1,27
DA:6,27
DA:7,0
DA:10,0
DA:14,0
DA:18,0
LF:6
LH:2
BRF:0
BRH:0
end_of_record
TN:
SF:src/core/infrastructure/unit-of-work/typeOrm.unit-of-work.ts
FN:8,(anonymous_0)
FN:10,(anonymous_1)
FN:36,(anonymous_2)
FN:46,(anonymous_3)
FNF:4
FNH:0
FNDA:0,(anonymous_0)
FNDA:0,(anonymous_1)
FNDA:0,(anonymous_2)
FNDA:0,(anonymous_3)
DA:4,27
DA:8,0
DA:13,0
DA:14,0
DA:15,0
DA:16,0
DA:18,0
DA:19,0
DA:20,0
DA:21,0
DA:23,0
DA:24,0
DA:26,0
DA:28,0
DA:29,0
DA:31,0
DA:32,0
DA:37,0
DA:38,0
DA:42,0
DA:47,0
DA:48,0
DA:52,0
LF:23
LH:1
BRDA:23,0,0,0
BRDA:23,0,1,0
BRDA:23,1,0,0
BRDA:23,1,1,0
BRDA:28,2,0,0
BRDA:28,2,1,0
BRDA:37,3,0,0
BRDA:37,3,1,0
BRDA:47,4,0,0
BRDA:47,4,1,0
BRF:10
BRH:0
end_of_record
TN:
SF:src/core/interfaces/config.global.ts
FN:1,(anonymous_0)
FNF:1
FNH:0
FNDA:0,(anonymous_0)
DA:1,0
LF:1
LH:0
BRDA:3,0,0,0
BRDA:3,0,1,0
BRDA:5,1,0,0
BRDA:5,1,1,0
BRDA:6,2,0,0
BRDA:6,2,1,0
BRDA:7,3,0,0
BRDA:7,3,1,0
BRDA:8,4,0,0
BRDA:8,4,1,0
BRDA:9,5,0,0
BRDA:9,5,1,0
BRDA:14,6,0,0
BRDA:14,6,1,0
BRDA:15,7,0,0
BRDA:15,7,1,0
BRDA:16,8,0,0
BRDA:16,8,1,0
BRDA:17,9,0,0
BRDA:17,9,1,0
BRF:20
BRH:0
end_of_record
TN:
SF:src/core/interfaces/decorators/current-user.decorator.ts
FN:4,(anonymous_0)
FNF:1
FNH:0
FNDA:0,(anonymous_0)
DA:1,27
DA:3,27
DA:5,0
DA:6,0
LF:4
LH:2
BRF:0
BRH:0
end_of_record
TN:
SF:src/core/interfaces/decorators/refreshToken.decorator.ts
FN:4,(anonymous_0)
FNF:1
FNH:0
FNDA:0,(anonymous_0)
DA:1,0
DA:3,0
DA:5,0
DA:6,0
DA:8,0
DA:9,0
DA:14,0
LF:7
LH:0
BRDA:8,0,0,0
BRDA:8,0,1,0
BRF:2
BRH:0
end_of_record
TN:
SF:src/core/interfaces/decorators/role.decorator.ts
FN:6,(anonymous_0)
FNF:1
FNH:0
FNDA:0,(anonymous_0)
DA:1,27
DA:5,27
DA:6,27
LF:3
LH:3
BRF:0
BRH:0
end_of_record
TN:
SF:src/core/interfaces/guards/auth.guard.ts
FN:13,(anonymous_2)
FN:18,(anonymous_3)
FN:40,(anonymous_4)
FN:54,(anonymous_5)
FN:59,(anonymous_6)
FNF:5
FNH:0
FNDA:0,(anonymous_2)
FNDA:0,(anonymous_3)
FNDA:0,(anonymous_4)
FNDA:0,(anonymous_5)
FNDA:0,(anonymous_6)
DA:2,27
DA:3,27
DA:9,27
DA:12,27
DA:14,0
DA:15,0
DA:19,0
DA:21,0
DA:23,0
DA:24,0
DA:27,0
DA:28,0
DA:32,0
DA:34,0
DA:36,0
DA:41,0
DA:42,0
DA:43,0
DA:46,0
DA:47,0
DA:48,0
DA:51,0
DA:55,0
DA:56,0
DA:60,0
LF:25
LH:4
BRDA:23,0,0,0
BRDA:23,0,1,0
BRDA:42,1,0,0
BRDA:42,1,1,0
BRDA:47,2,0,0
BRDA:47,2,1,0
BRDA:55,3,0,0
BRDA:55,3,1,0
BRDA:56,4,0,0
BRDA:56,4,1,0
BRDA:14,5,0,27
BRDA:14,5,1,0
BRDA:14,6,0,27
BRDA:14,6,1,27
BRDA:14,7,0,27
BRDA:14,7,1,0
BRDA:14,8,0,27
BRDA:14,8,1,27
BRF:18
BRH:6
end_of_record
TN:
SF:src/core/interfaces/guards/refreshToken.guard.ts
FN:11,(anonymous_1)
FN:25,(anonymous_2)
FN:45,(anonymous_3)
FN:53,(anonymous_4)
FN:57,(anonymous_5)
FNF:5
FNH:0
FNDA:0,(anonymous_1)
FNDA:0,(anonymous_2)
FNDA:0,(anonymous_3)
FNDA:0,(anonymous_4)
FNDA:0,(anonymous_5)
DA:2,0
DA:10,0
DA:12,0
DA:14,0
DA:16,0
DA:17,0
DA:20,0
DA:22,0
DA:27,0
DA:28,0
DA:29,0
DA:32,0
DA:33,0
DA:34,0
DA:37,0
DA:38,0
DA:39,0
DA:42,0
DA:46,0
DA:47,0
DA:48,0
DA:50,0
DA:54,0
DA:58,0
DA:59,0
LF:25
LH:0
BRDA:16,0,0,0
BRDA:16,0,1,0
BRDA:28,1,0,0
BRDA:28,1,1,0
BRDA:33,2,0,0
BRDA:33,2,1,0
BRDA:38,3,0,0
BRDA:38,3,1,0
BRDA:47,4,0,0
BRDA:47,4,1,0
BRDA:47,5,0,0
BRDA:47,5,1,0
BRDA:48,6,0,0
BRDA:48,6,1,0
BRDA:59,7,0,0
BRDA:59,7,1,0
BRF:16
BRH:0
end_of_record
TN:
SF:src/core/interfaces/guards/role.guard.ts
FN:25,(anonymous_4)
FN:32,(anonymous_5)
FN:68,(anonymous_6)
FN:70,(anonymous_7)
FN:83,(anonymous_8)
FN:89,(anonymous_9)
FN:110,(anonymous_10)
FN:131,(anonymous_11)
FN:28,(anonymous_12)
FNF:9
FNH:0
FNDA:0,(anonymous_4)
FNDA:0,(anonymous_5)
FNDA:0,(anonymous_6)
FNDA:0,(anonymous_7)
FNDA:0,(anonymous_8)
FNDA:0,(anonymous_9)
FNDA:0,(anonymous_10)
FNDA:0,(anonymous_11)
FNDA:0,(anonymous_12)
DA:1,27
DA:2,27
DA:3,27
DA:12,27
DA:14,27
DA:15,27
DA:20,27
DA:22,0
DA:23,0
DA:26,0
DA:27,0
DA:28,0
DA:29,0
DA:33,0
DA:38,0
DA:39,0
DA:42,0
DA:43,0
DA:45,0
DA:46,0
DA:49,0
DA:51,0
DA:52,0
DA:53,0
DA:54,0
DA:56,0
DA:57,0
DA:60,0
DA:62,0
DA:63,0
DA:66,0
DA:68,0
DA:69,0
DA:71,0
DA:76,0
DA:77,0
DA:81,0
DA:82,0
DA:83,0
DA:86,0
DA:90,0
DA:93,0
DA:97,0
DA:98,0
DA:101,0
DA:102,0
DA:103,0
DA:104,0
DA:106,0
DA:111,0
DA:113,0
DA:115,0
DA:116,0
DA:119,0
DA:120,0
DA:121,0
DA:123,0
DA:125,0
DA:127,0
DA:132,0
DA:133,0
DA:136,0
DA:137,0
DA:140,0
DA:141,0
DA:144,0
DA:145,0
DA:148,0
LF:68
LH:7
BRDA:38,0,0,0
BRDA:38,0,1,0
BRDA:38,1,0,0
BRDA:38,1,1,0
BRDA:45,2,0,0
BRDA:45,2,1,0
BRDA:51,3,0,0
BRDA:51,3,1,0
BRDA:53,4,0,0
BRDA:53,4,1,0
BRDA:62,5,0,0
BRDA:62,5,1,0
BRDA:71,6,0,0
BRDA:71,6,1,0
BRDA:76,7,0,0
BRDA:76,7,1,0
BRDA:97,8,0,0
BRDA:97,8,1,0
BRDA:115,9,0,0
BRDA:115,9,1,0
BRDA:121,10,0,0
BRDA:121,10,1,0
BRDA:132,11,0,0
BRDA:132,11,1,0
BRDA:136,12,0,0
BRDA:136,12,1,0
BRDA:140,13,0,0
BRDA:140,13,1,0
BRDA:144,14,0,0
BRDA:144,14,1,0
BRDA:26,15,0,27
BRDA:26,15,1,0
BRDA:26,16,0,27
BRDA:26,16,1,27
BRDA:26,17,0,27
BRDA:26,17,1,0
BRDA:26,18,0,27
BRDA:26,18,1,27
BRF:38
BRH:6
end_of_record
TN:
SF:src/modules/auth/application/facades/auth.facade.ts
FN:28,(anonymous_0)
FN:42,(anonymous_1)
FN:50,(anonymous_2)
FN:58,(anonymous_3)
FN:66,(anonymous_4)
FN:74,(anonymous_5)
FN:84,(anonymous_6)
FN:92,(anonymous_7)
FN:100,(anonymous_8)
FN:108,(anonymous_9)
FN:118,(anonymous_10)
FNF:11
FNH:0
FNDA:0,(anonymous_0)
FNDA:0,(anonymous_1)
FNDA:0,(anonymous_2)
FNDA:0,(anonymous_3)
FNDA:0,(anonymous_4)
FNDA:0,(anonymous_5)
FNDA:0,(anonymous_6)
FNDA:0,(anonymous_7)
FNDA:0,(anonymous_8)
FNDA:0,(anonymous_9)
FNDA:0,(anonymous_10)
DA:27,0
DA:29,0
DA:30,0
DA:31,0
DA:32,0
DA:33,0
DA:34,0
DA:35,0
DA:36,0
DA:37,0
DA:38,0
DA:39,0
DA:43,0
DA:44,0
DA:46,0
DA:51,0
DA:52,0
DA:54,0
DA:59,0
DA:60,0
DA:62,0
DA:67,0
DA:68,0
DA:70,0
DA:77,0
DA:78,0
DA:80,0
DA:85,0
DA:86,0
DA:88,0
DA:93,0
DA:94,0
DA:96,0
DA:101,0
DA:102,0
DA:104,0
DA:109,0
DA:110,0
DA:114,0
DA:119,0
DA:120,0
DA:122,0
LF:42
LH:0
BRF:0
BRH:0
end_of_record
TN:
SF:src/modules/auth/application/handlers/AuthIdentityFailed.handler.ts
FN:7,(anonymous_0)
FN:15,(anonymous_1)
FN:27,(anonymous_2)
FNF:3
FNH:0
FNDA:0,(anonymous_0)
FNDA:0,(anonymous_1)
FNDA:0,(anonymous_2)
DA:1,0
DA:6,0
DA:8,0
DA:9,0
DA:10,0
DA:12,0
DA:16,0
DA:18,0
DA:19,0
DA:23,0
DA:28,0
LF:11
LH:0
BRF:0
BRH:0
end_of_record
TN:
SF:src/modules/auth/application/handlers/UserFailed.handler.ts
FN:6,(anonymous_0)
FN:14,(anonymous_1)
FN:24,(anonymous_2)
FNF:3
FNH:0
FNDA:0,(anonymous_0)
FNDA:0,(anonymous_1)
FNDA:0,(anonymous_2)
DA:1,0
DA:5,0
DA:7,0
DA:8,0
DA:9,0
DA:11,0
DA:15,0
DA:17,0
DA:18,0
DA:20,0
DA:25,0
LF:11
LH:0
BRF:0
BRH:0
end_of_record
TN:
SF:src/modules/auth/application/services/auth.service.ts
FN:16,(anonymous_0)
FN:23,(anonymous_1)
FNF:2
FNH:0
FNDA:0,(anonymous_0)
FNDA:0,(anonymous_1)
DA:3,0
DA:11,0
DA:15,0
DA:17,0
DA:18,0
DA:19,0
DA:20,0
DA:27,0
DA:28,0
DA:30,0
DA:32,0
DA:35,0
DA:36,0
DA:44,0
DA:45,0
DA:47,0
DA:48,0
DA:50,0
DA:60,0
DA:62,0
DA:63,0
LF:21
LH:0
BRDA:35,0,0,0
BRDA:35,0,1,0
BRF:2
BRH:0
end_of_record
TN:
SF:src/modules/auth/application/use-cases/ChangePassword.use-case.ts
FN:12,(anonymous_0)
FN:19,(anonymous_1)
FN:27,(anonymous_2)
FNF:3
FNH:2
FNDA:4,(anonymous_0)
FNDA:4,(anonymous_1)
FNDA:0,(anonymous_2)
DA:1,1
DA:11,1
DA:13,4
DA:14,4
DA:16,4
DA:20,4
DA:21,4
DA:23,3
LF:8
LH:8
BRF:0
BRH:0
end_of_record
TN:
SF:src/modules/auth/application/use-cases/ConfirmSignUp.use-case.ts
FN:7,(anonymous_0)
FN:14,(anonymous_1)
FN:23,(anonymous_2)
FNF:3
FNH:2
FNDA:4,(anonymous_0)
FNDA:4,(anonymous_1)
FNDA:0,(anonymous_2)
DA:1,1
DA:6,1
DA:8,4
DA:9,4
DA:11,4
DA:15,4
DA:16,4
DA:17,2
DA:19,2
LF:9
LH:9
BRF:0
BRH:0
end_of_record
TN:
SF:src/modules/auth/application/use-cases/ForgotPassword.use-case.ts
FN:5,(anonymous_0)
FN:12,(anonymous_1)
FN:22,(anonymous_2)
FNF:3
FNH:2
FNDA:4,(anonymous_0)
FNDA:4,(anonymous_1)
FNDA:0,(anonymous_2)
DA:1,1
DA:4,1
DA:6,4
DA:7,4
DA:9,4
DA:15,4
DA:16,4
DA:18,2
LF:8
LH:8
BRF:0
BRH:0
end_of_record
TN:
SF:src/modules/auth/application/use-cases/RefreshAccessToken.use-case.ts
FN:9,(anonymous_0)
FN:16,(anonymous_1)
FN:24,(anonymous_2)
FNF:3
FNH:2
FNDA:4,(anonymous_0)
FNDA:4,(anonymous_1)
FNDA:0,(anonymous_2)
DA:1,1
DA:8,1
DA:10,4
DA:11,4
DA:13,4
DA:17,4
DA:18,4
DA:20,3
LF:8
LH:8
BRF:0
BRH:0
end_of_record
TN:
SF:src/modules/auth/application/use-cases/ResetPassword.use-case.ts
FN:5,(anonymous_0)
FN:12,(anonymous_1)
FN:20,(anonymous_2)
FNF:3
FNH:2
FNDA:4,(anonymous_0)
FNDA:4,(anonymous_1)
FNDA:0,(anonymous_2)
DA:1,1
DA:4,1
DA:6,4
DA:7,4
DA:9,4
DA:13,4
DA:14,4
DA:16,3
LF:8
LH:8
BRF:0
BRH:0
end_of_record
TN:
SF:src/modules/auth/application/use-cases/SignIn.use-case.ts
FN:10,(anonymous_0)
FN:17,(anonymous_1)
FN:25,(anonymous_2)
FNF:3
FNH:3
FNDA:6,(anonymous_0)
FNDA:5,(anonymous_1)
FNDA:1,(anonymous_2)
DA:1,1
DA:9,1
DA:11,6
DA:12,6
DA:14,6
DA:18,5
DA:19,5
DA:21,4
LF:8
LH:8
BRF:0
BRH:0
end_of_record
TN:
SF:src/modules/auth/application/use-cases/SignUp.use-case.ts
FN:11,(anonymous_0)
FN:18,(anonymous_1)
FN:26,(anonymous_2)
FNF:3
FNH:3
FNDA:4,(anonymous_0)
FNDA:3,(anonymous_1)
FNDA:1,(anonymous_2)
DA:1,1
DA:10,1
DA:12,4
DA:13,4
DA:15,4
DA:19,3
DA:20,3
DA:22,2
DA:27,1
LF:9
LH:9
BRF:0
BRH:0
end_of_record
TN:
SF:src/modules/auth/application/use-cases/SignUpFromInvitation.use-case.ts
FN:28,(anonymous_0)
FN:38,(anonymous_1)
FN:215,(anonymous_2)
FNF:3
FNH:0
FNDA:0,(anonymous_0)
FNDA:0,(anonymous_1)
FNDA:0,(anonymous_2)
DA:1,0
DA:14,0
DA:24,0
DA:29,0
DA:30,0
DA:31,0
DA:32,0
DA:33,0
DA:35,0
DA:39,0
DA:40,0
DA:44,0
DA:45,0
DA:53,0
DA:54,0
DA:64,0
DA:66,0
DA:67,0
DA:75,0
DA:77,0
DA:78,0
DA:79,0
DA:81,0
DA:82,0
DA:84,0
DA:92,0
DA:101,0
DA:112,0
DA:120,0
DA:122,0
DA:136,0
DA:137,0
DA:138,0
DA:140,0
DA:149,0
DA:160,0
DA:168,0
DA:170,0
DA:184,0
DA:187,0
DA:188,0
DA:196,0
DA:197,0
DA:198,0
DA:200,0
DA:209,0
DA:211,0
LF:47
LH:0
BRDA:44,0,0,0
BRDA:44,0,1,0
BRDA:53,1,0,0
BRDA:53,1,1,0
BRDA:56,2,0,0
BRDA:56,2,1,0
BRDA:66,3,0,0
BRDA:66,3,1,0
BRDA:77,4,0,0
BRDA:77,4,1,0
BRDA:78,5,0,0
BRDA:78,5,1,0
BRDA:81,6,0,0
BRDA:81,6,1,0
BRDA:187,7,0,0
BRDA:187,7,1,0
BRF:16
BRH:0
end_of_record
TN:
SF:src/modules/auth/domain/types.ts
FN:44,(anonymous_0)
FN:115,(anonymous_1)
FNF:2
FNH:2
FNDA:2,(anonymous_0)
FNDA:2,(anonymous_1)
DA:44,2
DA:45,2
DA:46,2
DA:47,2
DA:48,2
DA:53,2
DA:115,2
DA:116,2
DA:117,2
DA:118,2
DA:119,2
LF:11
LH:11
BRDA:44,0,0,2
BRDA:44,0,1,2
BRDA:115,1,0,2
BRDA:115,1,1,2
BRF:4
BRH:4
end_of_record
TN:
SF:src/modules/auth/domain/entities/authIdentity.entity.ts
FN:8,(anonymous_0)
FN:12,(anonymous_1)
FN:32,(anonymous_2)
FN:40,(anonymous_3)
FN:44,(anonymous_4)
FN:52,(anonymous_5)
FN:65,(anonymous_6)
FN:81,(anonymous_7)
FN:90,(anonymous_8)
FN:102,(anonymous_9)
FN:118,(anonymous_10)
FN:128,(anonymous_11)
FN:138,(anonymous_12)
FN:141,(anonymous_13)
FN:144,(anonymous_14)
FN:147,(anonymous_15)
FN:150,(anonymous_16)
FN:153,(anonymous_17)
FN:156,(anonymous_18)
FN:159,(anonymous_19)
FN:162,(anonymous_20)
FN:165,(anonymous_21)
FN:168,(anonymous_22)
FN:171,(anonymous_23)
FN:174,(anonymous_24)
FN:178,(anonymous_25)
FN:182,(anonymous_26)
FNF:27
FNH:26
FNDA:20,(anonymous_0)
FNDA:19,(anonymous_1)
FNDA:1,(anonymous_2)
FNDA:2,(anonymous_3)
FNDA:1,(anonymous_4)
FNDA:3,(anonymous_5)
FNDA:8,(anonymous_6)
FNDA:3,(anonymous_7)
FNDA:3,(anonymous_8)
FNDA:3,(anonymous_9)
FNDA:2,(anonymous_10)
FNDA:2,(anonymous_11)
FNDA:3,(anonymous_12)
FNDA:2,(anonymous_13)
FNDA:1,(anonymous_14)
FNDA:3,(anonymous_15)
FNDA:3,(anonymous_16)
FNDA:1,(anonymous_17)
FNDA:4,(anonymous_18)
FNDA:5,(anonymous_19)
FNDA:2,(anonymous_20)
FNDA:4,(anonymous_21)
FNDA:4,(anonymous_22)
FNDA:0,(anonymous_23)
FNDA:4,(anonymous_24)
FNDA:1,(anonymous_25)
FNDA:1,(anonymous_26)
DA:1,1
DA:2,1
DA:3,1
DA:5,1
DA:9,20
DA:18,19
DA:33,1
DA:41,2
DA:45,1
DA:53,3
DA:54,1
DA:57,2
DA:58,1
DA:59,1
DA:62,1
DA:66,8
DA:73,8
DA:77,1
DA:82,3
DA:91,3
DA:92,3
DA:94,3
DA:103,3
DA:104,1
DA:110,2
DA:119,2
DA:129,2
DA:135,2
DA:139,3
DA:142,2
DA:145,1
DA:148,3
DA:151,3
DA:154,1
DA:157,4
DA:160,5
DA:163,2
DA:166,4
DA:169,4
DA:172,0
DA:175,4
DA:179,1
DA:183,1
LF:43
LH:42
BRDA:53,0,0,1
BRDA:53,0,1,2
BRDA:53,1,0,3
BRDA:53,1,1,2
BRDA:57,2,0,1
BRDA:57,2,1,1
BRDA:65,3,0,0
BRDA:68,4,0,8
BRDA:68,4,1,3
BRDA:73,5,0,1
BRDA:73,5,1,7
BRDA:74,6,0,8
BRDA:74,6,1,8
BRDA:103,7,0,1
BRDA:103,7,1,2
BRDA:160,8,0,5
BRDA:160,8,1,2
BRDA:169,9,0,4
BRDA:169,9,1,2
BRF:19
BRH:18
end_of_record
TN:
SF:src/modules/auth/domain/entities/passwordResetToken.entity.ts
FN:8,(anonymous_0)
FN:12,(anonymous_1)
FN:34,(anonymous_2)
FN:46,(anonymous_3)
FN:50,(anonymous_4)
FN:63,(anonymous_5)
FN:67,(anonymous_6)
FN:71,(anonymous_7)
FN:75,(anonymous_8)
FN:79,(anonymous_9)
FN:83,(anonymous_10)
FN:87,(anonymous_11)
FN:91,(anonymous_12)
FN:95,(anonymous_13)
FN:99,(anonymous_14)
FNF:15
FNH:14
FNDA:10,(anonymous_0)
FNDA:9,(anonymous_1)
FNDA:3,(anonymous_2)
FNDA:4,(anonymous_3)
FNDA:4,(anonymous_4)
FNDA:3,(anonymous_5)
FNDA:1,(anonymous_6)
FNDA:1,(anonymous_7)
FNDA:1,(anonymous_8)
FNDA:1,(anonymous_9)
FNDA:3,(anonymous_10)
FNDA:3,(anonymous_11)
FNDA:0,(anonymous_12)
FNDA:1,(anonymous_13)
FNDA:1,(anonymous_14)
DA:1,1
DA:5,1
DA:9,10
DA:18,9
DA:20,9
DA:31,9
DA:35,3
DA:36,1
DA:39,2
DA:40,1
DA:43,1
DA:47,4
DA:51,4
DA:52,1
DA:55,3
DA:64,3
DA:68,1
DA:72,1
DA:76,1
DA:80,1
DA:84,3
DA:88,3
DA:92,0
DA:96,1
DA:100,1
LF:25
LH:24
BRDA:35,0,0,1
BRDA:35,0,1,2
BRDA:39,1,0,1
BRDA:39,1,1,1
BRDA:51,2,0,1
BRDA:51,2,1,3
BRF:6
BRH:6
end_of_record
TN:
SF:src/modules/auth/domain/entities/refreshToken.entity.ts
FN:8,(anonymous_0)
FN:12,(anonymous_1)
FN:36,(anonymous_2)
FN:48,(anonymous_3)
FN:52,(anonymous_4)
FN:65,(anonymous_5)
FN:72,(anonymous_6)
FN:79,(anonymous_7)
FN:87,(anonymous_8)
FN:90,(anonymous_9)
FN:93,(anonymous_10)
FN:96,(anonymous_11)
FN:99,(anonymous_12)
FN:102,(anonymous_13)
FN:105,(anonymous_14)
FN:108,(anonymous_15)
FN:111,(anonymous_16)
FN:114,(anonymous_17)
FN:118,(anonymous_18)
FN:122,(anonymous_19)
FNF:20
FNH:19
FNDA:18,(anonymous_0)
FNDA:17,(anonymous_1)
FNDA:3,(anonymous_2)
FNDA:4,(anonymous_3)
FNDA:4,(anonymous_4)
FNDA:3,(anonymous_5)
FNDA:4,(anonymous_6)
FNDA:1,(anonymous_7)
FNDA:3,(anonymous_8)
FNDA:1,(anonymous_9)
FNDA:1,(anonymous_10)
FNDA:2,(anonymous_11)
FNDA:2,(anonymous_12)
FNDA:3,(anonymous_13)
FNDA:1,(anonymous_14)
FNDA:0,(anonymous_15)
FNDA:2,(anonymous_16)
FNDA:4,(anonymous_17)
FNDA:1,(anonymous_18)
FNDA:1,(anonymous_19)
DA:1,1
DA:5,1
DA:9,18
DA:19,17
DA:21,17
DA:33,17
DA:37,3
DA:38,1
DA:41,2
DA:42,1
DA:45,1
DA:49,4
DA:53,4
DA:54,1
DA:57,3
DA:66,3
DA:67,1
DA:69,2
DA:73,4
DA:74,4
DA:75,4
DA:76,4
DA:80,1
DA:88,3
DA:91,1
DA:94,1
DA:97,2
DA:100,2
DA:103,3
DA:106,1
DA:109,0
DA:112,2
DA:115,4
DA:119,1
DA:123,1
LF:35
LH:34
BRDA:37,0,0,1
BRDA:37,0,1,2
BRDA:41,1,0,1
BRDA:41,1,1,1
BRDA:53,2,0,1
BRDA:53,2,1,3
BRDA:66,3,0,1
BRDA:66,3,1,2
BRDA:72,4,0,0
BRF:9
BRH:8
end_of_record
TN:
SF:src/modules/auth/domain/entities/verificationToken.entity.ts
FN:11,(anonymous_0)
FN:15,(anonymous_1)
FN:34,(anonymous_2)
FN:38,(anonymous_3)
FN:51,(anonymous_4)
FN:55,(anonymous_5)
FN:59,(anonymous_6)
FN:63,(anonymous_7)
FN:67,(anonymous_8)
FN:71,(anonymous_9)
FN:75,(anonymous_10)
FN:79,(anonymous_11)
FN:83,(anonymous_12)
FN:87,(anonymous_13)
FN:91,(anonymous_14)
FNF:15
FNH:12
FNDA:8,(anonymous_0)
FNDA:6,(anonymous_1)
FNDA:3,(anonymous_2)
FNDA:5,(anonymous_3)
FNDA:3,(anonymous_4)
FNDA:2,(anonymous_5)
FNDA:3,(anonymous_6)
FNDA:2,(anonymous_7)
FNDA:2,(anonymous_8)
FNDA:2,(anonymous_9)
FNDA:2,(anonymous_10)
FNDA:0,(anonymous_11)
FNDA:0,(anonymous_12)
FNDA:0,(anonymous_13)
FNDA:2,(anonymous_14)
DA:1,1
DA:3,1
DA:5,1
DA:6,1
DA:8,1
DA:12,8
DA:19,6
DA:21,6
DA:35,3
DA:39,5
DA:40,2
DA:43,3
DA:52,3
DA:56,2
DA:60,3
DA:64,2
DA:68,2
DA:72,2
DA:76,2
DA:80,0
DA:84,0
DA:88,0
DA:92,2
LF:23
LH:20
BRDA:35,0,0,3
BRDA:35,0,1,2
BRDA:39,1,0,2
BRDA:39,1,1,3
BRF:4
BRH:4
end_of_record
TN:
SF:src/modules/auth/domain/events/AuthIdentityCreated.event.ts
FN:11,(anonymous_0)
FNF:1
FNH:0
FNDA:0,(anonymous_0)
DA:4,0
DA:7,0
DA:12,0
DA:13,0
LF:4
LH:0
BRF:0
BRH:0
end_of_record
TN:
SF:src/modules/auth/domain/events/EmailVerified.event.ts
FN:14,(anonymous_0)
FNF:1
FNH:0
FNDA:0,(anonymous_0)
DA:9,0
DA:10,0
DA:15,0
DA:16,0
LF:4
LH:0
BRF:0
BRH:0
end_of_record
TN:
SF:src/modules/auth/domain/events/authIdentityFailed.event.ts
FN:11,(anonymous_0)
FNF:1
FNH:0
FNDA:0,(anonymous_0)
DA:4,0
DA:7,0
DA:12,0
DA:13,0
LF:4
LH:0
BRF:0
BRH:0
end_of_record
TN:
SF:src/modules/auth/domain/events/signUpSucceedEvent.event.ts
FN:8,(anonymous_0)
FNF:1
FNH:0
FNDA:0,(anonymous_0)
DA:3,0
DA:4,0
DA:9,0
DA:10,0
LF:4
LH:0
BRF:0
BRH:0
end_of_record
TN:
SF:src/modules/auth/domain/services/authIdentity-uniqueness.service.ts
FN:5,(anonymous_0)
FN:7,(anonymous_1)
FNF:2
FNH:0
FNDA:0,(anonymous_0)
FNDA:0,(anonymous_1)
DA:1,0
DA:4,0
DA:5,0
DA:8,0
DA:9,0
DA:10,0
LF:6
LH:0
BRDA:9,0,0,0
BRDA:9,0,1,0
BRF:2
BRH:0
end_of_record
TN:
SF:src/modules/auth/domain/value-objects/password.vo.ts
FN:8,(anonymous_9)
FN:13,(anonymous_10)
FN:19,(anonymous_11)
FN:29,(anonymous_12)
FN:120,(anonymous_13)
FN:148,(anonymous_14)
FN:158,(anonymous_15)
FN:173,(anonymous_16)
FN:177,(anonymous_17)
FN:181,(anonymous_18)
FN:200,(anonymous_19)
FN:207,(anonymous_20)
FN:212,(anonymous_21)
FN:216,(anonymous_22)
FNF:14
FNH:12
FNDA:8,(anonymous_9)
FNDA:15,(anonymous_10)
FNDA:3,(anonymous_11)
FNDA:15,(anonymous_12)
FNDA:6,(anonymous_13)
FNDA:6,(anonymous_14)
FNDA:2,(anonymous_15)
FNDA:4,(anonymous_16)
FNDA:2,(anonymous_17)
FNDA:3,(anonymous_18)
FNDA:4,(anonymous_19)
FNDA:2,(anonymous_20)
FNDA:0,(anonymous_21)
FNDA:0,(anonymous_22)
DA:1,1
DA:2,1
DA:4,1
DA:9,8
DA:10,8
DA:14,15
DA:15,6
DA:16,6
DA:20,3
DA:21,1
DA:26,2
DA:30,15
DA:31,2
DA:37,13
DA:38,1
DA:44,12
DA:45,0
DA:51,12
DA:52,12
DA:53,12
DA:54,12
DA:56,12
DA:57,1
DA:63,11
DA:64,1
DA:70,10
DA:71,1
DA:77,9
DA:78,1
DA:84,8
DA:96,8
DA:97,59
DA:98,2
DA:105,6
DA:106,0
DA:112,6
DA:113,0
DA:121,6
DA:129,6
DA:131,6
DA:132,30
DA:133,312
DA:134,312
DA:136,312
DA:140,0
DA:145,6
DA:149,6
DA:159,2
DA:160,0
DA:166,2
DA:167,2
DA:169,0
DA:174,4
DA:178,2
DA:182,3
DA:184,3
DA:185,3
DA:186,3
DA:188,3
DA:189,3
DA:190,3
DA:191,3
DA:193,3
DA:194,3
DA:195,3
DA:197,3
DA:201,4
DA:202,3
DA:203,2
DA:204,1
DA:208,2
DA:209,2
DA:213,0
DA:217,0
LF:74
LH:66
BRDA:8,0,0,0
BRDA:20,1,0,1
BRDA:20,1,1,2
BRDA:30,2,0,2
BRDA:30,2,1,13
BRDA:37,3,0,1
BRDA:37,3,1,12
BRDA:44,4,0,0
BRDA:44,4,1,12
BRDA:56,5,0,1
BRDA:56,5,1,11
BRDA:63,6,0,1
BRDA:63,6,1,10
BRDA:70,7,0,1
BRDA:70,7,1,9
BRDA:77,8,0,1
BRDA:77,8,1,8
BRDA:97,9,0,2
BRDA:97,9,1,57
BRDA:105,10,0,0
BRDA:105,10,1,6
BRDA:112,11,0,0
BRDA:112,11,1,6
BRDA:136,12,0,0
BRDA:136,12,1,312
BRDA:137,13,0,312
BRDA:137,13,1,312
BRDA:159,14,0,0
BRDA:159,14,1,2
BRDA:184,15,0,3
BRDA:184,15,1,0
BRDA:185,16,0,1
BRDA:185,16,1,2
BRDA:186,17,0,1
BRDA:186,17,1,2
BRDA:188,18,0,3
BRDA:188,18,1,0
BRDA:189,19,0,3
BRDA:189,19,1,0
BRDA:190,20,0,3
BRDA:190,20,1,0
BRDA:191,21,0,3
BRDA:191,21,1,0
BRDA:194,22,0,3
BRDA:194,22,1,0
BRDA:195,23,0,2
BRDA:195,23,1,1
BRDA:201,24,0,1
BRDA:201,24,1,3
BRDA:202,25,0,1
BRDA:202,25,1,2
BRDA:203,26,0,1
BRDA:203,26,1,1
BRDA:208,27,0,0
BRDA:208,27,1,2
BRF:55
BRH:42
end_of_record
TN:
SF:src/modules/auth/infrastructure/factories/auth.factory.ts
FN:12,(anonymous_4)
FN:14,(anonymous_5)
FN:18,(anonymous_6)
FNF:3
FNH:0
FNDA:0,(anonymous_4)
FNDA:0,(anonymous_5)
FNDA:0,(anonymous_6)
DA:1,0
DA:2,0
DA:3,0
DA:10,0
DA:13,0
DA:14,0
DA:19,0
DA:21,0
DA:22,0
DA:28,0
LF:10
LH:0
BRDA:21,0,0,0
BRDA:21,0,1,0
BRF:2
BRH:0
end_of_record
TN:
SF:src/modules/auth/infrastructure/factories/cognito.adapter.ts
FN:48,(anonymous_11)
FN:70,(anonymous_12)
FN:121,(anonymous_13)
FN:181,(anonymous_14)
FN:221,(anonymous_15)
FN:239,(anonymous_16)
FN:257,(anonymous_17)
FN:266,(anonymous_18)
FN:298,(anonymous_19)
FN:302,(anonymous_20)
FN:318,(anonymous_21)
FNF:11
FNH:0
FNDA:0,(anonymous_11)
FNDA:0,(anonymous_12)
FNDA:0,(anonymous_13)
FNDA:0,(anonymous_14)
FNDA:0,(anonymous_15)
FNDA:0,(anonymous_16)
FNDA:0,(anonymous_17)
FNDA:0,(anonymous_18)
FNDA:0,(anonymous_19)
FNDA:0,(anonymous_20)
FNDA:0,(anonymous_21)
DA:1,0
DA:2,0
DA:3,0
DA:6,0
DA:34,0
DA:35,0
DA:38,0
DA:41,0
DA:42,0
DA:49,0
DA:50,0
DA:51,0
DA:52,0
DA:54,0
DA:55,0
DA:56,0
DA:61,0
DA:62,0
DA:63,0
DA:64,0
DA:71,0
DA:84,0
DA:85,0
DA:86,0
DA:87,0
DA:93,0
DA:100,0
DA:102,0
DA:104,0
DA:111,0
DA:112,0
DA:117,0
DA:125,0
DA:135,0
DA:136,0
DA:138,0
DA:139,0
DA:145,0
DA:147,0
DA:148,0
DA:154,0
DA:159,0
DA:160,0
DA:166,0
DA:167,0
DA:173,0
DA:174,0
DA:177,0
DA:218,0
DA:222,0
DA:228,0
DA:229,0
DA:231,0
DA:235,0
DA:240,0
DA:246,0
DA:247,0
DA:249,0
DA:253,0
DA:263,0
DA:275,0
DA:299,0
DA:303,0
DA:308,0
DA:309,0
DA:311,0
DA:319,0
LF:67
LH:0
BRDA:55,0,0,0
BRDA:55,0,1,0
BRDA:86,1,0,0
BRDA:86,1,1,0
BRDA:111,2,0,0
BRDA:111,2,1,0
BRDA:138,3,0,0
BRDA:138,3,1,0
BRDA:147,4,0,0
BRDA:147,4,1,0
BRDA:147,5,0,0
BRDA:147,5,1,0
BRDA:159,6,0,0
BRDA:159,6,1,0
BRDA:166,7,0,0
BRDA:166,7,1,0
BRDA:173,8,0,0
BRDA:173,8,1,0
BRDA:233,9,0,0
BRDA:233,9,1,0
BRDA:233,10,0,0
BRDA:233,10,1,0
BRDA:251,11,0,0
BRDA:251,11,1,0
BRDA:251,12,0,0
BRDA:251,12,1,0
BRDA:313,13,0,0
BRDA:313,13,1,0
BRDA:313,14,0,0
BRDA:313,14,1,0
BRDA:49,15,0,0
BRDA:49,15,1,0
BRDA:49,16,0,0
BRDA:49,16,1,0
BRF:34
BRH:0
end_of_record
TN:
SF:src/modules/auth/infrastructure/factories/custom.adapter.ts
FN:40,(anonymous_2)
FN:52,(anonymous_3)
FN:86,(anonymous_4)
FN:201,(anonymous_5)
FN:240,(anonymous_6)
FN:265,(anonymous_7)
FN:310,(anonymous_8)
FN:370,(anonymous_9)
FN:426,(anonymous_10)
FN:430,(anonymous_11)
FN:529,(anonymous_12)
FN:548,(anonymous_13)
FN:552,(anonymous_14)
FN:561,(anonymous_15)
FNF:14
FNH:0
FNDA:0,(anonymous_2)
FNDA:0,(anonymous_3)
FNDA:0,(anonymous_4)
FNDA:0,(anonymous_5)
FNDA:0,(anonymous_6)
FNDA:0,(anonymous_7)
FNDA:0,(anonymous_8)
FNDA:0,(anonymous_9)
FNDA:0,(anonymous_10)
FNDA:0,(anonymous_11)
FNDA:0,(anonymous_12)
FNDA:0,(anonymous_13)
FNDA:0,(anonymous_14)
FNDA:0,(anonymous_15)
DA:1,0
DA:2,0
DA:4,0
DA:17,0
DA:18,0
DA:19,0
DA:20,0
DA:21,0
DA:24,0
DA:25,0
DA:26,0
DA:27,0
DA:28,0
DA:29,0
DA:30,0
DA:32,0
DA:34,0
DA:37,0
DA:38,0
DA:41,0
DA:42,0
DA:43,0
DA:44,0
DA:45,0
DA:46,0
DA:47,0
DA:48,0
DA:49,0
DA:53,0
DA:54,0
DA:55,0
DA:57,0
DA:59,0
DA:66,0
DA:68,0
DA:69,0
DA:73,0
DA:77,0
DA:78,0
DA:93,0
DA:97,0
DA:98,0
DA:103,0
DA:104,0
DA:110,0
DA:111,0
DA:112,0
DA:115,0
DA:121,0
DA:122,0
DA:124,0
DA:125,0
DA:126,0
DA:129,0
DA:135,0
DA:136,0
DA:138,0
DA:142,0
DA:143,0
DA:149,0
DA:150,0
DA:156,0
DA:157,0
DA:163,0
DA:170,0
DA:176,0
DA:179,0
DA:180,0
DA:182,0
DA:184,0
DA:185,0
DA:186,0
DA:188,0
DA:196,0
DA:198,0
DA:203,0
DA:205,0
DA:206,0
DA:212,0
DA:213,0
DA:219,0
DA:221,0
DA:223,0
DA:224,0
DA:227,0
DA:228,0
DA:230,0
DA:231,0
DA:234,0
DA:235,0
DA:237,0
DA:241,0
DA:243,0
DA:245,0
DA:247,0
DA:252,0
DA:253,0
DA:257,0
DA:266,0
DA:267,0
DA:270,0
DA:272,0
DA:273,0
DA:277,0
DA:278,0
DA:279,0
DA:282,0
DA:283,0
DA:284,0
DA:286,0
DA:293,0
DA:295,0
DA:296,0
DA:298,0
DA:303,0
DA:311,0
DA:313,0
DA:315,0
DA:317,0
DA:318,0
DA:324,0
DA:325,0
DA:326,0
DA:331,0
DA:332,0
DA:337,0
DA:343,0
DA:347,0
DA:348,0
DA:351,0
DA:352,0
DA:358,0
DA:359,0
DA:360,0
DA:362,0
DA:363,0
DA:365,0
DA:377,0
DA:382,0
DA:383,0
DA:386,0
DA:387,0
DA:390,0
DA:391,0
DA:397,0
DA:398,0
DA:404,0
DA:405,0
DA:407,0
DA:408,0
DA:414,0
DA:416,0
DA:417,0
DA:419,0
DA:420,0
DA:427,0
DA:431,0
DA:434,0
DA:436,0
DA:437,0
DA:443,0
DA:444,0
DA:450,0
DA:451,0
DA:457,0
DA:458,0
DA:460,0
DA:464,0
DA:465,0
DA:466,0
DA:467,0
DA:473,0
DA:474,0
DA:480,0
DA:481,0
DA:482,0
DA:483,0
DA:489,0
DA:496,0
DA:502,0
DA:503,0
DA:505,0
DA:507,0
DA:508,0
DA:510,0
DA:512,0
DA:513,0
DA:514,0
DA:516,0
DA:524,0
DA:526,0
DA:530,0
DA:532,0
DA:539,0
DA:545,0
DA:549,0
DA:553,0
DA:554,0
DA:556,0
DA:558,0
DA:560,0
DA:561,0
DA:564,0
DA:565,0
DA:566,0
DA:567,0
LF:206
LH:0
BRDA:97,0,0,0
BRDA:97,0,1,0
BRDA:103,1,0,0
BRDA:103,1,1,0
BRDA:110,2,0,0
BRDA:110,2,1,0
BRDA:112,3,0,0
BRDA:112,3,1,0
BRDA:124,4,0,0
BRDA:124,4,1,0
BRDA:142,5,0,0
BRDA:142,5,1,0
BRDA:149,6,0,0
BRDA:149,6,1,0
BRDA:156,7,0,0
BRDA:156,7,1,0
BRDA:156,8,0,0
BRDA:156,8,1,0
BRDA:165,9,0,0
BRDA:165,9,1,0
BRDA:172,10,0,0
BRDA:172,10,1,0
BRDA:177,11,0,0
BRDA:177,11,1,0
BRDA:182,12,0,0
BRDA:182,12,1,0
BRDA:185,13,0,0
BRDA:185,13,1,0
BRDA:190,14,0,0
BRDA:190,14,1,0
BRDA:205,15,0,0
BRDA:205,15,1,0
BRDA:212,16,0,0
BRDA:212,16,1,0
BRDA:212,17,0,0
BRDA:212,17,1,0
BRDA:223,18,0,0
BRDA:223,18,1,0
BRDA:230,19,0,0
BRDA:230,19,1,0
BRDA:245,20,0,0
BRDA:245,20,1,0
BRDA:245,21,0,0
BRDA:245,21,1,0
BRDA:272,22,0,0
BRDA:272,22,1,0
BRDA:272,23,0,0
BRDA:272,23,1,0
BRDA:278,24,0,0
BRDA:278,24,1,0
BRDA:295,25,0,0
BRDA:295,25,1,0
BRDA:317,26,0,0
BRDA:317,26,1,0
BRDA:324,27,0,0
BRDA:324,27,1,0
BRDA:325,28,0,0
BRDA:325,28,1,0
BRDA:331,29,0,0
BRDA:331,29,1,0
BRDA:347,30,0,0
BRDA:347,30,1,0
BRDA:351,31,0,0
BRDA:351,31,1,0
BRDA:382,32,0,0
BRDA:382,32,1,0
BRDA:386,33,0,0
BRDA:386,33,1,0
BRDA:390,34,0,0
BRDA:390,34,1,0
BRDA:397,35,0,0
BRDA:397,35,1,0
BRDA:407,36,0,0
BRDA:407,36,1,0
BRDA:419,37,0,0
BRDA:419,37,1,0
BRDA:436,38,0,0
BRDA:436,38,1,0
BRDA:443,39,0,0
BRDA:443,39,1,0
BRDA:450,40,0,0
BRDA:450,40,1,0
BRDA:450,41,0,0
BRDA:450,41,1,0
BRDA:464,42,0,0
BRDA:464,42,1,0
BRDA:473,43,0,0
BRDA:473,43,1,0
BRDA:480,44,0,0
BRDA:480,44,1,0
BRDA:480,45,0,0
BRDA:480,45,1,0
BRDA:498,46,0,0
BRDA:498,46,1,0
BRDA:510,47,0,0
BRDA:510,47,1,0
BRDA:513,48,0,0
BRDA:513,48,1,0
BRDA:520,49,0,0
BRDA:520,49,1,0
BRDA:521,50,0,0
BRDA:521,50,1,0
BRDA:541,51,0,0
BRDA:541,51,1,0
BRDA:556,52,0,0
BRDA:556,52,1,0
BRDA:41,53,0,0
BRDA:41,53,1,0
BRDA:41,54,0,0
BRDA:41,54,1,0
BRDA:41,55,0,0
BRDA:41,55,1,0
BRDA:41,56,0,0
BRDA:41,56,1,0
BRDA:42,57,0,0
BRDA:42,57,1,0
BRDA:42,58,0,0
BRDA:42,58,1,0
BRDA:43,59,0,0
BRDA:43,59,1,0
BRDA:43,60,0,0
BRDA:43,60,1,0
BRDA:45,61,0,0
BRDA:45,61,1,0
BRDA:45,62,0,0
BRDA:45,62,1,0
BRF:126
BRH:0
end_of_record
TN:
SF:src/modules/class/application/facades/class.facade.ts
FN:19,(anonymous_0)
FN:27,(anonymous_1)
FN:39,(anonymous_2)
FN:56,(anonymous_3)
FN:73,(anonymous_4)
FN:97,(anonymous_5)
FNF:6
FNH:0
FNDA:0,(anonymous_0)
FNDA:0,(anonymous_1)
FNDA:0,(anonymous_2)
FNDA:0,(anonymous_3)
FNDA:0,(anonymous_4)
FNDA:0,(anonymous_5)
DA:18,0
DA:20,0
DA:21,0
DA:22,0
DA:23,0
DA:24,0
DA:28,0
DA:29,0
DA:33,0
DA:35,0
DA:44,0
DA:45,0
DA:50,0
DA:52,0
DA:61,0
DA:62,0
DA:67,0
DA:69,0
DA:84,0
DA:85,0
DA:91,0
DA:93,0
DA:103,0
DA:104,0
DA:110,0
DA:112,0
LF:26
LH:0
BRF:0
BRH:0
end_of_record
TN:
SF:src/modules/class/application/use-cases/ArchiveClass.use-case.ts
FN:17,(anonymous_0)
FN:26,(anonymous_1)
FN:79,(anonymous_2)
FNF:3
FNH:0
FNDA:0,(anonymous_0)
FNDA:0,(anonymous_1)
FNDA:0,(anonymous_2)
DA:1,0
DA:14,0
DA:16,0
DA:18,0
DA:19,0
DA:20,0
DA:21,0
DA:23,0
DA:27,0
DA:28,0
DA:34,0
DA:36,0
DA:37,0
DA:43,0
DA:44,0
DA:50,0
DA:51,0
DA:57,0
DA:59,0
DA:61,0
DA:73,0
DA:75,0
LF:22
LH:0
BRDA:36,0,0,0
BRDA:36,0,1,0
BRDA:43,1,0,0
BRDA:43,1,1,0
BRDA:50,2,0,0
BRDA:50,2,1,0
BRF:6
BRH:0
end_of_record
TN:
SF:src/modules/class/application/use-cases/CreateClass.use-case.ts
FN:27,(anonymous_0)
FN:40,(anonymous_1)
FN:73,(anonymous_2)
FN:154,(anonymous_3)
FNF:4
FNH:3
FNDA:5,(anonymous_0)
FNDA:7,(anonymous_1)
FNDA:7,(anonymous_2)
FNDA:0,(anonymous_3)
DA:1,1
DA:13,1
DA:14,1
DA:18,1
DA:20,1
DA:21,1
DA:26,1
DA:28,5
DA:29,5
DA:30,5
DA:31,5
DA:32,5
DA:33,5
DA:34,5
DA:35,5
DA:37,5
DA:41,7
DA:42,7
DA:48,7
DA:51,7
DA:52,2
DA:60,5
DA:65,5
DA:66,2
DA:72,3
DA:73,3
DA:74,7
DA:75,7
DA:78,3
DA:87,3
DA:88,3
DA:89,1
DA:95,2
DA:96,5
DA:101,5
DA:104,2
DA:118,2
DA:122,2
DA:123,1
DA:127,1
DA:129,1
DA:130,1
DA:132,1
DA:134,1
DA:136,1
DA:148,2
DA:150,5
LF:47
LH:47
BRDA:51,0,0,2
BRDA:51,0,1,5
BRDA:54,1,0,2
BRDA:54,1,1,0
BRDA:65,2,0,2
BRDA:65,2,1,3
BRDA:80,3,0,3
BRDA:80,3,1,2
BRDA:88,4,0,1
BRDA:88,4,1,2
BRDA:122,5,0,1
BRDA:122,5,1,1
BRDA:122,6,0,2
BRDA:122,6,1,1
BRDA:127,7,0,1
BRDA:127,7,1,0
BRDA:127,8,0,1
BRDA:127,8,1,1
BRDA:132,9,0,1
BRDA:132,9,1,0
BRDA:134,10,0,0
BRDA:134,10,1,1
BRF:22
BRH:18
end_of_record
TN:
SF:src/modules/class/application/use-cases/GetClassById.use-case.ts
FN:20,(anonymous_0)
FN:29,(anonymous_1)
FN:68,(anonymous_2)
FN:78,(anonymous_3)
FNF:4
FNH:0
FNDA:0,(anonymous_0)
FNDA:0,(anonymous_1)
FNDA:0,(anonymous_2)
FNDA:0,(anonymous_3)
DA:1,0
DA:19,0
DA:21,0
DA:22,0
DA:23,0
DA:24,0
DA:26,0
DA:30,0
DA:31,0
DA:36,0
DA:38,0
DA:39,0
DA:45,0
DA:46,0
DA:52,0
DA:54,0
DA:58,0
DA:68,0
DA:74,0
LF:19
LH:0
BRDA:38,0,0,0
BRDA:38,0,1,0
BRDA:45,1,0,0
BRDA:45,1,1,0
BRDA:65,2,0,0
BRDA:65,2,1,0
BRDA:66,3,0,0
BRDA:66,3,1,0
BRDA:67,4,0,0
BRDA:67,4,1,0
BRF:10
BRH:0
end_of_record
TN:
SF:src/modules/class/application/use-cases/GetClassesByOrganization.use-case.ts
FN:17,(anonymous_0)
FN:26,(anonymous_1)
FN:44,(anonymous_2)
FN:61,(anonymous_3)
FN:76,(anonymous_4)
FNF:5
FNH:0
FNDA:0,(anonymous_0)
FNDA:0,(anonymous_1)
FNDA:0,(anonymous_2)
FNDA:0,(anonymous_3)
FNDA:0,(anonymous_4)
DA:1,0
DA:16,0
DA:18,0
DA:19,0
DA:20,0
DA:21,0
DA:23,0
DA:27,0
DA:28,0
DA:34,0
DA:35,0
DA:40,0
DA:43,0
DA:45,0
DA:46,0
DA:51,0
DA:61,0
DA:70,0
DA:72,0
LF:19
LH:0
BRDA:34,0,0,0
BRDA:34,0,1,0
BRDA:37,1,0,0
BRDA:37,1,1,0
BRDA:58,2,0,0
BRDA:58,2,1,0
BRDA:59,3,0,0
BRDA:59,3,1,0
BRDA:60,4,0,0
BRDA:60,4,1,0
BRF:10
BRH:0
end_of_record
TN:
SF:src/modules/class/application/use-cases/UpdateClass.use-case.ts
FN:19,(anonymous_0)
FN:28,(anonymous_1)
FN:95,(anonymous_2)
FN:103,(anonymous_3)
FN:104,(anonymous_4)
FN:145,(anonymous_5)
FNF:6
FNH:5
FNDA:4,(anonymous_0)
FNDA:6,(anonymous_1)
FNDA:3,(anonymous_2)
FNDA:3,(anonymous_3)
FNDA:3,(anonymous_4)
FNDA:0,(anonymous_5)
DA:1,1
DA:14,1
DA:16,1
DA:18,1
DA:20,4
DA:21,4
DA:22,4
DA:23,4
DA:25,4
DA:29,6
DA:30,6
DA:36,6
DA:38,6
DA:39,2
DA:45,4
DA:46,0
DA:52,4
DA:53,2
DA:60,2
DA:61,1
DA:66,1
DA:67,0
DA:79,2
DA:81,2
DA:82,1
DA:85,2
DA:86,1
DA:89,2
DA:90,1
DA:93,2
DA:94,1
DA:95,1
DA:96,3
DA:97,3
DA:99,1
DA:102,1
DA:103,3
DA:104,3
DA:106,1
DA:107,3
DA:108,1
DA:109,1
DA:114,1
DA:115,3
DA:120,3
DA:121,0
DA:122,0
DA:123,0
DA:126,3
DA:131,3
DA:136,2
DA:137,2
DA:139,2
DA:141,4
LF:54
LH:49
BRDA:38,0,0,2
BRDA:38,0,1,4
BRDA:45,1,0,0
BRDA:45,1,1,4
BRDA:52,2,0,2
BRDA:52,2,1,2
BRDA:60,3,0,1
BRDA:60,3,1,1
BRDA:60,4,0,2
BRDA:60,4,1,1
BRDA:66,5,0,0
BRDA:66,5,1,1
BRDA:66,6,0,1
BRDA:66,6,1,0
BRDA:81,7,0,1
BRDA:81,7,1,1
BRDA:85,8,0,1
BRDA:85,8,1,1
BRDA:89,9,0,1
BRDA:89,9,1,1
BRDA:93,10,0,1
BRDA:93,10,1,1
BRDA:107,11,0,1
BRDA:107,11,1,2
BRDA:120,12,0,0
BRDA:120,12,1,3
BRDA:121,13,0,0
BRDA:121,13,1,0
BRF:28
BRH:22
end_of_record
TN:
SF:src/modules/class/domain/entities/class-student.entity.ts
FN:8,(anonymous_0)
FN:13,(anonymous_1)
FN:40,(anonymous_2)
FN:44,(anonymous_3)
FN:48,(anonymous_4)
FN:52,(anonymous_5)
FN:56,(anonymous_6)
FN:60,(anonymous_7)
FN:64,(anonymous_8)
FN:69,(anonymous_9)
FN:74,(anonymous_10)
FN:78,(anonymous_11)
FNF:12
FNH:4
FNDA:11,(anonymous_0)
FNDA:11,(anonymous_1)
FNDA:0,(anonymous_2)
FNDA:0,(anonymous_3)
FNDA:6,(anonymous_4)
FNDA:0,(anonymous_5)
FNDA:0,(anonymous_6)
FNDA:0,(anonymous_7)
FNDA:1,(anonymous_8)
FNDA:0,(anonymous_9)
FNDA:0,(anonymous_10)
FNDA:0,(anonymous_11)
DA:1,2
DA:3,2
DA:5,2
DA:9,11
DA:10,11
DA:14,11
DA:20,11
DA:21,11
DA:22,0
DA:28,11
DA:30,11
DA:41,0
DA:45,0
DA:49,6
DA:53,0
DA:57,0
DA:61,0
DA:65,1
DA:66,1
DA:70,0
DA:71,0
DA:75,0
DA:79,0
LF:23
LH:13
BRDA:21,0,0,0
BRDA:21,0,1,11
BRDA:34,1,0,11
BRDA:34,1,1,0
BRF:4
BRH:2
end_of_record
TN:
SF:src/modules/class/domain/entities/class.entity.ts
FN:9,(anonymous_0)
FN:14,(anonymous_1)
FN:60,(anonymous_2)
FN:76,(anonymous_3)
FN:87,(anonymous_4)
FN:104,(anonymous_5)
FN:114,(anonymous_6)
FN:118,(anonymous_7)
FN:122,(anonymous_8)
FN:126,(anonymous_9)
FN:130,(anonymous_10)
FN:134,(anonymous_11)
FN:138,(anonymous_12)
FN:142,(anonymous_13)
FN:146,(anonymous_14)
FN:150,(anonymous_15)
FN:154,(anonymous_16)
FN:158,(anonymous_17)
FN:162,(anonymous_18)
FN:166,(anonymous_19)
FN:170,(anonymous_20)
FN:211,(anonymous_21)
FN:224,(anonymous_22)
FN:228,(anonymous_23)
FNF:24
FNH:22
FNDA:16,(anonymous_0)
FNDA:19,(anonymous_1)
FNDA:21,(anonymous_2)
FNDA:19,(anonymous_3)
FNDA:47,(anonymous_4)
FNDA:15,(anonymous_5)
FNDA:13,(anonymous_6)
FNDA:6,(anonymous_7)
FNDA:3,(anonymous_8)
FNDA:2,(anonymous_9)
FNDA:2,(anonymous_10)
FNDA:4,(anonymous_11)
FNDA:1,(anonymous_12)
FNDA:2,(anonymous_13)
FNDA:6,(anonymous_14)
FNDA:1,(anonymous_15)
FNDA:6,(anonymous_16)
FNDA:2,(anonymous_17)
FNDA:0,(anonymous_18)
FNDA:0,(anonymous_19)
FNDA:6,(anonymous_20)
FNDA:3,(anonymous_21)
FNDA:5,(anonymous_22)
FNDA:1,(anonymous_23)
DA:1,3
DA:3,3
DA:4,3
DA:6,3
DA:10,16
DA:11,16
DA:22,19
DA:27,18
DA:34,18
DA:35,17
DA:37,15
DA:39,15
DA:41,15
DA:61,21
DA:62,0
DA:68,21
DA:69,2
DA:80,19
DA:81,0
DA:87,47
DA:89,19
DA:90,1
DA:96,18
DA:97,1
DA:105,15
DA:106,15
DA:107,15
DA:111,15
DA:115,13
DA:119,6
DA:123,3
DA:127,2
DA:131,2
DA:135,4
DA:139,1
DA:143,2
DA:147,6
DA:151,1
DA:155,6
DA:159,2
DA:163,0
DA:167,0
DA:176,6
DA:177,2
DA:182,2
DA:188,2
DA:191,6
DA:192,2
DA:195,6
DA:196,3
DA:197,2
DA:200,5
DA:201,2
DA:205,2
DA:208,5
DA:212,3
DA:213,1
DA:218,2
DA:219,2
DA:220,2
DA:221,2
DA:225,5
DA:229,1
LF:63
LH:59
BRDA:37,0,0,15
BRDA:37,0,1,10
BRDA:61,1,0,0
BRDA:61,1,1,21
BRDA:61,2,0,21
BRDA:61,2,1,21
BRDA:68,3,0,2
BRDA:68,3,1,19
BRDA:68,4,0,21
BRDA:68,4,1,21
BRDA:80,5,0,0
BRDA:80,5,1,19
BRDA:80,6,0,19
BRDA:80,6,1,19
BRDA:89,7,0,1
BRDA:89,7,1,18
BRDA:96,8,0,1
BRDA:96,8,1,17
BRDA:176,9,0,2
BRDA:176,9,1,4
BRDA:191,10,0,2
BRDA:191,10,1,4
BRDA:192,11,0,2
BRDA:192,11,1,0
BRDA:195,12,0,3
BRDA:195,12,1,3
BRDA:200,13,0,2
BRDA:200,13,1,3
BRDA:203,14,0,2
BRDA:203,14,1,0
BRDA:212,15,0,1
BRDA:212,15,1,2
BRF:32
BRH:28
end_of_record
TN:
SF:src/modules/class/domain/events/class-limit-reached.event.ts
FN:8,(anonymous_0)
FNF:1
FNH:1
FNDA:1,(anonymous_0)
DA:3,1
DA:4,1
DA:9,1
DA:10,1
LF:4
LH:4
BRF:0
BRH:0
end_of_record
TN:
SF:src/modules/class/domain/events/classArchived.event.ts
FN:8,(anonymous_0)
FNF:1
FNH:0
FNDA:0,(anonymous_0)
DA:3,0
DA:4,0
DA:9,0
DA:10,0
LF:4
LH:0
BRF:0
BRH:0
end_of_record
TN:
SF:src/modules/class/domain/events/classCreated.event.ts
FN:8,(anonymous_0)
FNF:1
FNH:1
FNDA:2,(anonymous_0)
DA:3,1
DA:4,2
DA:9,2
DA:10,2
LF:4
LH:4
BRF:0
BRH:0
end_of_record
TN:
SF:src/modules/class/domain/services/class-limit.service.ts
FN:12,(anonymous_0)
FN:18,(anonymous_1)
FNF:2
FNH:2
FNDA:5,(anonymous_0)
FNDA:5,(anonymous_1)
DA:1,1
DA:11,1
DA:13,5
DA:14,5
DA:15,5
DA:20,5
DA:24,5
DA:25,1
DA:31,4
DA:32,1
DA:39,3
DA:43,3
DA:44,1
DA:51,2
DA:52,0
DA:53,0
DA:59,0
DA:62,2
DA:64,2
DA:65,0
DA:73,2
DA:75,2
DA:77,1
DA:81,1
DA:87,1
LF:25
LH:21
BRDA:24,0,0,1
BRDA:24,0,1,4
BRDA:31,1,0,1
BRDA:31,1,1,3
BRDA:43,2,0,1
BRDA:43,2,1,2
BRDA:51,3,0,0
BRDA:51,3,1,2
BRDA:52,4,0,0
BRDA:52,4,1,0
BRDA:64,5,0,0
BRDA:64,5,1,2
BRDA:75,6,0,1
BRDA:75,6,1,1
BRDA:77,7,0,1
BRDA:77,7,1,0
BRDA:78,8,0,0
BRDA:78,8,1,1
BRDA:83,9,0,1
BRDA:83,9,1,0
BRF:20
BRH:13
end_of_record
TN:
SF:src/modules/faq/application/facades/faq.facade.ts
FN:10,(anonymous_2)
FN:16,(anonymous_3)
FN:20,(anonymous_4)
FN:24,(anonymous_5)
FNF:4
FNH:0
FNDA:0,(anonymous_2)
FNDA:0,(anonymous_3)
FNDA:0,(anonymous_4)
FNDA:0,(anonymous_5)
DA:2,0
DA:3,0
DA:4,0
DA:5,0
DA:9,0
DA:11,0
DA:12,0
DA:13,0
DA:17,0
DA:21,0
DA:25,0
LF:11
LH:0
BRDA:11,0,0,0
BRDA:11,0,1,0
BRDA:11,1,0,0
BRDA:11,1,1,0
BRDA:11,2,0,0
BRDA:11,2,1,0
BRDA:11,3,0,0
BRDA:11,3,1,0
BRDA:12,4,0,0
BRDA:12,4,1,0
BRDA:12,5,0,0
BRDA:12,5,1,0
BRF:12
BRH:0
end_of_record
TN:
SF:src/modules/faq/application/use-cases/get-all-faq.use-case.ts
FN:7,(anonymous_4)
FN:12,(anonymous_5)
FNF:2
FNH:0
FNDA:0,(anonymous_4)
FNDA:0,(anonymous_5)
DA:1,0
DA:6,0
DA:9,0
DA:13,0
LF:4
LH:0
BRF:0
BRH:0
end_of_record
TN:
SF:src/modules/faq/application/use-cases/get-faq-content-by-tab.use-case.ts
FN:8,(anonymous_4)
FN:15,(anonymous_5)
FN:19,(anonymous_6)
FN:21,(anonymous_7)
FN:25,(anonymous_8)
FN:30,(anonymous_9)
FNF:6
FNH:0
FNDA:0,(anonymous_4)
FNDA:0,(anonymous_5)
FNDA:0,(anonymous_6)
FNDA:0,(anonymous_7)
FNDA:0,(anonymous_8)
FNDA:0,(anonymous_9)
DA:1,0
DA:7,0
DA:10,0
DA:12,0
DA:16,0
DA:18,0
DA:20,0
DA:21,0
DA:23,0
DA:25,0
DA:30,0
LF:11
LH:0
BRF:0
BRH:0
end_of_record
TN:
SF:src/modules/faq/application/use-cases/get-featured-items.use-case.ts
FN:7,(anonymous_4)
FN:12,(anonymous_5)
FNF:2
FNH:0
FNDA:0,(anonymous_4)
FNDA:0,(anonymous_5)
DA:1,0
DA:6,0
DA:9,0
DA:13,0
LF:4
LH:0
BRF:0
BRH:0
end_of_record
TN:
SF:src/modules/faq/domain/entities/faq-category.entity.ts
FN:6,(anonymous_0)
FN:10,(anonymous_1)
FN:24,(anonymous_2)
FN:28,(anonymous_3)
FN:32,(anonymous_4)
FN:36,(anonymous_5)
FN:40,(anonymous_6)
FN:44,(anonymous_7)
FN:48,(anonymous_8)
FN:52,(anonymous_9)
FN:56,(anonymous_10)
FNF:11
FNH:0
FNDA:0,(anonymous_0)
FNDA:0,(anonymous_1)
FNDA:0,(anonymous_2)
FNDA:0,(anonymous_3)
FNDA:0,(anonymous_4)
FNDA:0,(anonymous_5)
FNDA:0,(anonymous_6)
FNDA:0,(anonymous_7)
FNDA:0,(anonymous_8)
FNDA:0,(anonymous_9)
FNDA:0,(anonymous_10)
DA:3,0
DA:7,0
DA:16,0
DA:17,0
DA:25,0
DA:29,0
DA:33,0
DA:37,0
DA:41,0
DA:45,0
DA:49,0
DA:53,0
DA:57,0
LF:13
LH:0
BRF:0
BRH:0
end_of_record
TN:
SF:src/modules/faq/domain/entities/faq-item.entity.ts
FN:6,(anonymous_0)
FN:10,(anonymous_1)
FN:31,(anonymous_2)
FN:35,(anonymous_3)
FN:39,(anonymous_4)
FN:43,(anonymous_5)
FN:47,(anonymous_6)
FN:51,(anonymous_7)
FN:55,(anonymous_8)
FN:59,(anonymous_9)
FN:63,(anonymous_10)
FN:67,(anonymous_11)
FN:71,(anonymous_12)
FN:75,(anonymous_13)
FN:79,(anonymous_14)
FNF:15
FNH:0
FNDA:0,(anonymous_0)
FNDA:0,(anonymous_1)
FNDA:0,(anonymous_2)
FNDA:0,(anonymous_3)
FNDA:0,(anonymous_4)
FNDA:0,(anonymous_5)
FNDA:0,(anonymous_6)
FNDA:0,(anonymous_7)
FNDA:0,(anonymous_8)
FNDA:0,(anonymous_9)
FNDA:0,(anonymous_10)
FNDA:0,(anonymous_11)
FNDA:0,(anonymous_12)
FNDA:0,(anonymous_13)
FNDA:0,(anonymous_14)
DA:3,0
DA:7,0
DA:22,0
DA:23,0
DA:32,0
DA:36,0
DA:40,0
DA:44,0
DA:48,0
DA:52,0
DA:56,0
DA:60,0
DA:64,0
DA:68,0
DA:72,0
DA:76,0
DA:80,0
LF:17
LH:0
BRF:0
BRH:0
end_of_record
TN:
SF:src/modules/faq/domain/entities/faq-tab.entity.ts
FN:6,(anonymous_0)
FN:10,(anonymous_1)
FN:21,(anonymous_2)
FN:25,(anonymous_3)
FN:29,(anonymous_4)
FN:33,(anonymous_5)
FN:37,(anonymous_6)
FN:41,(anonymous_7)
FN:45,(anonymous_8)
FN:49,(anonymous_9)
FNF:10
FNH:0
FNDA:0,(anonymous_0)
FNDA:0,(anonymous_1)
FNDA:0,(anonymous_2)
FNDA:0,(anonymous_3)
FNDA:0,(anonymous_4)
FNDA:0,(anonymous_5)
FNDA:0,(anonymous_6)
FNDA:0,(anonymous_7)
FNDA:0,(anonymous_8)
FNDA:0,(anonymous_9)
DA:3,0
DA:7,0
DA:13,0
DA:14,0
DA:22,0
DA:26,0
DA:30,0
DA:34,0
DA:38,0
DA:42,0
DA:46,0
DA:50,0
LF:12
LH:0
BRF:0
BRH:0
end_of_record
TN:
SF:src/modules/feedback/application/facades/feedback.facade.ts
FN:13,(anonymous_2)
FN:18,(anonymous_3)
FN:24,(anonymous_4)
FNF:3
FNH:0
FNDA:0,(anonymous_2)
FNDA:0,(anonymous_3)
FNDA:0,(anonymous_4)
DA:1,0
DA:2,0
DA:3,0
DA:12,0
DA:14,0
DA:15,0
DA:21,0
DA:27,0
LF:8
LH:0
BRDA:14,0,0,0
BRDA:14,0,1,0
BRDA:14,1,0,0
BRDA:14,1,1,0
BRDA:14,2,0,0
BRDA:14,2,1,0
BRDA:14,3,0,0
BRDA:14,3,1,0
BRF:8
BRH:0
end_of_record
TN:
SF:src/modules/feedback/application/use-cases/GetFeedbackBySubject.use-case.ts
FN:29,(anonymous_0)
FN:45,(anonymous_1)
FN:87,(anonymous_2)
FN:115,(anonymous_3)
FN:117,(anonymous_4)
FN:120,(anonymous_5)
FN:122,(anonymous_6)
FN:157,(anonymous_7)
FNF:8
FNH:0
FNDA:0,(anonymous_0)
FNDA:0,(anonymous_1)
FNDA:0,(anonymous_2)
FNDA:0,(anonymous_3)
FNDA:0,(anonymous_4)
FNDA:0,(anonymous_5)
FNDA:0,(anonymous_6)
FNDA:0,(anonymous_7)
DA:1,0
DA:23,0
DA:25,0
DA:30,0
DA:31,0
DA:32,0
DA:33,0
DA:34,0
DA:35,0
DA:36,0
DA:37,0
DA:38,0
DA:39,0
DA:40,0
DA:42,0
DA:48,0
DA:49,0
DA:54,0
DA:55,0
DA:56,0
DA:59,0
DA:60,0
DA:66,0
DA:67,0
DA:68,0
DA:71,0
DA:72,0
DA:79,0
DA:82,0
DA:86,0
DA:87,0
DA:88,0
DA:92,0
DA:99,0
DA:105,0
DA:108,0
DA:109,0
DA:112,0
DA:114,0
DA:116,0
DA:117,0
DA:120,0
DA:121,0
DA:122,0
DA:125,0
DA:136,0
DA:144,0
DA:153,0
LF:48
LH:0
BRDA:55,0,0,0
BRDA:55,0,1,0
BRDA:59,1,0,0
BRDA:59,1,1,0
BRDA:67,2,0,0
BRDA:67,2,1,0
BRDA:71,3,0,0
BRDA:71,3,1,0
BRDA:82,4,0,0
BRDA:82,4,1,0
BRDA:108,5,0,0
BRDA:108,5,1,0
BRDA:127,6,0,0
BRDA:127,6,1,0
BRDA:128,7,0,0
BRDA:128,7,1,0
BRF:16
BRH:0
end_of_record
TN:
SF:src/modules/feedback/application/use-cases/GetFeedbackSubjects.use-case.ts
FN:31,(anonymous_0)
FN:49,(anonymous_1)
FN:87,(anonymous_2)
FN:118,(anonymous_3)
FN:142,(anonymous_4)
FN:147,(anonymous_5)
FN:164,(anonymous_6)
FN:167,(anonymous_7)
FN:228,(anonymous_8)
FNF:9
FNH:0
FNDA:0,(anonymous_0)
FNDA:0,(anonymous_1)
FNDA:0,(anonymous_2)
FNDA:0,(anonymous_3)
FNDA:0,(anonymous_4)
FNDA:0,(anonymous_5)
FNDA:0,(anonymous_6)
FNDA:0,(anonymous_7)
FNDA:0,(anonymous_8)
DA:1,0
DA:25,0
DA:27,0
DA:32,0
DA:33,0
DA:34,0
DA:35,0
DA:36,0
DA:37,0
DA:38,0
DA:39,0
DA:40,0
DA:41,0
DA:42,0
DA:43,0
DA:44,0
DA:46,0
DA:52,0
DA:53,0
DA:59,0
DA:62,0
DA:66,0
DA:70,0
DA:72,0
DA:73,0
DA:75,0
DA:76,0
DA:78,0
DA:79,0
DA:83,0
DA:85,0
DA:87,0
DA:89,0
DA:90,0
DA:94,0
DA:98,0
DA:101,0
DA:103,0
DA:107,0
DA:108,0
DA:109,0
DA:110,0
DA:112,0
DA:113,0
DA:116,0
DA:118,0
DA:119,0
DA:122,0
DA:128,0
DA:129,0
DA:132,0
DA:136,0
DA:137,0
DA:141,0
DA:142,0
DA:145,0
DA:146,0
DA:148,0
DA:153,0
DA:154,0
DA:155,0
DA:156,0
DA:163,0
DA:164,0
DA:166,0
DA:167,0
DA:169,0
DA:175,0
DA:176,0
DA:178,0
DA:183,0
DA:184,0
DA:188,0
DA:189,0
DA:191,0
DA:192,0
DA:195,0
DA:197,0
DA:218,0
DA:219,0
DA:222,0
DA:224,0
LF:82
LH:0
BRDA:62,0,0,0
BRDA:62,0,1,0
BRDA:75,1,0,0
BRDA:75,1,1,0
BRDA:75,2,0,0
BRDA:75,2,1,0
BRDA:78,3,0,0
BRDA:78,3,1,0
BRDA:78,4,0,0
BRDA:78,4,1,0
BRDA:85,5,0,0
BRDA:85,5,1,0
BRDA:94,6,0,0
BRDA:94,6,1,0
BRDA:95,7,0,0
BRDA:95,7,1,0
BRDA:96,8,0,0
BRDA:96,8,1,0
BRDA:128,9,0,0
BRDA:128,9,1,0
BRDA:136,10,0,0
BRDA:136,10,1,0
BRDA:148,11,0,0
BRDA:148,11,1,0
BRDA:148,11,2,0
BRDA:154,12,0,0
BRDA:154,12,1,0
BRDA:169,13,0,0
BRDA:169,13,1,0
BRDA:171,14,0,0
BRDA:171,14,1,0
BRDA:175,15,0,0
BRDA:175,15,1,0
BRDA:178,16,0,0
BRDA:178,16,1,0
BRDA:178,16,2,0
BRDA:178,16,3,0
BRDA:183,17,0,0
BRDA:183,17,1,0
BRDA:188,18,0,0
BRDA:188,18,1,0
BRDA:188,19,0,0
BRDA:188,19,1,0
BRDA:191,20,0,0
BRDA:191,20,1,0
BRDA:191,21,0,0
BRDA:191,21,1,0
BRDA:195,22,0,0
BRDA:195,22,1,0
BRDA:201,23,0,0
BRDA:201,23,1,0
BRDA:202,24,0,0
BRDA:202,24,1,0
BRDA:218,25,0,0
BRDA:218,25,1,0
BRF:55
BRH:0
end_of_record
TN:
SF:src/modules/notification/application/handlers/class-archived.handler.ts
FN:7,(anonymous_0)
FN:14,(anonymous_1)
FN:27,(anonymous_2)
FNF:3
FNH:0
FNDA:0,(anonymous_0)
FNDA:0,(anonymous_1)
FNDA:0,(anonymous_2)
DA:1,0
DA:3,0
DA:6,0
DA:8,0
DA:9,0
DA:11,0
DA:15,0
DA:16,0
DA:19,0
DA:20,0
DA:28,0
LF:11
LH:0
BRF:0
BRH:0
end_of_record
TN:
SF:src/modules/notification/application/handlers/class-created.handler.ts
FN:7,(anonymous_0)
FN:14,(anonymous_1)
FN:27,(anonymous_2)
FNF:3
FNH:0
FNDA:0,(anonymous_0)
FNDA:0,(anonymous_1)
FNDA:0,(anonymous_2)
DA:1,0
DA:3,0
DA:6,0
DA:8,0
DA:9,0
DA:11,0
DA:15,0
DA:16,0
DA:19,0
DA:20,0
DA:28,0
LF:11
LH:0
BRF:0
BRH:0
end_of_record
TN:
SF:src/modules/notification/application/handlers/class-limit-reached.handler.ts
FN:10,(anonymous_0)
FN:19,(anonymous_1)
FN:26,(anonymous_2)
FN:71,(anonymous_3)
FN:94,(anonymous_4)
FNF:5
FNH:0
FNDA:0,(anonymous_0)
FNDA:0,(anonymous_1)
FNDA:0,(anonymous_2)
FNDA:0,(anonymous_3)
FNDA:0,(anonymous_4)
DA:1,0
DA:3,0
DA:7,0
DA:9,0
DA:11,0
DA:12,0
DA:13,0
DA:14,0
DA:16,0
DA:20,0
DA:21,0
DA:25,0
DA:27,0
DA:31,0
DA:32,0
DA:35,0
DA:38,0
DA:39,0
DA:40,0
DA:41,0
DA:42,0
DA:46,0
DA:47,0
DA:50,0
DA:54,0
DA:57,0
DA:65,0
DA:69,0
DA:71,0
DA:72,0
DA:79,0
DA:81,0
DA:85,0
DA:95,0
LF:34
LH:0
BRDA:27,0,0,0
BRDA:27,0,1,0
BRDA:31,1,0,0
BRDA:31,1,1,0
BRDA:41,2,0,0
BRDA:41,2,1,0
BRDA:41,3,0,0
BRDA:41,3,1,0
BRDA:46,4,0,0
BRDA:46,4,1,0
BRDA:54,5,0,0
BRDA:54,5,1,0
BRDA:54,5,2,0
BRDA:87,6,0,0
BRDA:87,6,1,0
BRDA:89,7,0,0
BRDA:89,7,1,0
BRDA:89,8,0,0
BRDA:89,8,1,0
BRF:19
BRH:0
end_of_record
TN:
SF:src/modules/notification/application/handlers/invitation-accepted.handler.ts
FN:7,(anonymous_0)
FN:14,(anonymous_1)
FN:30,(anonymous_2)
FNF:3
FNH:0
FNDA:0,(anonymous_0)
FNDA:0,(anonymous_1)
FNDA:0,(anonymous_2)
DA:1,0
DA:2,0
DA:6,0
DA:8,0
DA:9,0
DA:11,0
DA:15,0
DA:17,0
DA:19,0
DA:22,0
DA:23,0
DA:31,0
LF:12
LH:0
BRDA:15,0,0,0
BRDA:15,0,1,0
BRF:2
BRH:0
end_of_record
TN:
SF:src/modules/notification/application/handlers/invitation-sent.handler.ts
FN:8,(anonymous_0)
FN:15,(anonymous_1)
FN:37,(anonymous_2)
FNF:3
FNH:0
FNDA:0,(anonymous_0)
FNDA:0,(anonymous_1)
FNDA:0,(anonymous_2)
DA:1,0
DA:3,0
DA:7,0
DA:9,0
DA:10,0
DA:12,0
DA:16,0
DA:18,0
DA:19,0
DA:21,0
DA:24,0
DA:29,0
DA:30,0
DA:38,0
LF:14
LH:0
BRDA:16,0,0,0
BRDA:16,0,1,0
BRDA:21,1,0,0
BRDA:21,1,1,0
BRF:4
BRH:0
end_of_record
TN:
SF:src/modules/notification/application/handlers/subscription-activated.handler.ts
FN:6,(anonymous_0)
FN:13,(anonymous_1)
FN:34,(anonymous_2)
FNF:3
FNH:0
FNDA:0,(anonymous_0)
FNDA:0,(anonymous_1)
FNDA:0,(anonymous_2)
DA:1,0
DA:5,0
DA:7,0
DA:8,0
DA:10,0
DA:14,0
DA:15,0
DA:19,0
DA:24,0
DA:25,0
DA:26,0
DA:35,0
LF:12
LH:0
BRDA:24,0,0,0
BRDA:24,0,1,0
BRDA:25,1,0,0
BRDA:25,1,1,0
BRDA:28,2,0,0
BRDA:28,2,1,0
BRF:6
BRH:0
end_of_record
TN:
SF:src/modules/notification/application/handlers/subscription-upgraded.handler.ts
FN:7,(anonymous_0)
FN:14,(anonymous_1)
FN:62,(anonymous_2)
FNF:3
FNH:0
FNDA:0,(anonymous_0)
FNDA:0,(anonymous_1)
FNDA:0,(anonymous_2)
DA:1,0
DA:3,0
DA:6,0
DA:8,0
DA:9,0
DA:11,0
DA:15,0
DA:17,0
DA:21,0
DA:24,0
DA:28,0
DA:37,0
DA:41,0
DA:43,0
DA:49,0
DA:53,0
DA:63,0
LF:17
LH:0
BRDA:17,0,0,0
BRDA:17,0,1,0
BRDA:17,0,2,0
BRDA:55,1,0,0
BRDA:55,1,1,0
BRDA:57,2,0,0
BRDA:57,2,1,0
BRDA:57,3,0,0
BRDA:57,3,1,0
BRF:9
BRH:0
end_of_record
TN:
SF:src/modules/notification/application/handlers/trial-ending-soon.handler.ts
FN:7,(anonymous_0)
FN:14,(anonymous_1)
FN:47,(anonymous_2)
FN:70,(anonymous_3)
FNF:4
FNH:0
FNDA:0,(anonymous_0)
FNDA:0,(anonymous_1)
FNDA:0,(anonymous_2)
FNDA:0,(anonymous_3)
DA:1,0
DA:3,0
DA:6,0
DA:8,0
DA:9,0
DA:11,0
DA:15,0
DA:16,0
DA:17,0
DA:20,0
DA:24,0
DA:28,0
DA:29,0
DA:35,0
DA:41,0
DA:45,0
DA:47,0
DA:48,0
DA:55,0
DA:57,0
DA:61,0
DA:71,0
LF:22
LH:0
BRDA:16,0,0,0
BRDA:16,0,1,0
BRDA:24,1,0,0
BRDA:24,1,1,0
BRDA:24,1,2,0
BRDA:63,2,0,0
BRDA:63,2,1,0
BRDA:65,3,0,0
BRDA:65,3,1,0
BRDA:65,4,0,0
BRDA:65,4,1,0
BRF:11
BRH:0
end_of_record
TN:
SF:src/modules/notification/application/handlers/user-created.handler.ts
FN:8,(anonymous_0)
FN:15,(anonymous_1)
FN:37,(anonymous_2)
FNF:3
FNH:0
FNDA:0,(anonymous_0)
FNDA:0,(anonymous_1)
FNDA:0,(anonymous_2)
DA:1,0
DA:3,0
DA:7,0
DA:9,0
DA:10,0
DA:12,0
DA:16,0
DA:17,0
DA:20,0
DA:23,0
DA:24,0
DA:25,0
DA:29,0
DA:30,0
DA:38,0
LF:15
LH:0
BRDA:16,0,0,0
BRDA:16,0,1,0
BRF:2
BRH:0
end_of_record
TN:
SF:src/modules/notification/application/use-cases/create-email-notification.use-case.ts
FN:13,(anonymous_0)
FN:19,(anonymous_1)
FNF:2
FNH:0
FNDA:0,(anonymous_0)
FNDA:0,(anonymous_1)
DA:2,0
DA:10,0
DA:12,0
DA:14,0
DA:15,0
DA:16,0
DA:25,0
DA:26,0
DA:27,0
DA:28,0
DA:29,0
DA:35,0
DA:44,0
DA:45,0
DA:46,0
DA:50,0
DA:52,0
LF:17
LH:0
BRF:0
BRH:0
end_of_record
TN:
SF:src/modules/notification/domain/notification.types.ts
FN:1,(anonymous_0)
FN:9,(anonymous_1)
FNF:2
FNH:0
FNDA:0,(anonymous_0)
FNDA:0,(anonymous_1)
DA:1,0
DA:2,0
DA:3,0
DA:4,0
DA:5,0
DA:6,0
DA:9,0
DA:10,0
DA:11,0
DA:12,0
LF:10
LH:0
BRDA:1,0,0,0
BRDA:1,0,1,0
BRDA:9,1,0,0
BRDA:9,1,1,0
BRF:4
BRH:0
end_of_record
TN:
SF:src/modules/notification/domain/entities/notification.entity.ts
FN:22,(anonymous_0)
FNF:1
FNH:0
FNDA:0,(anonymous_0)
DA:7,0
DA:23,0
DA:24,0
DA:25,0
DA:26,0
DA:27,0
DA:28,0
DA:29,0
DA:30,0
DA:31,0
DA:32,0
LF:11
LH:0
BRF:0
BRH:0
end_of_record
TN:
SF:src/modules/notification/domain/services/notification.service.ts
FN:5,(anonymous_0)
FN:15,(anonymous_1)
FN:24,(anonymous_2)
FN:33,(anonymous_3)
FNF:4
FNH:0
FNDA:0,(anonymous_0)
FNDA:0,(anonymous_1)
FNDA:0,(anonymous_2)
FNDA:0,(anonymous_3)
DA:1,0
DA:2,0
DA:4,0
DA:6,0
DA:7,0
DA:8,0
DA:9,0
DA:10,0
DA:11,0
DA:16,0
DA:17,0
DA:25,0
DA:26,0
DA:34,0
DA:35,0
LF:15
LH:0
BRDA:6,0,0,0
BRDA:6,0,1,0
BRDA:8,1,0,0
BRDA:8,1,1,0
BRDA:10,2,0,0
BRDA:10,2,1,0
BRDA:16,3,0,0
BRDA:16,3,1,0
BRDA:16,4,0,0
BRDA:16,4,1,0
BRDA:16,4,2,0
BRDA:25,5,0,0
BRDA:25,5,1,0
BRDA:34,6,0,0
BRDA:34,6,1,0
BRF:15
BRH:0
end_of_record
TN:
SF:src/modules/notification/infrastructure/factories/notification.factory.ts
FN:9,(anonymous_0)
FN:13,(anonymous_1)
FNF:2
FNH:0
FNDA:0,(anonymous_0)
FNDA:0,(anonymous_1)
DA:1,0
DA:5,0
DA:7,0
DA:10,0
DA:14,0
DA:15,0
DA:16,0
DA:21,0
LF:8
LH:0
BRDA:15,0,0,0
BRDA:15,0,1,0
BRF:2
BRH:0
end_of_record
TN:
SF:src/modules/notification/infrastructure/providers/email.provider.ts
FN:12,(anonymous_9)
FN:26,(anonymous_10)
FN:33,(anonymous_11)
FNF:3
FNH:0
FNDA:0,(anonymous_9)
FNDA:0,(anonymous_10)
FNDA:0,(anonymous_11)
DA:1,0
DA:3,0
DA:8,0
DA:12,0
DA:13,0
DA:14,0
DA:15,0
DA:16,0
DA:20,0
DA:27,0
DA:28,0
DA:30,0
DA:34,0
DA:35,0
DA:41,0
DA:43,0
DA:44,0
LF:17
LH:0
BRDA:15,0,0,0
BRDA:15,0,1,0
BRDA:27,1,0,0
BRDA:27,1,1,0
BRF:4
BRH:0
end_of_record
TN:
SF:src/modules/organization/application/facades/organization.facade.ts
FN:55,(anonymous_0)
FN:75,(anonymous_1)
FN:83,(anonymous_2)
FN:98,(anonymous_3)
FN:106,(anonymous_4)
FN:118,(anonymous_5)
FN:144,(anonymous_6)
FN:162,(anonymous_7)
FN:176,(anonymous_8)
FN:178,(anonymous_9)
FN:186,(anonymous_10)
FN:194,(anonymous_11)
FN:204,(anonymous_12)
FN:212,(anonymous_13)
FN:221,(anonymous_14)
FN:245,(anonymous_15)
FN:261,(anonymous_16)
FN:263,(anonymous_17)
FN:271,(anonymous_18)
FN:279,(anonymous_19)
FN:317,(anonymous_20)
FN:325,(anonymous_21)
FN:351,(anonymous_22)
FN:366,(anonymous_23)
FN:376,(anonymous_24)
FN:392,(anonymous_25)
FN:408,(anonymous_26)
FN:416,(anonymous_27)
FNF:28
FNH:0
FNDA:0,(anonymous_0)
FNDA:0,(anonymous_1)
FNDA:0,(anonymous_2)
FNDA:0,(anonymous_3)
FNDA:0,(anonymous_4)
FNDA:0,(anonymous_5)
FNDA:0,(anonymous_6)
FNDA:0,(anonymous_7)
FNDA:0,(anonymous_8)
FNDA:0,(anonymous_9)
FNDA:0,(anonymous_10)
FNDA:0,(anonymous_11)
FNDA:0,(anonymous_12)
FNDA:0,(anonymous_13)
FNDA:0,(anonymous_14)
FNDA:0,(anonymous_15)
FNDA:0,(anonymous_16)
FNDA:0,(anonymous_17)
FNDA:0,(anonymous_18)
FNDA:0,(anonymous_19)
FNDA:0,(anonymous_20)
FNDA:0,(anonymous_21)
FNDA:0,(anonymous_22)
FNDA:0,(anonymous_23)
FNDA:0,(anonymous_24)
FNDA:0,(anonymous_25)
FNDA:0,(anonymous_26)
FNDA:0,(anonymous_27)
DA:1,27
DA:46,27
DA:54,27
DA:56,0
DA:57,0
DA:58,0
DA:59,0
DA:60,0
DA:61,0
DA:62,0
DA:63,0
DA:64,0
DA:65,0
DA:66,0
DA:67,0
DA:68,0
DA:69,0
DA:70,0
DA:71,0
DA:72,0
DA:76,0
DA:77,0
DA:79,0
DA:91,0
DA:92,0
DA:94,0
DA:99,0
DA:100,0
DA:102,0
DA:107,0
DA:108,0
DA:109,0
DA:112,0
DA:113,0
DA:114,0
DA:124,0
DA:125,0
DA:126,0
DA:129,0
DA:130,0
DA:136,0
DA:137,0
DA:149,0
DA:150,0
DA:151,0
DA:154,0
DA:155,0
DA:166,0
DA:167,0
DA:172,0
DA:177,0
DA:178,0
DA:179,0
DA:182,0
DA:187,0
DA:188,0
DA:190,0
DA:197,0
DA:198,0
DA:200,0
DA:205,0
DA:206,0
DA:208,0
DA:213,0
DA:214,0
DA:215,0
DA:217,0
DA:222,0
DA:223,0
DA:224,0
DA:225,0
DA:239,0
DA:241,0
DA:246,0
DA:247,0
DA:248,0
DA:249,0
DA:254,0
DA:255,0
DA:257,0
DA:262,0
DA:263,0
DA:264,0
DA:267,0
DA:278,0
DA:279,0
DA:280,0
DA:282,0
DA:285,0
DA:286,0
DA:292,0
DA:293,0
DA:295,0
DA:304,0
DA:305,0
DA:306,0
DA:307,0
DA:310,0
DA:313,0
DA:324,0
DA:325,0
DA:326,0
DA:329,0
DA:330,0
DA:336,0
DA:337,0
DA:339,0
DA:347,0
DA:352,0
DA:353,0
DA:358,0
DA:360,0
DA:362,0
DA:367,0
DA:368,0
DA:373,0
DA:379,0
DA:380,0
DA:385,0
DA:386,0
DA:388,0
DA:395,0
DA:396,0
DA:401,0
DA:402,0
DA:404,0
DA:415,0
DA:416,0
DA:417,0
DA:418,0
DA:419,0
DA:422,0
DA:423,0
DA:424,0
DA:428,0
DA:433,0
DA:434,0
DA:435,0
DA:436,0
DA:439,0
DA:445,0
DA:448,0
DA:449,0
DA:450,0
DA:451,0
DA:452,0
DA:456,0
DA:459,0
LF:148
LH:3
BRDA:108,0,0,0
BRDA:108,0,1,0
BRDA:112,1,0,0
BRDA:112,1,1,0
BRDA:125,2,0,0
BRDA:125,2,1,0
BRDA:129,3,0,0
BRDA:129,3,1,0
BRDA:136,4,0,0
BRDA:136,4,1,0
BRDA:150,5,0,0
BRDA:150,5,1,0
BRDA:154,6,0,0
BRDA:154,6,1,0
BRDA:215,7,0,0
BRDA:215,7,1,0
BRDA:224,8,0,0
BRDA:224,8,1,0
BRDA:224,9,0,0
BRDA:224,9,1,0
BRDA:248,10,0,0
BRDA:248,10,1,0
BRDA:285,11,0,0
BRDA:285,11,1,0
BRDA:305,12,0,0
BRDA:305,12,1,0
BRDA:329,13,0,0
BRDA:329,13,1,0
BRDA:352,14,0,0
BRDA:352,14,1,0
BRDA:367,15,0,0
BRDA:367,15,1,0
BRDA:379,16,0,0
BRDA:379,16,1,0
BRDA:395,17,0,0
BRDA:395,17,1,0
BRDA:418,18,0,0
BRDA:418,18,1,0
BRDA:422,19,0,0
BRDA:422,19,1,0
BRDA:433,20,0,0
BRDA:433,20,1,0
BRDA:434,21,0,0
BRDA:434,21,1,0
BRDA:448,22,0,0
BRDA:448,22,1,0
BRDA:450,23,0,0
BRDA:450,23,1,0
BRDA:461,24,0,0
BRDA:461,24,1,0
BRF:50
BRH:0
end_of_record
TN:
SF:src/modules/organization/application/services/organization.service.ts
FN:9,(anonymous_0)
FN:18,(anonymous_1)
FN:20,(anonymous_2)
FNF:3
FNH:0
FNDA:0,(anonymous_0)
FNDA:0,(anonymous_1)
FNDA:0,(anonymous_2)
DA:1,0
DA:8,0
DA:10,0
DA:11,0
DA:12,0
DA:13,0
DA:14,0
DA:15,0
DA:19,0
DA:20,0
DA:21,0
DA:22,0
DA:26,0
DA:33,0
DA:36,0
DA:40,0
LF:16
LH:0
BRF:0
BRH:0
end_of_record
TN:
SF:src/modules/organization/application/use-cases/AddUserToOrganization.use-case.ts
FN:19,(anonymous_0)
FN:26,(anonymous_1)
FN:60,(anonymous_2)
FNF:3
FNH:0
FNDA:0,(anonymous_0)
FNDA:0,(anonymous_1)
FNDA:0,(anonymous_2)
DA:1,0
DA:13,0
DA:15,0
DA:20,0
DA:21,0
DA:23,0
DA:32,0
DA:34,0
DA:39,0
DA:40,0
DA:46,0
DA:47,0
DA:48,0
DA:49,0
DA:54,0
DA:56,0
LF:16
LH:0
BRDA:39,0,0,0
BRDA:39,0,1,0
BRDA:48,1,0,0
BRDA:48,1,1,0
BRF:4
BRH:0
end_of_record
TN:
SF:src/modules/organization/application/use-cases/CreateOrganization.use-case.ts
FN:17,(anonymous_0)
FN:25,(anonymous_1)
FN:59,(anonymous_2)
FNF:3
FNH:2
FNDA:3,(anonymous_0)
FNDA:4,(anonymous_1)
FNDA:0,(anonymous_2)
DA:1,1
DA:12,1
DA:14,1
DA:16,1
DA:18,3
DA:19,3
DA:20,3
DA:22,3
DA:28,4
DA:29,4
DA:33,4
DA:34,2
DA:40,2
DA:42,2
DA:43,2
DA:44,1
DA:50,1
DA:53,1
DA:55,3
LF:19
LH:19
BRDA:33,0,0,2
BRDA:33,0,1,2
BRDA:43,1,0,1
BRDA:43,1,1,1
BRF:4
BRH:4
end_of_record
TN:
SF:src/modules/organization/application/use-cases/CreateUser.use-case.ts
FN:17,(anonymous_0)
FN:25,(anonymous_1)
FN:53,(anonymous_2)
FNF:3
FNH:0
FNDA:0,(anonymous_0)
FNDA:0,(anonymous_1)
FNDA:0,(anonymous_2)
DA:1,0
DA:11,0
DA:14,0
DA:16,0
DA:18,0
DA:19,0
DA:20,0
DA:22,0
DA:26,0
DA:27,0
DA:28,0
DA:29,0
DA:34,0
DA:35,0
DA:36,0
DA:37,0
DA:41,0
DA:43,0
DA:49,0
DA:57,0
LF:20
LH:0
BRDA:28,0,0,0
BRDA:28,0,1,0
BRDA:36,1,0,0
BRDA:36,1,1,0
BRF:4
BRH:0
end_of_record
TN:
SF:src/modules/organization/application/use-cases/GetOrganization.use-case.ts
FN:14,(anonymous_0)
FN:21,(anonymous_1)
FN:48,(anonymous_2)
FNF:3
FNH:0
FNDA:0,(anonymous_0)
FNDA:0,(anonymous_1)
FNDA:0,(anonymous_2)
DA:1,0
DA:13,0
DA:15,0
DA:16,0
DA:17,0
DA:19,0
DA:25,0
DA:26,0
DA:31,0
DA:35,0
DA:36,0
DA:42,0
DA:44,0
LF:13
LH:0
BRDA:35,0,0,0
BRDA:35,0,1,0
BRF:2
BRH:0
end_of_record
TN:
SF:src/modules/organization/application/use-cases/GetOrganizationMembers.use-case.ts
FN:25,(anonymous_0)
FN:30,(anonymous_1)
FN:51,(anonymous_2)
FNF:3
FNH:0
FNDA:0,(anonymous_0)
FNDA:0,(anonymous_1)
FNDA:0,(anonymous_2)
DA:1,0
DA:24,0
DA:26,0
DA:27,0
DA:31,0
DA:34,0
DA:39,0
DA:40,0
DA:47,0
DA:51,0
LF:10
LH:0
BRDA:39,0,0,0
BRDA:39,0,1,0
BRDA:57,1,0,0
BRDA:57,1,1,0
BRDA:58,2,0,0
BRDA:58,2,1,0
BRDA:59,3,0,0
BRDA:59,3,1,0
BRDA:60,4,0,0
BRDA:60,4,1,0
BRDA:61,5,0,0
BRDA:61,5,1,0
BRF:12
BRH:0
end_of_record
TN:
SF:src/modules/organization/application/use-cases/GetOrganizationStats.use-case.ts
FN:23,(anonymous_0)
FN:32,(anonymous_1)
FNF:2
FNH:0
FNDA:0,(anonymous_0)
FNDA:0,(anonymous_1)
DA:1,0
DA:22,0
DA:24,0
DA:25,0
DA:26,0
DA:27,0
DA:28,0
DA:29,0
DA:33,0
DA:36,0
DA:41,0
DA:42,0
DA:48,0
DA:51,0
DA:53,0
DA:54,0
DA:56,0
DA:58,0
DA:59,0
DA:61,0
DA:62,0
DA:63,0
DA:65,0
DA:66,0
DA:67,0
DA:71,0
DA:72,0
DA:74,0
LF:28
LH:0
BRDA:41,0,0,0
BRDA:41,0,1,0
BRDA:41,1,0,0
BRDA:41,1,1,0
BRDA:71,2,0,0
BRDA:71,2,1,0
BRDA:72,3,0,0
BRDA:72,3,1,0
BRF:8
BRH:0
end_of_record
TN:
SF:src/modules/organization/application/use-cases/GetUserDetails.use-case.ts
FN:14,(anonymous_0)
FN:21,(anonymous_1)
FN:34,(anonymous_2)
FN:57,(anonymous_3)
FNF:4
FNH:0
FNDA:0,(anonymous_0)
FNDA:0,(anonymous_1)
FNDA:0,(anonymous_2)
FNDA:0,(anonymous_3)
DA:1,0
DA:13,0
DA:15,0
DA:16,0
DA:18,0
DA:26,0
DA:28,0
DA:29,0
DA:30,0
DA:33,0
DA:34,0
DA:35,0
DA:36,0
DA:37,0
DA:42,0
DA:48,0
DA:53,0
LF:17
LH:0
BRDA:29,0,0,0
BRDA:29,0,1,0
BRDA:36,1,0,0
BRDA:36,1,1,0
BRF:4
BRH:0
end_of_record
TN:
SF:src/modules/organization/application/use-cases/RemoveMember.use-case.ts
FN:19,(anonymous_0)
FN:27,(anonymous_1)
FN:66,(anonymous_2)
FN:73,(anonymous_3)
FNF:4
FNH:0
FNDA:0,(anonymous_0)
FNDA:0,(anonymous_1)
FNDA:0,(anonymous_2)
FNDA:0,(anonymous_3)
DA:1,0
DA:18,0
DA:20,0
DA:21,0
DA:22,0
DA:23,0
DA:24,0
DA:28,0
DA:32,0
DA:33,0
DA:34,0
DA:40,0
DA:41,0
DA:47,0
DA:52,0
DA:53,0
DA:59,0
DA:60,0
DA:66,0
DA:67,0
DA:68,0
DA:70,0
DA:73,0
DA:75,0
DA:76,0
DA:80,0
DA:81,0
DA:82,0
DA:83,0
DA:84,0
DA:86,0
DA:91,0
DA:97,0
LF:33
LH:0
BRDA:33,0,0,0
BRDA:33,0,1,0
BRDA:40,1,0,0
BRDA:40,1,1,0
BRDA:52,2,0,0
BRDA:52,2,1,0
BRDA:52,3,0,0
BRDA:52,3,1,0
BRDA:59,4,0,0
BRDA:59,4,1,0
BRDA:75,5,0,0
BRDA:75,5,1,0
BRDA:81,6,0,0
BRDA:81,6,1,0
BRF:14
BRH:0
end_of_record
TN:
SF:src/modules/organization/application/use-cases/UpdateMemberRole.use-case.ts
FN:12,(anonymous_0)
FN:18,(anonymous_1)
FN:19,(anonymous_2)
FNF:3
FNH:0
FNDA:0,(anonymous_0)
FNDA:0,(anonymous_1)
FNDA:0,(anonymous_2)
DA:1,0
DA:11,0
DA:13,0
DA:14,0
DA:15,0
DA:19,0
DA:20,0
DA:24,0
DA:25,0
DA:26,0
DA:32,0
DA:33,0
DA:39,0
DA:44,0
DA:45,0
DA:51,0
DA:52,0
DA:58,0
DA:59,0
DA:61,0
LF:20
LH:0
BRDA:25,0,0,0
BRDA:25,0,1,0
BRDA:32,1,0,0
BRDA:32,1,1,0
BRDA:44,2,0,0
BRDA:44,2,1,0
BRDA:44,3,0,0
BRDA:44,3,1,0
BRDA:51,4,0,0
BRDA:51,4,1,0
BRF:10
BRH:0
end_of_record
TN:
SF:src/modules/organization/application/use-cases/accept-invitation.use-case.ts
FN:23,(anonymous_0)
FN:34,(anonymous_1)
FN:36,(anonymous_2)
FN:146,(anonymous_3)
FNF:4
FNH:0
FNDA:0,(anonymous_0)
FNDA:0,(anonymous_1)
FNDA:0,(anonymous_2)
FNDA:0,(anonymous_3)
DA:1,0
DA:14,0
DA:15,0
DA:22,0
DA:24,0
DA:25,0
DA:26,0
DA:27,0
DA:28,0
DA:29,0
DA:31,0
DA:35,0
DA:36,0
DA:37,0
DA:41,0
DA:42,0
DA:50,0
DA:52,0
DA:53,0
DA:61,0
DA:62,0
DA:63,0
DA:71,0
DA:76,0
DA:77,0
DA:78,0
DA:81,0
DA:89,0
DA:90,0
DA:98,0
DA:99,0
DA:100,0
DA:101,0
DA:104,0
DA:109,0
DA:110,0
DA:111,0
DA:112,0
DA:113,0
DA:116,0
DA:117,0
DA:118,0
DA:120,0
DA:127,0
DA:130,0
DA:131,0
DA:133,0
DA:142,0
LF:48
LH:0
BRDA:41,0,0,0
BRDA:41,0,1,0
BRDA:52,1,0,0
BRDA:52,1,1,0
BRDA:61,2,0,0
BRDA:61,2,1,0
BRDA:62,3,0,0
BRDA:62,3,1,0
BRDA:76,4,0,0
BRDA:76,4,1,0
BRDA:76,5,0,0
BRDA:76,5,1,0
BRDA:89,6,0,0
BRDA:89,6,1,0
BRDA:98,7,0,0
BRDA:98,7,1,0
BRDA:109,8,0,0
BRDA:109,8,1,0
BRDA:110,9,0,0
BRDA:110,9,1,0
BRF:20
BRH:0
end_of_record
TN:
SF:src/modules/organization/application/use-cases/get-user-membership.use-case.ts
FN:13,(anonymous_0)
FN:20,(anonymous_1)
FN:36,(anonymous_2)
FN:56,(anonymous_3)
FNF:4
FNH:0
FNDA:0,(anonymous_0)
FNDA:0,(anonymous_1)
FNDA:0,(anonymous_2)
FNDA:0,(anonymous_3)
DA:1,0
DA:12,0
DA:14,0
DA:15,0
DA:17,0
DA:21,0
DA:22,0
DA:27,0
DA:29,0
DA:30,0
DA:36,0
DA:37,0
DA:39,0
DA:40,0
DA:46,0
DA:52,0
LF:16
LH:0
BRDA:29,0,0,0
BRDA:29,0,1,0
BRDA:39,1,0,0
BRDA:39,1,1,0
BRF:4
BRH:0
end_of_record
TN:
SF:src/modules/organization/application/use-cases/send-invitation.use-case.ts
FN:24,(anonymous_0)
FN:36,(anonymous_1)
FN:149,(anonymous_2)
FNF:3
FNH:2
FNDA:4,(anonymous_0)
FNDA:4,(anonymous_1)
FNDA:0,(anonymous_2)
DA:1,1
DA:18,1
DA:20,1
DA:23,1
DA:25,4
DA:26,4
DA:27,4
DA:28,4
DA:29,4
DA:30,4
DA:31,4
DA:33,4
DA:37,4
DA:38,4
DA:40,4
DA:45,4
DA:46,1
DA:54,3
DA:55,0
DA:63,3
DA:67,3
DA:68,1
DA:77,2
DA:82,2
DA:83,1
DA:91,1
DA:96,1
DA:99,1
DA:101,0
DA:105,0
DA:106,0
DA:115,1
DA:123,1
DA:124,1
DA:125,0
DA:130,1
DA:131,1
DA:133,1
DA:143,1
DA:145,3
LF:40
LH:35
BRDA:45,0,0,1
BRDA:45,0,1,3
BRDA:54,1,0,0
BRDA:54,1,1,3
BRDA:67,2,0,1
BRDA:67,2,1,2
BRDA:82,3,0,1
BRDA:82,3,1,1
BRDA:99,4,0,0
BRDA:99,4,1,1
BRDA:105,5,0,0
BRDA:105,5,1,0
BRDA:105,6,0,0
BRDA:105,6,1,0
BRDA:124,7,0,0
BRDA:124,7,1,1
BRDA:130,8,0,1
BRDA:130,8,1,1
BRF:18
BRH:11
end_of_record
TN:
SF:src/modules/organization/application/use-cases/validate-invitation.use-case.ts
FN:25,(anonymous_0)
FN:35,(anonymous_1)
FN:86,(anonymous_2)
FN:127,(anonymous_3)
FNF:4
FNH:0
FNDA:0,(anonymous_0)
FNDA:0,(anonymous_1)
FNDA:0,(anonymous_2)
FNDA:0,(anonymous_3)
DA:1,0
DA:13,0
DA:24,0
DA:26,0
DA:27,0
DA:28,0
DA:29,0
DA:30,0
DA:32,0
DA:38,0
DA:39,0
DA:43,0
DA:44,0
DA:52,0
DA:53,0
DA:63,0
DA:67,0
DA:68,0
DA:75,0
DA:81,0
DA:85,0
DA:86,0
DA:87,0
DA:88,0
DA:89,0
DA:92,0
DA:93,0
DA:94,0
DA:95,0
DA:96,0
DA:101,0
DA:107,0
DA:108,0
DA:113,0
DA:114,0
DA:118,0
DA:123,0
LF:37
LH:0
BRDA:43,0,0,0
BRDA:43,0,1,0
BRDA:52,1,0,0
BRDA:52,1,1,0
BRDA:55,2,0,0
BRDA:55,2,1,0
BRDA:67,3,0,0
BRDA:67,3,1,0
BRDA:81,4,0,0
BRDA:81,4,1,0
BRDA:81,4,2,0
BRDA:81,4,3,0
BRDA:85,5,0,0
BRDA:85,5,1,0
BRDA:87,6,0,0
BRDA:87,6,1,0
BRDA:92,7,0,0
BRDA:92,7,1,0
BRDA:93,8,0,0
BRDA:93,8,1,0
BRF:20
BRH:0
end_of_record
TN:
SF:src/modules/organization/domain/types.ts
FN:5,(anonymous_0)
FN:12,(anonymous_1)
FN:70,(anonymous_2)
FN:112,(anonymous_3)
FNF:4
FNH:4
FNDA:27,(anonymous_0)
FNDA:27,(anonymous_1)
FNDA:27,(anonymous_2)
FNDA:27,(anonymous_3)
DA:5,27
DA:6,27
DA:7,27
DA:8,27
DA:9,27
DA:12,27
DA:13,27
DA:14,27
DA:70,27
DA:71,27
DA:72,27
DA:73,27
DA:112,27
DA:113,27
DA:114,27
DA:115,27
DA:116,27
LF:17
LH:17
BRDA:5,0,0,27
BRDA:5,0,1,27
BRDA:12,1,0,27
BRDA:12,1,1,27
BRDA:70,2,0,27
BRDA:70,2,1,27
BRDA:112,3,0,27
BRDA:112,3,1,27
BRF:8
BRH:8
end_of_record
TN:
SF:src/modules/organization/domain/entities/invitation.entity.ts
FN:11,(anonymous_0)
FN:15,(anonymous_1)
FN:30,(anonymous_2)
FN:34,(anonymous_3)
FN:38,(anonymous_4)
FN:53,(anonymous_5)
FN:67,(anonymous_6)
FN:70,(anonymous_7)
FN:73,(anonymous_8)
FN:76,(anonymous_9)
FN:79,(anonymous_10)
FN:82,(anonymous_11)
FN:85,(anonymous_12)
FN:88,(anonymous_13)
FN:92,(anonymous_14)
FN:96,(anonymous_15)
FNF:16
FNH:16
FNDA:20,(anonymous_0)
FNDA:19,(anonymous_1)
FNDA:11,(anonymous_2)
FNDA:9,(anonymous_3)
FNDA:7,(anonymous_4)
FNDA:6,(anonymous_5)
FNDA:3,(anonymous_6)
FNDA:2,(anonymous_7)
FNDA:1,(anonymous_8)
FNDA:1,(anonymous_9)
FNDA:2,(anonymous_10)
FNDA:5,(anonymous_11)
FNDA:4,(anonymous_12)
FNDA:2,(anonymous_13)
FNDA:2,(anonymous_14)
FNDA:1,(anonymous_15)
DA:1,2
DA:3,2
DA:4,2
DA:5,2
DA:6,2
DA:8,2
DA:12,20
DA:16,19
DA:18,19
DA:31,11
DA:35,9
DA:39,7
DA:40,3
DA:45,4
DA:54,6
DA:55,2
DA:60,4
DA:68,3
DA:71,2
DA:74,1
DA:77,1
DA:80,2
DA:83,5
DA:86,4
DA:89,2
DA:93,2
DA:97,1
LF:27
LH:27
BRDA:31,0,0,11
BRDA:31,0,1,7
BRDA:39,1,0,3
BRDA:39,1,1,4
BRDA:54,2,0,2
BRDA:54,2,1,4
BRF:6
BRH:6
end_of_record
TN:
SF:src/modules/organization/domain/entities/membership.entity.ts
FN:18,(anonymous_0)
FN:24,(anonymous_1)
FN:37,(anonymous_2)
FN:41,(anonymous_3)
FN:45,(anonymous_4)
FN:49,(anonymous_5)
FN:53,(anonymous_6)
FN:61,(anonymous_7)
FN:70,(anonymous_8)
FN:80,(anonymous_9)
FN:83,(anonymous_10)
FN:86,(anonymous_11)
FN:89,(anonymous_12)
FN:92,(anonymous_13)
FN:95,(anonymous_14)
FN:98,(anonymous_15)
FN:101,(anonymous_16)
FN:104,(anonymous_17)
FN:107,(anonymous_18)
FN:111,(anonymous_19)
FN:115,(anonymous_20)
FN:119,(anonymous_21)
FNF:22
FNH:19
FNDA:27,(anonymous_0)
FNDA:25,(anonymous_1)
FNDA:11,(anonymous_2)
FNDA:6,(anonymous_3)
FNDA:2,(anonymous_4)
FNDA:2,(anonymous_5)
FNDA:1,(anonymous_6)
FNDA:5,(anonymous_7)
FNDA:3,(anonymous_8)
FNDA:3,(anonymous_9)
FNDA:1,(anonymous_10)
FNDA:17,(anonymous_11)
FNDA:4,(anonymous_12)
FNDA:5,(anonymous_13)
FNDA:2,(anonymous_14)
FNDA:3,(anonymous_15)
FNDA:0,(anonymous_16)
FNDA:0,(anonymous_17)
FNDA:1,(anonymous_18)
FNDA:0,(anonymous_19)
FNDA:1,(anonymous_20)
FNDA:2,(anonymous_21)
DA:1,27
DA:3,27
DA:4,27
DA:13,27
DA:19,27
DA:20,27
DA:21,27
DA:25,25
DA:27,25
DA:38,11
DA:42,6
DA:46,2
DA:50,2
DA:54,1
DA:62,5
DA:71,3
DA:81,3
DA:84,1
DA:87,17
DA:90,4
DA:93,5
DA:96,2
DA:99,3
DA:102,0
DA:105,0
DA:108,1
DA:112,0
DA:116,1
DA:120,2
LF:29
LH:26
BRDA:74,0,0,3
BRDA:74,0,1,2
BRDA:120,1,0,2
BRDA:120,1,1,1
BRDA:120,2,0,2
BRDA:120,2,1,2
BRF:6
BRH:6
end_of_record
TN:
SF:src/modules/organization/domain/entities/organization.entity.ts
FN:9,(anonymous_0)
FN:13,(anonymous_1)
FN:28,(anonymous_2)
FN:32,(anonymous_3)
FN:37,(anonymous_4)
FN:42,(anonymous_5)
FN:51,(anonymous_6)
FN:54,(anonymous_7)
FN:57,(anonymous_8)
FN:60,(anonymous_9)
FN:63,(anonymous_10)
FN:66,(anonymous_11)
FN:69,(anonymous_12)
FN:72,(anonymous_13)
FN:75,(anonymous_14)
FN:79,(anonymous_15)
FN:83,(anonymous_16)
FNF:17
FNH:16
FNDA:15,(anonymous_0)
FNDA:14,(anonymous_1)
FNDA:0,(anonymous_2)
FNDA:1,(anonymous_3)
FNDA:1,(anonymous_4)
FNDA:2,(anonymous_5)
FNDA:12,(anonymous_6)
FNDA:6,(anonymous_7)
FNDA:2,(anonymous_8)
FNDA:2,(anonymous_9)
FNDA:2,(anonymous_10)
FNDA:5,(anonymous_11)
FNDA:2,(anonymous_12)
FNDA:1,(anonymous_13)
FNDA:3,(anonymous_14)
FNDA:1,(anonymous_15)
FNDA:1,(anonymous_16)
DA:2,4
DA:4,4
DA:6,4
DA:10,15
DA:14,14
DA:16,14
DA:34,1
DA:39,1
DA:43,2
DA:52,12
DA:55,6
DA:58,2
DA:61,2
DA:64,2
DA:67,5
DA:70,2
DA:73,1
DA:76,3
DA:80,1
DA:84,1
LF:20
LH:20
BRF:0
BRH:0
end_of_record
TN:
SF:src/modules/organization/domain/entities/user.entity.ts
FN:16,(anonymous_0)
FN:21,(anonymous_1)
FN:37,(anonymous_2)
FN:39,(anonymous_3)
FN:43,(anonymous_4)
FN:48,(anonymous_5)
FN:53,(anonymous_6)
FN:57,(anonymous_7)
FN:62,(anonymous_8)
FN:64,(anonymous_9)
FN:65,(anonymous_10)
FN:68,(anonymous_11)
FN:79,(anonymous_12)
FN:90,(anonymous_13)
FN:101,(anonymous_14)
FN:112,(anonymous_15)
FN:116,(anonymous_16)
FN:124,(anonymous_17)
FN:140,(anonymous_18)
FN:148,(anonymous_19)
FN:152,(anonymous_20)
FN:156,(anonymous_21)
FN:160,(anonymous_22)
FN:164,(anonymous_23)
FN:171,(anonymous_24)
FN:174,(anonymous_25)
FN:177,(anonymous_26)
FN:180,(anonymous_27)
FN:183,(anonymous_28)
FN:186,(anonymous_29)
FN:189,(anonymous_30)
FN:192,(anonymous_31)
FN:195,(anonymous_32)
FN:198,(anonymous_33)
FN:201,(anonymous_34)
FN:205,(anonymous_35)
FN:209,(anonymous_36)
FNF:37
FNH:29
FNDA:29,(anonymous_0)
FNDA:28,(anonymous_1)
FNDA:14,(anonymous_2)
FNDA:5,(anonymous_3)
FNDA:4,(anonymous_4)
FNDA:0,(anonymous_5)
FNDA:0,(anonymous_6)
FNDA:0,(anonymous_7)
FNDA:0,(anonymous_8)
FNDA:0,(anonymous_9)
FNDA:0,(anonymous_10)
FNDA:7,(anonymous_11)
FNDA:4,(anonymous_12)
FNDA:3,(anonymous_13)
FNDA:1,(anonymous_14)
FNDA:1,(anonymous_15)
FNDA:1,(anonymous_16)
FNDA:1,(anonymous_17)
FNDA:2,(anonymous_18)
FNDA:2,(anonymous_19)
FNDA:6,(anonymous_20)
FNDA:4,(anonymous_21)
FNDA:4,(anonymous_22)
FNDA:6,(anonymous_23)
FNDA:22,(anonymous_24)
FNDA:3,(anonymous_25)
FNDA:3,(anonymous_26)
FNDA:3,(anonymous_27)
FNDA:2,(anonymous_28)
FNDA:1,(anonymous_29)
FNDA:2,(anonymous_30)
FNDA:4,(anonymous_31)
FNDA:0,(anonymous_32)
FNDA:0,(anonymous_33)
FNDA:1,(anonymous_34)
FNDA:1,(anonymous_35)
FNDA:1,(anonymous_36)
DA:1,3
DA:2,3
DA:10,3
DA:12,3
DA:17,29
DA:18,29
DA:22,28
DA:24,28
DA:38,14
DA:39,5
DA:44,4
DA:45,4
DA:49,0
DA:50,0
DA:54,0
DA:58,0
DA:59,0
DA:63,0
DA:64,0
DA:65,0
DA:69,7
DA:70,1
DA:75,6
DA:76,6
DA:80,4
DA:81,1
DA:83,3
DA:91,3
DA:92,1
DA:94,2
DA:102,1
DA:103,0
DA:105,1
DA:113,1
DA:117,1
DA:130,1
DA:141,2
DA:149,2
DA:153,6
DA:159,4
DA:160,4
DA:165,6
DA:172,22
DA:175,3
DA:178,3
DA:181,3
DA:184,2
DA:187,1
DA:190,2
DA:193,4
DA:196,0
DA:199,0
DA:202,1
DA:206,1
DA:210,1
LF:55
LH:44
BRDA:16,0,0,28
BRDA:39,1,0,5
BRDA:39,1,1,5
BRDA:45,2,0,4
BRDA:45,2,1,0
BRDA:50,3,0,0
BRDA:50,3,1,0
BRDA:54,4,0,0
BRDA:54,4,1,0
BRDA:59,5,0,0
BRDA:59,5,1,0
BRDA:69,6,0,1
BRDA:69,6,1,6
BRDA:80,7,0,1
BRDA:80,7,1,3
BRDA:91,8,0,1
BRDA:91,8,1,2
BRDA:102,9,0,0
BRDA:102,9,1,1
BRDA:132,10,0,1
BRDA:132,10,1,0
BRDA:133,11,0,1
BRDA:133,11,1,1
BRDA:134,12,0,1
BRDA:134,12,1,0
BRDA:135,13,0,1
BRDA:135,13,1,1
BRDA:160,14,0,4
BRDA:160,14,1,4
BRDA:210,15,0,1
BRDA:210,15,1,1
BRF:31
BRH:21
end_of_record
TN:
SF:src/modules/organization/domain/events/invitation-accepted.event.ts
FN:8,(anonymous_0)
FNF:1
FNH:0
FNDA:0,(anonymous_0)
DA:3,0
DA:4,0
DA:9,0
DA:10,0
LF:4
LH:0
BRF:0
BRH:0
end_of_record
TN:
SF:src/modules/organization/domain/events/invitation-sent.event.ts
FN:8,(anonymous_0)
FNF:1
FNH:1
FNDA:1,(anonymous_0)
DA:3,1
DA:4,1
DA:9,1
DA:10,1
LF:4
LH:4
BRF:0
BRH:0
end_of_record
TN:
SF:src/modules/organization/domain/events/organizationCreated.event.ts
FN:13,(anonymous_0)
FNF:1
FNH:1
FNDA:1,(anonymous_0)
DA:6,1
DA:9,1
DA:14,1
DA:15,1
LF:4
LH:4
BRF:0
BRH:0
end_of_record
TN:
SF:src/modules/organization/domain/events/userCreated.event.ts
FN:8,(anonymous_0)
FNF:1
FNH:0
FNDA:0,(anonymous_0)
DA:3,0
DA:4,0
DA:9,0
DA:10,0
LF:4
LH:0
BRF:0
BRH:0
end_of_record
TN:
SF:src/modules/organization/domain/events/userFailed.event.ts
FN:8,(anonymous_0)
FNF:1
FNH:0
FNDA:0,(anonymous_0)
DA:3,0
DA:4,0
DA:9,0
DA:10,0
LF:4
LH:0
BRF:0
BRH:0
end_of_record
TN:
SF:src/modules/organization/domain/services/invitation-authorization.service.ts
FN:6,(anonymous_0)
FN:31,(anonymous_1)
FNF:2
FNH:0
FNDA:0,(anonymous_0)
FNDA:0,(anonymous_1)
DA:1,0
DA:5,0
DA:10,0
DA:11,0
DA:19,0
DA:20,0
DA:28,0
DA:32,0
DA:33,0
DA:39,0
DA:40,0
DA:41,0
LF:12
LH:0
BRDA:10,0,0,0
BRDA:10,0,1,0
BRDA:19,1,0,0
BRDA:19,1,1,0
BRDA:32,2,0,0
BRDA:32,2,1,0
BRDA:40,3,0,0
BRDA:40,3,1,0
BRF:8
BRH:0
end_of_record
TN:
SF:src/modules/organization/domain/services/organization-authorization.service.ts
FN:5,(anonymous_0)
FN:7,(anonymous_1)
FN:16,(anonymous_2)
FN:27,(anonymous_3)
FN:38,(anonymous_4)
FNF:5
FNH:5
FNDA:6,(anonymous_0)
FNDA:4,(anonymous_1)
FNDA:2,(anonymous_2)
FNDA:1,(anonymous_3)
FNDA:1,(anonymous_4)
DA:1,1
DA:4,1
DA:5,6
DA:9,4
DA:11,4
DA:12,4
DA:13,3
DA:18,2
DA:20,2
DA:21,0
DA:24,2
DA:28,1
DA:30,1
DA:31,1
DA:39,1
DA:41,1
DA:42,1
LF:17
LH:16
BRDA:11,0,0,0
BRDA:11,0,1,4
BRDA:12,1,0,1
BRDA:12,1,1,3
BRDA:20,2,0,0
BRDA:20,2,1,2
BRDA:30,3,0,1
BRDA:30,3,1,0
BRDA:41,4,0,1
BRDA:41,4,1,0
BRF:10
BRH:6
end_of_record
TN:
SF:src/modules/payment/application/use-cases/HandleStripeWebhook.use-case.ts
FN:26,(anonymous_0)
FN:35,(anonymous_1)
FN:89,(anonymous_2)
FN:93,(anonymous_3)
FN:119,(anonymous_4)
FN:188,(anonymous_5)
FN:217,(anonymous_6)
FNF:7
FNH:6
FNDA:10,(anonymous_0)
FNDA:10,(anonymous_1)
FNDA:0,(anonymous_2)
FNDA:4,(anonymous_3)
FNDA:3,(anonymous_4)
FNDA:1,(anonymous_5)
FNDA:1,(anonymous_6)
DA:1,1
DA:22,1
DA:28,10
DA:29,10
DA:30,10
DA:32,10
DA:38,10
DA:40,10
DA:41,10
DA:45,10
DA:47,4
DA:48,3
DA:51,3
DA:54,3
DA:57,1
DA:60,1
DA:63,1
DA:66,1
DA:69,1
DA:70,1
DA:73,8
DA:77,8
DA:79,1
DA:85,1
DA:96,4
DA:101,4
DA:105,3
DA:106,2
DA:107,2
DA:110,1
DA:114,1
DA:122,3
DA:126,3
DA:128,2
DA:132,2
DA:134,2
DA:135,2
DA:136,2
DA:139,2
DA:144,0
DA:155,3
DA:156,0
DA:157,0
DA:159,0
DA:161,0
DA:162,0
DA:165,0
DA:170,0
DA:183,3
DA:191,1
DA:196,1
DA:200,1
DA:201,0
DA:205,0
DA:208,1
DA:212,1
DA:220,1
DA:225,1
DA:229,1
DA:230,1
DA:234,1
DA:237,0
DA:241,0
LF:63
LH:51
BRDA:45,0,0,4
BRDA:45,0,1,3
BRDA:45,0,2,1
BRDA:45,0,3,1
BRDA:45,0,4,1
BRDA:81,1,0,1
BRDA:81,1,1,0
BRDA:83,2,0,1
BRDA:83,2,1,0
BRDA:83,3,0,1
BRDA:83,3,1,0
BRDA:105,4,0,2
BRDA:105,4,1,1
BRDA:126,5,0,2
BRDA:126,5,1,1
BRDA:128,6,0,1
BRDA:128,6,1,1
BRDA:135,7,0,2
BRDA:135,7,1,0
BRDA:146,8,0,0
BRDA:146,8,1,0
BRDA:150,9,0,0
BRDA:150,9,1,0
BRDA:150,10,0,0
BRDA:150,10,1,0
BRDA:155,11,0,0
BRDA:155,11,1,3
BRDA:161,12,0,0
BRDA:161,12,1,0
BRDA:172,13,0,0
BRDA:172,13,1,0
BRDA:176,14,0,0
BRDA:176,14,1,0
BRDA:177,15,0,0
BRDA:177,15,1,0
BRDA:200,16,0,0
BRDA:200,16,1,1
BRDA:229,17,0,1
BRDA:229,17,1,0
BRF:39
BRH:18
end_of_record
TN:
SF:src/modules/payment/domain/services/stripe-sync.service.ts
FNF:0
FNH:0
DA:93,0
LF:1
LH:0
BRF:0
BRH:0
end_of_record
TN:
SF:src/modules/payment/infrastructure/mappers/stripe-domain.mapper.ts
FN:12,(anonymous_0)
FN:27,(anonymous_1)
FN:53,(anonymous_2)
FN:86,(anonymous_3)
FN:130,(anonymous_4)
FN:151,(anonymous_5)
FN:161,(anonymous_6)
FNF:7
FNH:0
FNDA:0,(anonymous_0)
FNDA:0,(anonymous_1)
FNDA:0,(anonymous_2)
FNDA:0,(anonymous_3)
FNDA:0,(anonymous_4)
FNDA:0,(anonymous_5)
FNDA:0,(anonymous_6)
DA:11,0
DA:15,0
DA:27,0
DA:54,0
DA:86,0
DA:133,0
DA:152,0
DA:162,0
LF:8
LH:0
BRDA:19,0,0,0
BRDA:19,0,1,0
BRDA:25,1,0,0
BRDA:25,1,1,0
BRDA:32,2,0,0
BRDA:32,2,1,0
BRDA:36,3,0,0
BRDA:36,3,1,0
BRDA:38,4,0,0
BRDA:38,4,1,0
BRDA:42,5,0,0
BRDA:42,5,1,0
BRDA:44,6,0,0
BRDA:44,6,1,0
BRDA:63,7,0,0
BRDA:63,7,1,0
BRDA:65,8,0,0
BRDA:65,8,1,0
BRDA:67,9,0,0
BRDA:67,9,1,0
BRDA:69,10,0,0
BRDA:69,10,1,0
BRDA:75,11,0,0
BRDA:75,11,1,0
BRDA:84,12,0,0
BRDA:84,12,1,0
BRDA:91,13,0,0
BRDA:91,13,1,0
BRDA:100,14,0,0
BRDA:100,14,1,0
BRDA:101,15,0,0
BRDA:101,15,1,0
BRDA:103,16,0,0
BRDA:103,16,1,0
BRDA:106,17,0,0
BRDA:106,17,1,0
BRDA:110,18,0,0
BRDA:110,18,1,0
BRDA:112,19,0,0
BRDA:112,19,1,0
BRDA:117,20,0,0
BRDA:117,20,1,0
BRDA:120,21,0,0
BRDA:120,21,1,0
BRDA:137,22,0,0
BRDA:137,22,1,0
BRDA:140,23,0,0
BRDA:140,23,1,0
BRDA:166,24,0,0
BRDA:166,24,1,0
BRF:50
BRH:0
end_of_record
TN:
SF:src/modules/payment/infrastructure/mappers/webhook-event.mapper.ts
FN:10,(anonymous_0)
FN:20,(anonymous_1)
FN:44,(anonymous_2)
FN:59,(anonymous_3)
FN:74,(anonymous_4)
FNF:5
FNH:0
FNDA:0,(anonymous_0)
FNDA:0,(anonymous_1)
FNDA:0,(anonymous_2)
FNDA:0,(anonymous_3)
FNDA:0,(anonymous_4)
DA:9,0
DA:11,0
DA:23,0
DA:25,0
DA:27,0
DA:30,0
DA:34,0
DA:37,0
DA:47,0
DA:62,0
DA:77,0
LF:11
LH:0
BRDA:25,0,0,0
BRDA:25,0,1,0
BRDA:25,0,2,0
BRDA:25,0,3,0
BRDA:25,0,4,0
BRDA:38,1,0,0
BRDA:38,1,1,0
BRDA:39,2,0,0
BRDA:39,2,1,0
BRDA:50,3,0,0
BRDA:50,3,1,0
BRDA:52,4,0,0
BRDA:52,4,1,0
BRDA:55,5,0,0
BRDA:55,5,1,0
BRDA:65,6,0,0
BRDA:65,6,1,0
BRDA:67,7,0,0
BRDA:67,7,1,0
BRDA:70,8,0,0
BRDA:70,8,1,0
BRDA:80,9,0,0
BRDA:80,9,1,0
BRF:23
BRH:0
end_of_record
TN:
SF:src/modules/payment/infrastructure/services/stripe-sync.service.ts
FN:22,(anonymous_3)
FN:33,(anonymous_4)
FN:72,(anonymous_5)
FN:80,(anonymous_6)
FN:154,(anonymous_7)
FN:169,(anonymous_8)
FN:206,(anonymous_9)
FN:224,(anonymous_10)
FN:299,(anonymous_11)
FN:338,(anonymous_12)
FN:355,(anonymous_13)
FN:368,(anonymous_14)
FN:386,(anonymous_15)
FN:405,(anonymous_16)
FN:416,(anonymous_17)
FN:463,(anonymous_18)
FN:474,(anonymous_19)
FN:489,(anonymous_20)
[...]
DA:162,0
DA:164,0
DA:168,0
DA:171,0
DA:172,0
DA:173,0
DA:175,0
DA:177,0
LF:64
LH:0
BRDA:38,0,0,0
BRDA:38,0,1,0
BRDA:40,1,0,0
BRDA:40,1,1,0
BRDA:45,2,0,0
BRDA:45,2,1,0
BRDA:53,3,0,0
BRDA:53,3,1,0
BRDA:56,4,0,0
BRDA:56,4,1,0
BRDA:66,5,0,0
BRDA:66,5,1,0
BRDA:66,5,2,0
BRDA:66,5,3,0
BRDA:66,5,4,0
BRDA:66,5,5,0
BRDA:66,5,6,0
BRDA:66,5,7,0
BRDA:88,6,0,0
BRDA:88,6,1,0
BRDA:89,7,0,0
BRDA:89,7,1,0
BRDA:89,8,0,0
BRDA:89,8,1,0
BRDA:97,9,0,0
BRDA:97,9,1,0
BRDA:103,10,0,0
BRDA:103,10,1,0
BRDA:109,11,0,0
BRDA:109,11,1,0
BRDA:113,12,0,0
BRDA:113,12,1,0
BRDA:114,13,0,0
BRDA:114,13,1,0
BRDA:117,14,0,0
BRDA:117,14,1,0
BRDA:123,15,0,0
BRDA:123,15,1,0
BRDA:124,16,0,0
BRDA:124,16,1,0
BRDA:131,17,0,0
BRDA:131,17,1,0
BRDA:132,18,0,0
BRDA:132,18,1,0
BRDA:133,19,0,0
BRDA:133,19,1,0
BRDA:134,20,0,0
BRDA:134,20,1,0
BRDA:141,21,0,0
BRDA:141,21,1,0
BRDA:142,22,0,0
BRDA:142,22,1,0
BRDA:146,23,0,0
BRDA:146,23,1,0
BRDA:153,24,0,0
BRDA:153,24,1,0
BRDA:154,25,0,0
BRDA:154,25,1,0
BRDA:154,25,2,0
BRDA:171,26,0,0
BRDA:171,26,1,0
BRDA:172,27,0,0
BRDA:172,27,1,0
BRDA:172,28,0,0
BRDA:172,28,1,0
BRF:65
BRH:0
end_of_record
TN:
SF:src/modules/subscription/application/use-cases/UpdateSubscriptionQuantity.use-case.ts
FN:51,(anonymous_0)
FN:63,(anonymous_1)
FN:159,(anonymous_2)
FN:163,(anonymous_3)
FN:238,(anonymous_4)
FN:302,(anonymous_5)
FN:387,(anonymous_6)
FNF:7
FNH:4
FNDA:5,(anonymous_0)
FNDA:5,(anonymous_1)
FNDA:1,(anonymous_2)
FNDA:1,(anonymous_3)
FNDA:0,(anonymous_4)
FNDA:0,(anonymous_5)
FNDA:0,(anonymous_6)
DA:1,1
DA:12,1
DA:14,1
DA:47,1
DA:52,5
DA:53,5
DA:54,5
DA:55,5
DA:56,5
DA:57,5
DA:58,5
DA:60,5
DA:64,5
DA:65,5
DA:67,5
DA:68,1
DA:76,4
DA:77,4
DA:78,0
DA:81,4
DA:82,0
DA:90,4
DA:91,4
DA:92,1
DA:99,3
DA:100,0
DA:107,3
DA:108,1
DA:115,2
DA:116,1
DA:123,1
DA:124,1
DA:126,1
DA:129,1
DA:130,0
DA:137,1
DA:138,1
DA:140,1
DA:142,1
DA:147,1
DA:148,0
DA:158,1
DA:160,1
DA:162,1
DA:163,1
DA:166,1
DA:167,0
DA:178,1
DA:179,0
DA:190,1
DA:191,1
DA:194,1
DA:196,1
DA:197,1
DA:199,1
DA:200,1
DA:202,1
DA:203,0
DA:204,0
DA:206,0
DA:207,0
DA:210,0
DA:212,0
DA:214,0
DA:217,0
DA:218,0
DA:219,0
DA:220,0
DA:222,0
DA:223,0
DA:227,0
DA:228,0
DA:231,0
DA:233,0
DA:237,0
DA:238,0
DA:241,0
DA:242,0
DA:253,0
DA:262,0
DA:268,0
DA:284,0
DA:288,0
DA:290,1
DA:291,1
DA:292,1
DA:293,1
DA:295,1
DA:297,0
DA:301,0
DA:302,0
DA:305,0
DA:306,0
DA:317,0
DA:327,1
DA:331,1
DA:333,1
DA:336,1
DA:337,0
DA:338,0
DA:339,0
DA:355,1
DA:359,1
DA:383,4
LF:104
LH:62
BRDA:67,0,0,1
BRDA:67,0,1,4
BRDA:67,1,0,5
BRDA:67,1,1,5
BRDA:77,2,0,0
BRDA:77,2,1,4
BRDA:81,3,0,0
BRDA:81,3,1,4
BRDA:91,4,0,1
BRDA:91,4,1,3
BRDA:99,5,0,0
BRDA:99,5,1,3
BRDA:107,6,0,1
BRDA:107,6,1,2
BRDA:115,7,0,1
BRDA:115,7,1,1
BRDA:129,8,0,0
BRDA:129,8,1,1
BRDA:140,9,0,1
BRDA:140,9,1,0
BRDA:147,10,0,0
BRDA:147,10,1,1
BRDA:160,11,0,1
BRDA:160,11,1,1
BRDA:163,12,0,1
BRDA:163,12,1,1
BRDA:166,13,0,0
BRDA:166,13,1,1
BRDA:178,14,0,0
BRDA:178,14,1,1
BRDA:202,15,0,0
BRDA:202,15,1,1
BRDA:210,16,0,0
BRDA:210,16,1,0
BRDA:210,17,0,0
BRDA:210,17,1,0
BRDA:217,18,0,0
BRDA:217,18,1,0
BRDA:217,19,0,0
BRDA:217,19,1,0
BRDA:231,20,0,0
BRDA:231,20,1,0
BRDA:231,21,0,0
BRDA:231,21,1,0
BRDA:238,22,0,0
BRDA:238,22,1,0
BRDA:241,23,0,0
BRDA:241,23,1,0
BRDA:262,24,0,0
BRDA:262,24,1,0
BRDA:263,25,0,0
BRDA:263,25,1,0
BRDA:263,25,2,0
BRDA:295,26,0,0
BRDA:295,26,1,1
BRDA:295,27,0,1
BRDA:295,27,1,0
BRDA:302,28,0,0
BRDA:302,28,1,0
BRDA:305,29,0,0
BRDA:305,29,1,0
BRDA:333,30,0,0
BRDA:333,30,1,1
BRDA:336,31,0,0
BRDA:336,31,1,1
BRDA:338,32,0,0
BRDA:338,32,1,0
BRDA:355,33,0,1
BRDA:355,33,1,0
BRDA:378,34,0,0
BRDA:378,34,1,1
BRDA:379,35,0,0
BRDA:379,35,1,1
BRF:73
BRH:30
end_of_record
TN:
SF:src/modules/subscription/domain/entities/invoice.entity.ts
FN:8,(anonymous_0)
FN:12,(anonymous_1)
FN:36,(anonymous_2)
FN:40,(anonymous_3)
FN:44,(anonymous_4)
FN:48,(anonymous_5)
FN:52,(anonymous_6)
FN:56,(anonymous_7)
FN:60,(anonymous_8)
FN:64,(anonymous_9)
FN:68,(anonymous_10)
FN:72,(anonymous_11)
FN:76,(anonymous_12)
FN:80,(anonymous_13)
FN:84,(anonymous_14)
FN:88,(anonymous_15)
FN:92,(anonymous_16)
FN:96,(anonymous_17)
FN:100,(anonymous_18)
FN:104,(anonymous_19)
FN:143,(anonymous_20)
FN:154,(anonymous_21)
FNF:22
FNH:0
FNDA:0,(anonymous_0)
FNDA:0,(anonymous_1)
FNDA:0,(anonymous_2)
FNDA:0,(anonymous_3)
FNDA:0,(anonymous_4)
FNDA:0,(anonymous_5)
FNDA:0,(anonymous_6)
FNDA:0,(anonymous_7)
FNDA:0,(anonymous_8)
FNDA:0,(anonymous_9)
FNDA:0,(anonymous_10)
FNDA:0,(anonymous_11)
FNDA:0,(anonymous_12)
FNDA:0,(anonymous_13)
FNDA:0,(anonymous_14)
FNDA:0,(anonymous_15)
FNDA:0,(anonymous_16)
FNDA:0,(anonymous_17)
FNDA:0,(anonymous_18)
FNDA:0,(anonymous_19)
FNDA:0,(anonymous_20)
FNDA:0,(anonymous_21)
DA:1,0
DA:5,0
DA:9,0
DA:28,0
DA:29,0
DA:37,0
DA:41,0
DA:45,0
DA:49,0
DA:53,0
DA:57,0
DA:61,0
DA:65,0
DA:69,0
DA:73,0
DA:77,0
DA:81,0
DA:85,0
DA:89,0
DA:93,0
DA:97,0
DA:101,0
DA:110,0
DA:111,0
DA:112,0
DA:113,0
DA:114,0
DA:115,0
DA:116,0
DA:117,0
DA:120,0
DA:122,0
DA:144,0
DA:145,0
DA:146,0
DA:147,0
DA:148,0
DA:149,0
DA:150,0
DA:155,0
LF:40
LH:0
BRDA:110,0,0,0
BRDA:110,0,1,0
BRDA:115,1,0,0
BRDA:115,1,1,0
BRDA:116,2,0,0
BRDA:116,2,1,0
BRDA:117,3,0,0
BRDA:117,3,1,0
BRDA:120,4,0,0
BRDA:120,4,1,0
BRDA:128,5,0,0
BRDA:128,5,1,0
BRDA:147,6,0,0
BRDA:147,6,1,0
BRDA:148,7,0,0
BRDA:148,7,1,0
BRDA:149,8,0,0
BRDA:149,8,1,0
BRF:18
BRH:0
end_of_record
TN:
SF:src/modules/subscription/domain/entities/plan-feature.entity.ts
FN:7,(anonymous_0)
FN:11,(anonymous_1)
FN:29,(anonymous_2)
FN:33,(anonymous_3)
FN:37,(anonymous_4)
FN:41,(anonymous_5)
FN:45,(anonymous_6)
FN:49,(anonymous_7)
FN:53,(anonymous_8)
FN:57,(anonymous_9)
FN:61,(anonymous_10)
FN:65,(anonymous_11)
FNF:12
FNH:0
FNDA:0,(anonymous_0)
FNDA:0,(anonymous_1)
FNDA:0,(anonymous_2)
FNDA:0,(anonymous_3)
FNDA:0,(anonymous_4)
FNDA:0,(anonymous_5)
FNDA:0,(anonymous_6)
FNDA:0,(anonymous_7)
FNDA:0,(anonymous_8)
FNDA:0,(anonymous_9)
FNDA:0,(anonymous_10)
FNDA:0,(anonymous_11)
DA:1,0
DA:4,0
DA:8,0
DA:22,0
DA:30,0
DA:34,0
DA:38,0
DA:42,0
DA:46,0
DA:50,0
DA:54,0
DA:58,0
DA:62,0
DA:66,0
LF:14
LH:0
BRF:0
BRH:0
end_of_record
TN:
SF:src/modules/subscription/domain/entities/pricing-tier.entity.ts
FN:7,(anonymous_0)
FN:11,(anonymous_1)
FN:29,(anonymous_2)
FN:33,(anonymous_3)
FN:37,(anonymous_4)
FN:41,(anonymous_5)
FN:45,(anonymous_6)
FN:49,(anonymous_7)
FN:53,(anonymous_8)
FN:57,(anonymous_9)
FN:61,(anonymous_10)
FN:65,(anonymous_11)
FNF:12
FNH:5
FNDA:4,(anonymous_0)
FNDA:4,(anonymous_1)
FNDA:0,(anonymous_2)
FNDA:0,(anonymous_3)
FNDA:0,(anonymous_4)
FNDA:0,(anonymous_5)
FNDA:8,(anonymous_6)
FNDA:8,(anonymous_7)
FNDA:5,(anonymous_8)
FNDA:0,(anonymous_9)
FNDA:0,(anonymous_10)
FNDA:0,(anonymous_11)
DA:1,3
DA:4,3
DA:8,4
DA:22,4
DA:30,0
DA:34,0
DA:38,0
DA:42,0
DA:46,8
DA:50,8
DA:54,5
DA:58,0
DA:62,0
DA:66,0
LF:14
LH:7
BRF:0
BRH:0
end_of_record
TN:
SF:src/modules/subscription/domain/entities/subscription-plan.entity.ts
FN:7,(anonymous_0)
FN:11,(anonymous_1)
FN:35,(anonymous_2)
FN:39,(anonymous_3)
FN:43,(anonymous_4)
FN:47,(anonymous_5)
FN:51,(anonymous_6)
FN:55,(anonymous_7)
FN:59,(anonymous_8)
FN:63,(anonymous_9)
FN:67,(anonymous_10)
FN:71,(anonymous_11)
FN:75,(anonymous_12)
FN:79,(anonymous_13)
FN:83,(anonymous_14)
FN:87,(anonymous_15)
FN:91,(anonymous_16)
FNF:17
FNH:7
FNDA:7,(anonymous_0)
FNDA:0,(anonymous_1)
FNDA:7,(anonymous_2)
FNDA:6,(anonymous_3)
FNDA:4,(anonymous_4)
FNDA:0,(anonymous_5)
FNDA:0,(anonymous_6)
FNDA:0,(anonymous_7)
FNDA:0,(anonymous_8)
FNDA:3,(anonymous_9)
FNDA:0,(anonymous_10)
FNDA:4,(anonymous_11)
FNDA:0,(anonymous_12)
FNDA:0,(anonymous_13)
FNDA:0,(anonymous_14)
FNDA:0,(anonymous_15)
FNDA:2,(anonymous_16)
DA:1,4
DA:4,4
DA:8,7
DA:25,0
DA:26,0
DA:36,7
DA:40,6
DA:44,4
DA:48,0
DA:52,0
DA:56,0
DA:60,0
DA:64,3
DA:68,0
DA:72,4
DA:76,0
DA:80,0
DA:84,0
DA:88,0
DA:92,2
LF:20
LH:9
BRF:0
BRH:0
end_of_record
TN:
SF:src/modules/subscription/domain/entities/subscription.entity.ts
FN:24,(anonymous_0)
FN:28,(anonymous_1)
FN:96,(anonymous_2)
FN:139,(anonymous_3)
FN:143,(anonymous_4)
FN:147,(anonymous_5)
FN:151,(anonymous_6)
FN:155,(anonymous_7)
FN:159,(anonymous_8)
FN:163,(anonymous_9)
FN:167,(anonymous_10)
FN:171,(anonymous_11)
FN:175,(anonymous_12)
FN:179,(anonymous_13)
FN:183,(anonymous_14)
FN:187,(anonymous_15)
FN:191,(anonymous_16)
FN:195,(anonymous_17)
FN:199,(anonymous_18)
FN:203,(anonymous_19)
FN:207,(anonymous_20)
FN:211,(anonymous_21)
FN:215,(anonymous_22)
FN:219,(anonymous_23)
FN:227,(anonymous_24)
FN:231,(anonymous_25)
FN:235,(anonymous_26)
FN:239,(anonymous_27)
FN:243,(anonymous_28)
FN:268,(anonymous_29)
FN:278,(anonymous_30)
FN:314,(anonymous_31)
FN:329,(anonymous_32)
FN:342,(anonymous_33)
FN:354,(anonymous_34)
FN:364,(anonymous_35)
FN:390,(anonymous_36)
FN:407,(anonymous_37)
FN:455,(anonymous_38)
FN:464,(anonymous_39)
FNF:40
FNH:21
FNDA:10,(anonymous_0)
FNDA:10,(anonymous_1)
FNDA:0,(anonymous_2)
FNDA:1,(anonymous_3)
FNDA:5,(anonymous_4)
FNDA:0,(anonymous_5)
FNDA:3,(anonymous_6)
FNDA:3,(anonymous_7)
FNDA:2,(anonymous_8)
FNDA:6,(anonymous_9)
FNDA:4,(anonymous_10)
FNDA:4,(anonymous_11)
FNDA:1,(anonymous_12)
FNDA:1,(anonymous_13)
FNDA:1,(anonymous_14)
FNDA:2,(anonymous_15)
FNDA:0,(anonymous_16)
FNDA:1,(anonymous_17)
FNDA:0,(anonymous_18)
FNDA:0,(anonymous_19)
FNDA:0,(anonymous_20)
FNDA:10,(anonymous_21)
FNDA:1,(anonymous_22)
FNDA:0,(anonymous_23)
FNDA:0,(anonymous_24)
FNDA:0,(anonymous_25)
FNDA:1,(anonymous_26)
FNDA:0,(anonymous_27)
FNDA:3,(anonymous_28)
FNDA:0,(anonymous_29)
FNDA:0,(anonymous_30)
FNDA:0,(anonymous_31)
FNDA:0,(anonymous_32)
FNDA:0,(anonymous_33)
FNDA:1,(anonymous_34)
FNDA:0,(anonymous_35)
FNDA:0,(anonymous_36)
FNDA:0,(anonymous_37)
FNDA:0,(anonymous_38)
FNDA:1,(anonymous_39)
DA:1,3
DA:21,3
DA:25,10
DA:36,10
DA:44,10
DA:46,10
DA:47,1
DA:51,9
DA:52,9
DA:53,9
DA:54,9
DA:56,9
DA:57,2
DA:58,2
DA:59,2
DA:60,2
DA:61,2
DA:63,7
DA:64,7
DA:66,7
DA:67,7
DA:68,7
DA:70,0
DA:72,7
DA:75,9
DA:104,0
DA:112,0
DA:114,0
DA:115,0
DA:118,0
DA:140,1
DA:144,5
DA:148,0
DA:152,3
DA:156,3
DA:160,2
DA:164,6
DA:168,4
DA:172,4
DA:176,1
DA:180,1
DA:184,1
DA:188,2
DA:192,0
DA:196,1
DA:200,0
DA:204,0
DA:208,0
DA:212,10
DA:216,1
DA:220,0
DA:221,0
DA:223,0
DA:224,0
DA:228,0
DA:232,0
DA:236,1
DA:240,0
DA:244,3
DA:245,0
DA:248,3
DA:249,0
DA:252,3
DA:253,0
DA:256,3
DA:258,1
DA:259,1
DA:262,2
DA:265,3
DA:269,0
DA:270,0
DA:273,0
DA:274,0
DA:275,0
DA:279,0
DA:280,0
DA:283,0
DA:284,0
DA:289,0
DA:290,0
DA:291,0
DA:293,0
DA:294,0
DA:295,0
DA:298,0
DA:299,0
DA:300,0
DA:301,0
DA:303,0
DA:305,0
DA:308,0
DA:309,0
DA:310,0
DA:315,0
DA:316,0
DA:319,0
DA:320,0
DA:325,0
DA:326,0
DA:330,0
DA:331,0
DA:334,0
DA:335,0
DA:338,0
DA:339,0
DA:343,0
DA:344,0
DA:347,0
DA:348,0
DA:351,0
DA:355,1
DA:356,0
DA:359,1
DA:360,1
DA:361,1
DA:365,0
DA:366,0
DA:369,0
DA:370,0
DA:372,0
DA:373,0
DA:374,0
DA:376,0
DA:379,0
DA:382,0
DA:383,0
DA:384,0
DA:387,0
DA:391,0
DA:392,0
DA:395,0
DA:396,0
DA:399,0
DA:400,0
DA:403,0
DA:404,0
DA:414,0
DA:423,0
DA:424,0
DA:425,0
DA:427,0
DA:428,0
DA:430,0
DA:431,0
DA:432,0
DA:434,0
DA:437,0
DA:438,0
DA:439,0
DA:440,0
DA:443,0
DA:444,0
DA:445,0
DA:446,0
DA:447,0
DA:452,0
DA:456,0
DA:457,0
DA:460,0
DA:461,0
DA:465,1
LF:161
LH:53
BRDA:46,0,0,1
BRDA:46,0,1,9
BRDA:46,1,0,10
BRDA:46,1,1,10
BRDA:56,2,0,2
BRDA:56,2,1,7
BRDA:56,3,0,9
BRDA:56,3,1,2
BRDA:67,4,0,7
BRDA:67,4,1,0
BRDA:111,5,0,0
BRDA:114,6,0,0
BRDA:114,6,1,0
BRDA:114,7,0,0
BRDA:114,7,1,0
BRDA:212,8,0,10
BRDA:212,8,1,3
BRDA:220,9,0,0
BRDA:220,9,1,0
BRDA:228,10,0,0
BRDA:228,10,1,0
BRDA:232,11,0,0
BRDA:232,11,1,0
BRDA:236,12,0,1
BRDA:236,12,1,1
BRDA:243,13,0,0
BRDA:244,14,0,0
BRDA:244,14,1,3
BRDA:244,15,0,3
BRDA:244,15,1,3
BRDA:248,16,0,0
BRDA:248,16,1,3
BRDA:252,17,0,0
BRDA:252,17,1,3
BRDA:252,18,0,3
BRDA:252,18,1,0
BRDA:256,19,0,1
BRDA:256,19,1,2
BRDA:269,20,0,0
BRDA:269,20,1,0
BRDA:269,21,0,0
BRDA:269,21,1,0
BRDA:279,22,0,0
BRDA:279,22,1,0
BRDA:283,23,0,0
BRDA:283,23,1,0
BRDA:283,24,0,0
BRDA:283,24,1,0
BRDA:294,25,0,0
BRDA:294,25,1,0
BRDA:298,26,0,0
BRDA:298,26,1,0
BRDA:300,27,0,0
BRDA:300,27,1,0
BRDA:308,28,0,0
BRDA:308,28,1,0
BRDA:308,29,0,0
BRDA:308,29,1,0
BRDA:315,30,0,0
BRDA:315,30,1,0
BRDA:319,31,0,0
BRDA:319,31,1,0
BRDA:330,32,0,0
BRDA:330,32,1,0
BRDA:334,33,0,0
BRDA:334,33,1,0
BRDA:343,34,0,0
BRDA:343,34,1,0
BRDA:347,35,0,0
BRDA:347,35,1,0
BRDA:355,36,0,0
BRDA:355,36,1,1
BRDA:365,37,0,0
BRDA:365,37,1,0
BRDA:373,38,0,0
BRDA:373,38,1,0
BRDA:382,39,0,0
BRDA:382,39,1,0
BRDA:391,40,0,0
BRDA:391,40,1,0
BRDA:395,41,0,0
BRDA:395,41,1,0
BRDA:399,42,0,0
BRDA:399,42,1,0
BRDA:424,43,0,0
BRDA:424,43,1,0
BRDA:430,44,0,0
BRDA:430,44,1,0
BRDA:431,45,0,0
BRDA:431,45,1,0
BRDA:431,46,0,0
BRDA:431,46,1,0
BRDA:437,47,0,0
BRDA:437,47,1,0
BRDA:439,48,0,0
BRDA:439,48,1,0
BRDA:439,49,0,0
BRDA:439,49,1,0
BRDA:444,50,0,0
BRDA:444,50,1,0
BRDA:444,51,0,0
BRDA:444,51,1,0
BRDA:446,52,0,0
BRDA:446,52,1,0
BRDA:456,53,0,0
BRDA:456,53,1,0
BRF:106
BRH:22
end_of_record
TN:
SF:src/modules/subscription/domain/events/subscription-activated.event.ts
FN:11,(anonymous_0)
FNF:1
FNH:0
FNDA:0,(anonymous_0)
DA:6,0
DA:7,0
DA:12,0
DA:13,0
LF:4
LH:0
BRF:0
BRH:0
end_of_record
TN:
SF:src/modules/subscription/domain/events/subscription-upgraded.event.ts
FN:11,(anonymous_0)
FNF:1
FNH:0
FNDA:0,(anonymous_0)
DA:6,1
DA:7,0
DA:12,0
DA:13,0
LF:4
LH:1
BRF:0
BRH:0
end_of_record
TN:
SF:src/modules/subscription/domain/events/trial-ending-soon.event.ts
FN:8,(anonymous_0)
FNF:1
FNH:0
FNDA:0,(anonymous_0)
DA:3,0
DA:4,0
DA:9,0
DA:10,0
LF:4
LH:0
BRF:0
BRH:0
end_of_record
TN:
SF:src/modules/subscription/domain/services/payment.service.ts
FNF:0
FNH:0
DA:21,0
LF:1
LH:0
BRF:0
BRH:0
end_of_record
TN:
SF:src/modules/subscription/domain/services/subscription-feature.service.ts
FN:5,(anonymous_0)
FN:10,(anonymous_1)
FN:39,(anonymous_2)
FN:68,(anonymous_3)
FN:100,(anonymous_4)
FNF:5
FNH:0
FNDA:0,(anonymous_0)
FNDA:0,(anonymous_1)
FNDA:0,(anonymous_2)
FNDA:0,(anonymous_3)
FNDA:0,(anonymous_4)
DA:4,0
DA:6,0
DA:7,0
DA:12,0
DA:16,0
DA:17,0
DA:20,0
DA:21,0
DA:24,0
DA:28,0
DA:29,0
DA:32,0
DA:33,0
DA:36,0
DA:41,0
DA:45,0
DA:46,0
DA:49,0
DA:50,0
DA:53,0
DA:57,0
DA:58,0
DA:61,0
DA:62,0
DA:65,0
DA:70,0
DA:74,0
DA:75,0
DA:78,0
DA:79,0
DA:82,0
DA:86,0
DA:87,0
DA:90,0
DA:91,0
DA:92,0
DA:94,0
DA:97,0
DA:102,0
DA:106,0
DA:107,0
DA:110,0
DA:111,0
DA:114,0
DA:118,0
DA:119,0
DA:122,0
LF:47
LH:0
BRDA:16,0,0,0
BRDA:16,0,1,0
BRDA:20,1,0,0
BRDA:20,1,1,0
BRDA:28,2,0,0
BRDA:28,2,1,0
BRDA:32,3,0,0
BRDA:32,3,1,0
BRDA:45,4,0,0
BRDA:45,4,1,0
BRDA:49,5,0,0
BRDA:49,5,1,0
BRDA:57,6,0,0
BRDA:57,6,1,0
BRDA:61,7,0,0
BRDA:61,7,1,0
BRDA:74,8,0,0
BRDA:74,8,1,0
BRDA:78,9,0,0
BRDA:78,9,1,0
BRDA:86,10,0,0
BRDA:86,10,1,0
BRDA:90,11,0,0
BRDA:90,11,1,0
BRDA:91,12,0,0
BRDA:91,12,1,0
BRDA:106,13,0,0
BRDA:106,13,1,0
BRDA:110,14,0,0
BRDA:110,14,1,0
BRDA:118,15,0,0
BRDA:118,15,1,0
BRF:32
BRH:0
end_of_record
TN:
SF:src/modules/subscription/infrastructure/scheduled/trial-ending-checker.service.ts
FN:15,(anonymous_2)
FN:25,(anonymous_3)
FN:50,(anonymous_4)
FNF:3
FNH:0
FNDA:0,(anonymous_2)
FNDA:0,(anonymous_3)
FNDA:0,(anonymous_4)
DA:1,0
DA:2,0
DA:9,0
DA:10,0
DA:11,0
DA:14,0
DA:16,0
DA:17,0
DA:18,0
DA:19,0
DA:20,0
DA:21,0
DA:25,0
DA:26,0
DA:28,0
DA:30,0
DA:32,0
DA:33,0
DA:34,0
DA:39,0
DA:40,0
DA:45,0
DA:49,0
DA:51,0
DA:55,0
DA:56,0
DA:59,0
DA:62,0
DA:63,0
DA:64,0
DA:65,0
DA:66,0
DA:70,0
DA:71,0
DA:74,0
DA:78,0
DA:81,0
DA:90,0
DA:94,0
DA:103,0
DA:107,0
LF:41
LH:0
BRDA:39,0,0,0
BRDA:39,0,1,0
BRDA:39,1,0,0
BRDA:39,1,1,0
BRDA:51,2,0,0
BRDA:51,2,1,0
BRDA:55,3,0,0
BRDA:55,3,1,0
BRDA:65,4,0,0
BRDA:65,4,1,0
BRDA:65,5,0,0
BRDA:65,5,1,0
BRDA:70,6,0,0
BRDA:70,6,1,0
BRDA:78,7,0,0
BRDA:78,7,1,0
BRDA:96,8,0,0
BRDA:96,8,1,0
BRDA:98,9,0,0
BRDA:98,9,1,0
BRDA:98,10,0,0
BRDA:98,10,1,0
BRDA:109,11,0,0
BRDA:109,11,1,0
BRDA:111,12,0,0
BRDA:111,12,1,0
BRDA:111,13,0,0
BRDA:111,13,1,0
BRDA:25,14,0,0
BRDA:25,14,1,0
BRDA:25,15,0,0
BRDA:25,15,1,0
BRF:32
BRH:0
end_of_record
TN:
SF:src/modules/subscription/infrastructure/services/stripe-payment.service.ts
FN:7,(anonymous_2)
FN:9,(anonymous_3)
FN:21,(anonymous_4)
FNF:3
FNH:0
FNDA:0,(anonymous_2)
FNDA:0,(anonymous_3)
FNDA:0,(anonymous_4)
DA:1,0
DA:6,0
DA:7,0
DA:14,0
DA:32,0
LF:5
LH:0
BRF:0
BRH:0
end_of_record
TN:
SF:src/modules/user/application/facades/user.facade.ts
FN:16,(anonymous_0)
FN:23,(anonymous_1)
FN:31,(anonymous_2)
FN:39,(anonymous_3)
FN:47,(anonymous_4)
FNF:5
FNH:0
FNDA:0,(anonymous_0)
FNDA:0,(anonymous_1)
FNDA:0,(anonymous_2)
FNDA:0,(anonymous_3)
FNDA:0,(anonymous_4)
DA:15,0
DA:17,0
DA:18,0
DA:19,0
DA:20,0
DA:24,0
DA:25,0
DA:27,0
DA:32,0
DA:33,0
DA:35,0
DA:40,0
DA:41,0
DA:43,0
DA:48,0
DA:49,0
DA:51,0
LF:17
LH:0
BRF:0
BRH:0
end_of_record
TN:
SF:src/modules/user/application/use-cases/DeleteAccount.use-case.ts
FN:19,(anonymous_0)
FN:31,(anonymous_1)
FN:54,(anonymous_2)
FN:69,(anonymous_3)
FN:88,(anonymous_4)
FN:111,(anonymous_5)
FNF:6
FNH:0
FNDA:0,(anonymous_0)
FNDA:0,(anonymous_1)
FNDA:0,(anonymous_2)
FNDA:0,(anonymous_3)
FNDA:0,(anonymous_4)
FNDA:0,(anonymous_5)
DA:1,0
DA:18,0
DA:20,0
DA:21,0
DA:22,0
DA:23,0
DA:24,0
DA:25,0
DA:26,0
DA:28,0
DA:32,0
DA:33,0
DA:34,0
DA:35,0
DA:38,0
DA:39,0
DA:40,0
DA:41,0
DA:42,0
DA:43,0
DA:47,0
DA:48,0
DA:54,0
DA:55,0
DA:56,0
DA:58,0
DA:59,0
DA:60,0
DA:63,0
DA:64,0
DA:65,0
DA:68,0
DA:69,0
DA:71,0
DA:72,0
DA:75,0
DA:76,0
DA:77,0
DA:79,0
DA:82,0
DA:84,0
DA:88,0
DA:89,0
DA:90,0
DA:92,0
DA:95,0
DA:96,0
DA:97,0
DA:98,0
DA:100,0
DA:104,0
DA:107,0
LF:52
LH:0
BRDA:34,0,0,0
BRDA:34,0,1,0
BRDA:41,1,0,0
BRDA:41,1,1,0
BRDA:47,2,0,0
BRDA:47,2,1,0
BRDA:59,3,0,0
BRDA:59,3,1,0
BRDA:64,4,0,0
BRDA:64,4,1,0
BRDA:71,5,0,0
BRDA:71,5,1,0
BRDA:71,6,0,0
BRDA:71,6,1,0
BRDA:75,7,0,0
BRDA:75,7,1,0
BRDA:89,8,0,0
BRDA:89,8,1,0
BRDA:96,9,0,0
BRDA:96,9,1,0
BRF:20
BRH:0
end_of_record
TN:
SF:src/modules/user/application/use-cases/GetProfile.use-case.ts
FN:13,(anonymous_0)
FN:20,(anonymous_1)
FN:33,(anonymous_2)
FNF:3
FNH:0
FNDA:0,(anonymous_0)
FNDA:0,(anonymous_1)
FNDA:0,(anonymous_2)
DA:1,0
DA:12,0
DA:14,0
DA:15,0
DA:17,0
DA:21,0
DA:22,0
DA:23,0
DA:24,0
DA:27,0
DA:29,0
LF:11
LH:0
BRDA:23,0,0,0
BRDA:23,0,1,0
BRF:2
BRH:0
end_of_record
TN:
SF:src/modules/user/application/use-cases/UpdateAvatar.use-case.ts
FN:13,(anonymous_0)
FN:20,(anonymous_1)
FN:36,(anonymous_2)
FNF:3
FNH:0
FNDA:0,(anonymous_0)
FNDA:0,(anonymous_1)
FNDA:0,(anonymous_2)
DA:1,0
DA:12,0
DA:14,0
DA:15,0
DA:17,0
DA:21,0
DA:22,0
DA:23,0
DA:24,0
DA:27,0
DA:28,0
DA:30,0
DA:32,0
LF:13
LH:0
BRDA:23,0,0,0
BRDA:23,0,1,0
BRF:2
BRH:0
end_of_record
TN:
SF:src/modules/user/application/use-cases/UpdateProfile.use-case.ts
FN:20,(anonymous_0)
FN:32,(anonymous_1)
FN:34,(anonymous_2)
FN:139,(anonymous_3)
FNF:4
FNH:0
FNDA:0,(anonymous_0)
FNDA:0,(anonymous_1)
FNDA:0,(anonymous_2)
FNDA:0,(anonymous_3)
DA:1,0
DA:19,0
DA:21,0
DA:22,0
DA:23,0
DA:24,0
DA:25,0
DA:26,0
DA:27,0
DA:29,0
DA:33,0
DA:34,0
DA:35,0
DA:36,0
DA:37,0
DA:43,0
DA:45,0
DA:46,0
DA:49,0
DA:50,0
DA:53,0
DA:54,0
DA:55,0
DA:58,0
DA:59,0
DA:60,0
DA:62,0
DA:66,0
DA:70,0
DA:71,0
DA:72,0
DA:75,0
DA:76,0
DA:79,0
DA:84,0
DA:88,0
DA:89,0
DA:92,0
DA:98,0
DA:104,0
DA:108,0
DA:109,0
DA:115,0
DA:116,0
DA:120,0
DA:121,0
DA:127,0
DA:128,0
DA:132,0
DA:135,0
LF:50
LH:0
BRDA:36,0,0,0
BRDA:36,0,1,0
BRDA:45,1,0,0
BRDA:45,1,1,0
BRDA:49,2,0,0
BRDA:49,2,1,0
BRDA:53,3,0,0
BRDA:53,3,1,0
BRDA:58,4,0,0
BRDA:58,4,1,0
BRDA:58,5,0,0
BRDA:58,5,1,0
BRDA:70,6,0,0
BRDA:70,6,1,0
BRDA:79,7,0,0
BRDA:79,7,1,0
BRDA:80,8,0,0
BRDA:80,8,1,0
BRDA:80,8,2,0
BRDA:88,9,0,0
BRDA:88,9,1,0
BRDA:92,10,0,0
BRDA:92,10,1,0
BRDA:108,11,0,0
BRDA:108,11,1,0
BRDA:115,12,0,0
BRDA:115,12,1,0
BRDA:120,13,0,0
BRDA:120,13,1,0
BRDA:120,14,0,0
BRDA:120,14,1,0
BRF:31
BRH:0
end_of_record
TN:
SF:src/utils/date.utils.ts
FN:2,(anonymous_0)
FNF:1
FNH:1
FNDA:32,(anonymous_0)
DA:1,4
DA:3,32
DA:4,32
DA:5,32
LF:4
LH:4
BRF:0
BRH:0
end_of_record
TN:
SF:src/utils/general.utils.ts
FN:7,(anonymous_9)
FN:21,(anonymous_10)
FN:25,(anonymous_11)
FN:37,(anonymous_12)
FN:40,(anonymous_13)
FN:41,(anonymous_14)
FN:44,(anonymous_15)
FN:48,(anonymous_16)
FNF:8
FNH:7
FNDA:0,(anonymous_9)
FNDA:60,(anonymous_10)
FNDA:21,(anonymous_11)
FNDA:8,(anonymous_12)
FNDA:18,(anonymous_13)
FNDA:18,(anonymous_14)
FNDA:9,(anonymous_15)
FNDA:2,(anonymous_16)
DA:1,10
DA:2,10
DA:3,10
DA:4,10
DA:6,10
DA:7,10
DA:11,0
DA:16,0
DA:17,0
DA:18,0
DA:22,60
DA:26,21
DA:38,8
DA:40,18
DA:41,18
DA:45,9
DA:49,2
DA:50,2
LF:18
LH:14
BRF:0
BRH:0
end_of_record
